[35m[1mScanning dependencies of target _base_local_planner_generate_messages_check_deps_Position2DInt[0m
[35m[1mScanning dependencies of target std_msgs_generate_messages_nodejs[0m
[35m[1mScanning dependencies of target base_local_planner_gencfg[0m
[35m[1mScanning dependencies of target std_msgs_generate_messages_py[0m
[35m[1mScanning dependencies of target std_msgs_generate_messages_lisp[0m
[35m[1mScanning dependencies of target std_msgs_generate_messages_cpp[0m
[  0%] Built target std_msgs_generate_messages_nodejs
[  3%] [34m[1mGenerating dynamic reconfigure files from cfg/BaseLocalPlanner.cfg: /root/catkin_ws/devel/.private/base_local_planner/include/base_local_planner/BaseLocalPlannerConfig.h /root/catkin_ws/devel/.private/base_local_planner/lib/python2.7/dist-packages/base_local_planner/cfg/BaseLocalPlannerConfig.py[0m
[  3%] Built target std_msgs_generate_messages_lisp
[  3%] Built target std_msgs_generate_messages_py
[35m[1mScanning dependencies of target std_msgs_generate_messages_eus[0m
[  3%] Built target std_msgs_generate_messages_cpp
[35m[1mScanning dependencies of target point_grid[0m
[  3%] Built target std_msgs_generate_messages_eus
[  3%] Built target _base_local_planner_generate_messages_check_deps_Position2DInt
[35m[1mScanning dependencies of target base_local_planner_generate_messages_cpp[0m
[35m[1mScanning dependencies of target base_local_planner_generate_messages_lisp[0m
[35m[1mScanning dependencies of target base_local_planner_generate_messages_nodejs[0m
[35m[1mScanning dependencies of target base_local_planner_generate_messages_py[0m
[  6%] [34m[1mGenerating C++ code from base_local_planner/Position2DInt.msg[0m
[  9%] [34m[1mGenerating Lisp code from base_local_planner/Position2DInt.msg[0m
[ 12%] [34m[1mGenerating Python from MSG base_local_planner/Position2DInt[0m
[ 15%] [34m[1mGenerating Javascript code from base_local_planner/Position2DInt.msg[0m
[ 15%] Built target base_local_planner_generate_messages_lisp
[ 15%] Built target base_local_planner_generate_messages_nodejs
[35m[1mScanning dependencies of target base_local_planner_generate_messages_eus[0m
[ 18%] [34m[1mGenerating Python msg __init__.py for base_local_planner[0m
[ 21%] [34m[1mGenerating EusLisp manifest code for base_local_planner[0m
[ 25%] [34m[1mGenerating EusLisp code from base_local_planner/Position2DInt.msg[0m
[ 25%] Built target base_local_planner_generate_messages_py
Generating reconfiguration files for BaseLocalPlanner in base_local_planner
Wrote header file in /root/catkin_ws/devel/.private/base_local_planner/include/base_local_planner/BaseLocalPlannerConfig.h
[ 25%] Built target base_local_planner_gencfg
[ 25%] Built target base_local_planner_generate_messages_cpp
[35m[1mScanning dependencies of target base_local_planner_gencpp[0m
[ 25%] Built target base_local_planner_gencpp
[35m[1mScanning dependencies of target base_local_planner[0m
[ 28%] [32mBuilding CXX object CMakeFiles/point_grid.dir/src/point_grid.cpp.o[0m
[ 28%] Built target base_local_planner_generate_messages_eus
[35m[1mScanning dependencies of target base_local_planner_generate_messages[0m
[ 28%] Built target base_local_planner_generate_messages
[ 31%] [32mBuilding CXX object CMakeFiles/base_local_planner.dir/src/footprint_helper.cpp.o[0m
[ 34%] [32mBuilding CXX object CMakeFiles/base_local_planner.dir/src/map_grid.cpp.o[0m
[ 37%] [32mBuilding CXX object CMakeFiles/base_local_planner.dir/src/map_cell.cpp.o[0m
[ 40%] [32mBuilding CXX object CMakeFiles/base_local_planner.dir/src/goal_functions.cpp.o[0m
[ 43%] [32mBuilding CXX object CMakeFiles/base_local_planner.dir/src/map_grid_visualizer.cpp.o[0m
[ 46%] [32mBuilding CXX object CMakeFiles/base_local_planner.dir/src/map_grid_cost_function.cpp.o[0m
[ 50%] [32mBuilding CXX object CMakeFiles/base_local_planner.dir/src/latched_stop_rotate_controller.cpp.o[0m
[ 53%] [32mBuilding CXX object CMakeFiles/base_local_planner.dir/src/local_planner_util.cpp.o[0m
[ 56%] [32m[1mLinking CXX executable /root/catkin_ws/devel/.private/base_local_planner/lib/base_local_planner/point_grid[0m
[ 59%] [32mBuilding CXX object CMakeFiles/base_local_planner.dir/src/odometry_helper_ros.cpp.o[0m
[ 62%] [32mBuilding CXX object CMakeFiles/base_local_planner.dir/src/obstacle_cost_function.cpp.o[0m
[ 62%] Built target point_grid
[ 65%] [32mBuilding CXX object CMakeFiles/base_local_planner.dir/src/oscillation_cost_function.cpp.o[0m
[ 68%] [32mBuilding CXX object CMakeFiles/base_local_planner.dir/src/prefer_forward_cost_function.cpp.o[0m
[ 71%] [32mBuilding CXX object CMakeFiles/base_local_planner.dir/src/point_grid.cpp.o[0m
[ 75%] [32mBuilding CXX object CMakeFiles/base_local_planner.dir/src/costmap_model.cpp.o[0m
[ 78%] [32mBuilding CXX object CMakeFiles/base_local_planner.dir/src/simple_scored_sampling_planner.cpp.o[0m
[ 81%] [32mBuilding CXX object CMakeFiles/base_local_planner.dir/src/simple_trajectory_generator.cpp.o[0m
[ 84%] [32mBuilding CXX object CMakeFiles/base_local_planner.dir/src/trajectory.cpp.o[0m
[ 87%] [32mBuilding CXX object CMakeFiles/base_local_planner.dir/src/voxel_grid_model.cpp.o[0m
[ 90%] [32m[1mLinking CXX shared library /root/catkin_ws/devel/.private/base_local_planner/lib/libbase_local_planner.so[0m
[ 90%] Built target base_local_planner
[35m[1mScanning dependencies of target trajectory_planner_ros[0m
[ 93%] [32mBuilding CXX object CMakeFiles/trajectory_planner_ros.dir/src/trajectory_planner.cpp.o[0m
[ 96%] [32mBuilding CXX object CMakeFiles/trajectory_planner_ros.dir/src/trajectory_planner_ros.cpp.o[0m
[100%] [32m[1mLinking CXX shared library /root/catkin_ws/devel/.private/base_local_planner/lib/libtrajectory_planner_ros.so[0m
[100%] Built target trajectory_planner_ros
