[01m[K/root/catkin_ws/src/capture_camera_img/src/capture_camera_img.cpp:24:77:[m[K [01;31m[Kerror: [m[K'[01m[KPoseStamped[m[K' in namespace '[01m[Kgeometry_msgs[m[K' does not name a type
 void syncMsgsCB(const sensor_msgs::ImageConstPtr& rgb, const geometry_msgs::PoseStamped::ConstPtr& cnt)
[01;32m[K                                                                             ^[m[K
[01m[K/root/catkin_ws/src/capture_camera_img/src/capture_camera_img.cpp:24:98:[m[K [01;31m[Kerror: [m[Kexpected unqualified-id before '[01m[K&[m[K' token
 void syncMsgsCB(const sensor_msgs::ImageConstPtr& rgb, const geometry_msgs::PoseStamped::ConstPtr& cnt)
[01;32m[K                                                                                                  ^[m[K
[01m[K/root/catkin_ws/src/capture_camera_img/src/capture_camera_img.cpp:24:98:[m[K [01;31m[Kerror: [m[Kexpected '[01m[K)[m[K' before '[01m[K&[m[K' token
[01m[K/root/catkin_ws/src/capture_camera_img/src/capture_camera_img.cpp:24:100:[m[K [01;31m[Kerror: [m[Kexpected initializer before '[01m[Kcnt[m[K'
 void syncMsgsCB(const sensor_msgs::ImageConstPtr& rgb, const geometry_msgs::PoseStamped::ConstPtr& cnt)
[01;32m[K                                                                                                    ^[m[K
[01m[K/root/catkin_ws/src/capture_camera_img/src/capture_camera_img.cpp:30:77:[m[K [01;31m[Kerror: [m[K'[01m[KPoseStamped[m[K' is not a member of '[01m[Kgeometry_msgs[m[K'
 typedef message_filters::sync_policies::ApproximateTime<sensor_msgs::Image, geometry_msgs::PoseStamped> SyncPolicy;
[01;32m[K                                                                             ^[m[K
[01m[K/root/catkin_ws/src/capture_camera_img/src/capture_camera_img.cpp:30:77:[m[K [01;31m[Kerror: [m[K'[01m[KPoseStamped[m[K' is not a member of '[01m[Kgeometry_msgs[m[K'
[01m[K/root/catkin_ws/src/capture_camera_img/src/capture_camera_img.cpp:30:103:[m[K [01;31m[Kerror: [m[Ktemplate argument 2 is invalid
 typedef message_filters::sync_policies::ApproximateTime<sensor_msgs::Image, geometry_msgs::PoseStamped> SyncPolicy;
[01;32m[K                                                                                                       ^[m[K
[01m[K/root/catkin_ws/src/capture_camera_img/src/capture_camera_img.cpp:[m[K In function '[01m[Kint main(int, char**)[m[K':
[01m[K/root/catkin_ws/src/capture_camera_img/src/capture_camera_img.cpp:36:33:[m[K [01;31m[Kerror: [m[K'[01m[KPoseStamped[m[K' is not a member of '[01m[Kgeometry_msgs[m[K'
     message_filters::Subscriber<geometry_msgs::PoseStamped> capture_cnt_sub(nh,"/image_capture_cnt", 1);
[01;32m[K                                 ^[m[K
[01m[K/root/catkin_ws/src/capture_camera_img/src/capture_camera_img.cpp:36:33:[m[K [01;31m[Kerror: [m[K'[01m[KPoseStamped[m[K' is not a member of '[01m[Kgeometry_msgs[m[K'
[01m[K/root/catkin_ws/src/capture_camera_img/src/capture_camera_img.cpp:36:59:[m[K [01;31m[Kerror: [m[Ktemplate argument 1 is invalid
     message_filters::Subscriber<geometry_msgs::PoseStamped> capture_cnt_sub(nh,"/image_capture_cnt", 1);
[01;32m[K                                                           ^[m[K
[01m[K/root/catkin_ws/src/capture_camera_img/src/capture_camera_img.cpp:36:103:[m[K [01;31m[Kerror: [m[Kexpression list treated as compound expression in initializer [-fpermissive]
     message_filters::Subscriber<geometry_msgs::PoseStamped> capture_cnt_sub(nh,"/image_capture_cnt", 1);
[01;32m[K                                                                                                       ^[m[K
In file included from [01m[K/root/catkin_ws/src/capture_camera_img/src/capture_camera_img.cpp:18:0[m[K:
/opt/ros/kinetic/include/message_filters/synchronizer.h: In instantiation of '[01m[Kclass message_filters::Synchronizer<int>[m[K':
[01m[K/root/catkin_ws/src/capture_camera_img/src/capture_camera_img.cpp:37:62:[m[K   required from here
[01m[K/opt/ros/kinetic/include/message_filters/synchronizer.h:68:7:[m[K [01;31m[Kerror: [m[Kbase type '[01m[Kint[m[K' fails to be a struct or class type
 class Synchronizer : public boost::noncopyable, public Policy
[01;32m[K       ^[m[K
[01m[K/opt/ros/kinetic/include/message_filters/synchronizer.h:71:37:[m[K [01;31m[Kerror: [m[K'[01m[Kint[m[K' is not a class, struct, or union type
   typedef typename Policy::Messages Messages;
[01;32m[K                                     ^[m[K
[01m[K/opt/ros/kinetic/include/message_filters/synchronizer.h:72:35:[m[K [01;31m[Kerror: [m[K'[01m[Kint[m[K' is not a class, struct, or union type
   typedef typename Policy::Events Events;
[01;32m[K                                   ^[m[K
[01m[K/opt/ros/kinetic/include/message_filters/synchronizer.h:73:35:[m[K [01;31m[Kerror: [m[K'[01m[Kint[m[K' is not a class, struct, or union type
   typedef typename Policy::Signal Signal;
[01;32m[K                                   ^[m[K
[01m[K/opt/ros/kinetic/include/message_filters/synchronizer.h:74:49:[m[K [01;31m[Kerror: [m[K'[01m[Kint[m[K' is not a class, struct, or union type
   typedef typename mpl::at_c<Messages, 0>::type M0;
[01;32m[K                                                 ^[m[K
[01m[K/opt/ros/kinetic/include/message_filters/synchronizer.h:75:49:[m[K [01;31m[Kerror: [m[K'[01m[Kint[m[K' is not a class, struct, or union type
   typedef typename mpl::at_c<Messages, 1>::type M1;
[01;32m[K                                                 ^[m[K
[01m[K/opt/ros/kinetic/include/message_filters/synchronizer.h:76:49:[m[K [01;31m[Kerror: [m[K'[01m[Kint[m[K' is not a class, struct, or union type
   typedef typename mpl::at_c<Messages, 2>::type M2;
[01;32m[K                                                 ^[m[K
[01m[K/opt/ros/kinetic/include/message_filters/synchronizer.h:77:49:[m[K [01;31m[Kerror: [m[K'[01m[Kint[m[K' is not a class, struct, or union type
   typedef typename mpl::at_c<Messages, 3>::type M3;
[01;32m[K                                                 ^[m[K
[01m[K/opt/ros/kinetic/include/message_filters/synchronizer.h:78:49:[m[K [01;31m[Kerror: [m[K'[01m[Kint[m[K' is not a class, struct, or union type
   typedef typename mpl::at_c<Messages, 4>::type M4;
[01;32m[K                                                 ^[m[K
[01m[K/opt/ros/kinetic/include/message_filters/synchronizer.h:79:49:[m[K [01;31m[Kerror: [m[K'[01m[Kint[m[K' is not a class, struct, or union type
   typedef typename mpl::at_c<Messages, 5>::type M5;
[01;32m[K                                                 ^[m[K
[01m[K/opt/ros/kinetic/include/message_filters/synchronizer.h:80:49:[m[K [01;31m[Kerror: [m[K'[01m[Kint[m[K' is not a class, struct, or union type
   typedef typename mpl::at_c<Messages, 6>::type M6;
[01;32m[K                                                 ^[m[K
[01m[K/opt/ros/kinetic/include/message_filters/synchronizer.h:81:49:[m[K [01;31m[Kerror: [m[K'[01m[Kint[m[K' is not a class, struct, or union type
   typedef typename mpl::at_c<Messages, 7>::type M7;
[01;32m[K                                                 ^[m[K
[01m[K/opt/ros/kinetic/include/message_filters/synchronizer.h:82:49:[m[K [01;31m[Kerror: [m[K'[01m[Kint[m[K' is not a class, struct, or union type
   typedef typename mpl::at_c<Messages, 8>::type M8;
[01;32m[K                                                 ^[m[K
[01m[K/opt/ros/kinetic/include/message_filters/synchronizer.h:83:47:[m[K [01;31m[Kerror: [m[K'[01m[Kint[m[K' is not a class, struct, or union type
   typedef typename mpl::at_c<Events, 0>::type M0Event;
[01;32m[K                                               ^[m[K
[01m[K/opt/ros/kinetic/include/message_filters/synchronizer.h:84:47:[m[K [01;31m[Kerror: [m[K'[01m[Kint[m[K' is not a class, struct, or union type
   typedef typename mpl::at_c<Events, 1>::type M1Event;
[01;32m[K                                               ^[m[K
[01m[K/opt/ros/kinetic/include/message_filters/synchronizer.h:85:47:[m[K [01;31m[Kerror: [m[K'[01m[Kint[m[K' is not a class, struct, or union type
   typedef typename mpl::at_c<Events, 2>::type M2Event;
[01;32m[K                                               ^[m[K
[01m[K/opt/ros/kinetic/include/message_filters/synchronizer.h:86:47:[m[K [01;31m[Kerror: [m[K'[01m[Kint[m[K' is not a class, struct, or union type
   typedef typename mpl::at_c<Events, 3>::type M3Event;
[01;32m[K                                               ^[m[K
[01m[K/opt/ros/kinetic/include/message_filters/synchronizer.h:87:47:[m[K [01;31m[Kerror: [m[K'[01m[Kint[m[K' is not a class, struct, or union type
   typedef typename mpl::at_c<Events, 4>::type M4Event;
[01;32m[K                                               ^[m[K
[01m[K/opt/ros/kinetic/include/message_filters/synchronizer.h:88:47:[m[K [01;31m[Kerror: [m[K'[01m[Kint[m[K' is not a class, struct, or union type
   typedef typename mpl::at_c<Events, 5>::type M5Event;
[01;32m[K                                               ^[m[K
[01m[K/opt/ros/kinetic/include/message_filters/synchronizer.h:89:47:[m[K [01;31m[Kerror: [m[K'[01m[Kint[m[K' is not a class, struct, or union type
   typedef typename mpl::at_c<Events, 6>::type M6Event;
[01;32m[K                                               ^[m[K
[01m[K/opt/ros/kinetic/include/message_filters/synchronizer.h:90:47:[m[K [01;31m[Kerror: [m[K'[01m[Kint[m[K' is not a class, struct, or union type
   typedef typename mpl::at_c<Events, 7>::type M7Event;
[01;32m[K                                               ^[m[K
[01m[K/opt/ros/kinetic/include/message_filters/synchronizer.h:91:47:[m[K [01;31m[Kerror: [m[K'[01m[Kint[m[K' is not a class, struct, or union type
   typedef typename mpl::at_c<Events, 8>::type M8Event;
[01;32m[K                                               ^[m[K
In file included from [01m[K/root/catkin_ws/src/capture_camera_img/src/capture_camera_img.cpp:18:0[m[K:
[01m[K/opt/ros/kinetic/include/message_filters/synchronizer.h:337:17:[m[K [01;31m[Kerror: [m[Ktype '[01m[Kint[m[K' is not a base type for type '[01m[Kmessage_filters::Synchronizer<int>[m[K'
   using Policy::add;
[01;32m[K                 ^[m[K
[01m[K/opt/ros/kinetic/include/message_filters/synchronizer.h:340:8:[m[K [01;31m[Kerror: [m[K'[01m[Kint[m[K' is not a class, struct, or union type
   void add(const boost::shared_ptr<typename mpl::at_c<Messages, i>::type const>& msg)
[01;32m[K        ^[m[K
[01m[K/opt/ros/kinetic/include/message_filters/synchronizer.h:356:8:[m[K [01;31m[Kerror: [m[K'[01m[Kint[m[K' is not a class, struct, or union type
   void cb(const typename mpl::at_c<Events, i>::type& evt)
[01;32m[K        ^[m[K
[01m[K/root/catkin_ws/src/capture_camera_img/src/capture_camera_img.cpp:38:40:[m[K [01;31m[Kerror: [m[K'[01m[KsyncMsgsCB[m[K' was not declared in this scope
     sync.registerCallback(boost::bind(&syncMsgsCB, _1, _2));
[01;32m[K                                        ^[m[K
In file included from [01m[K/root/catkin_ws/src/capture_camera_img/src/capture_camera_img.cpp:18:0[m[K:
/opt/ros/kinetic/include/message_filters/synchronizer.h: In instantiation of '[01m[Kmessage_filters::Synchronizer<Policy>::Synchronizer(const Policy&, F0&, F1&) [with F0 = message_filters::Subscriber<sensor_msgs::Image_<std::allocator<void> > >; F1 = int; Policy = int][m[K':
[01m[K/root/catkin_ws/src/capture_camera_img/src/capture_camera_img.cpp:37:96:[m[K   required from here
[01m[K/opt/ros/kinetic/include/message_filters/synchronizer.h:158:18:[m[K [01;31m[Kerror: [m[Ktype '[01m[Kint[m[K' is not a direct base of '[01m[Kmessage_filters::Synchronizer<int>[m[K'
   : Policy(policy)
[01;32m[K                  ^[m[K
In file included from [01m[K/usr/include/boost/lexical_cast/detail/converter_lexical.hpp:53:0[m[K,
                 from [01m[K/usr/include/boost/lexical_cast/try_lexical_convert.hpp:34[m[K,
                 from [01m[K/usr/include/boost/lexical_cast.hpp:32[m[K,
                 from [01m[K/opt/ros/kinetic/include/ros/transport_hints.h:34[m[K,
                 from [01m[K/opt/ros/kinetic/include/ros/subscribe_options.h:33[m[K,
                 from [01m[K/opt/ros/kinetic/include/ros/node_handle.h:41[m[K,
                 from [01m[K/opt/ros/kinetic/include/ros/ros.h:45[m[K,
                 from [01m[K/root/catkin_ws/src/capture_camera_img/src/capture_camera_img.cpp:1[m[K:
/usr/include/boost/lexical_cast/detail/converter_lexical_streams.hpp: In instantiation of '[01m[Kclass boost::detail::lexical_istream_limited_src<char, std::char_traits<char>, false, 21ul>[m[K':
[01m[K/usr/include/boost/lexical_cast/detail/converter_lexical.hpp:473:36:[m[K   required from '[01m[Kstatic bool boost::detail::lexical_converter_impl<Target, Source>::try_convert(const Source&, Target&) [with Target = std::__cxx11::basic_string<char>; Source = int][m[K'
[01m[K/usr/include/boost/lexical_cast/try_lexical_convert.hpp:173:44:[m[K   required from '[01m[Kbool boost::conversion::detail::try_lexical_convert(const Source&, Target&) [with Target = std::__cxx11::basic_string<char>; Source = int][m[K'
[01m[K/usr/include/boost/lexical_cast.hpp:41:60:[m[K   required from '[01m[KTarget boost::lexical_cast(const Source&) [with Target = std::__cxx11::basic_string<char>; Source = int][m[K'
[01m[K/opt/ros/kinetic/include/ros/transport_hints.h:115:74:[m[K   required from here
[01m[K/usr/include/boost/lexical_cast/detail/converter_lexical_streams.hpp:137:15:[m[K [01;31m[Kerror: [m[Kduplicate base type '[01m[Kboost::noncopyable_::noncopyable[m[K' invalid
         class lexical_istream_limited_src: boost::noncopyable {
[01;32m[K               ^[m[K
In file included from [01m[K/usr/include/boost/lexical_cast/detail/converter_lexical.hpp:53:0[m[K,
                 from [01m[K/usr/include/boost/lexical_cast/try_lexical_convert.hpp:34[m[K,
                 from [01m[K/usr/include/boost/lexical_cast.hpp:32[m[K,
                 from [01m[K/opt/ros/kinetic/include/ros/transport_hints.h:34[m[K,
                 from [01m[K/opt/ros/kinetic/include/ros/subscribe_options.h:33[m[K,
                 from [01m[K/opt/ros/kinetic/include/ros/node_handle.h:41[m[K,
                 from [01m[K/opt/ros/kinetic/include/ros/ros.h:45[m[K,
                 from [01m[K/root/catkin_ws/src/capture_camera_img/src/capture_camera_img.cpp:1[m[K:
/usr/include/boost/lexical_cast/detail/converter_lexical_streams.hpp: In instantiation of '[01m[Kclass boost::detail::lexical_ostream_limited_src<char, std::char_traits<char> >[m[K':
[01m[K/usr/include/boost/lexical_cast/detail/converter_lexical.hpp:479:36:[m[K   required from '[01m[Kstatic bool boost::detail::lexical_converter_impl<Target, Source>::try_convert(const Source&, Target&) [with Target = std::__cxx11::basic_string<char>; Source = int][m[K'
[01m[K/usr/include/boost/lexical_cast/try_lexical_convert.hpp:173:44:[m[K   required from '[01m[Kbool boost::conversion::detail::try_lexical_convert(const Source&, Target&) [with Target = std::__cxx11::basic_string<char>; Source = int][m[K'
[01m[K/usr/include/boost/lexical_cast.hpp:41:60:[m[K   required from '[01m[KTarget boost::lexical_cast(const Source&) [with Target = std::__cxx11::basic_string<char>; Source = int][m[K'
[01m[K/opt/ros/kinetic/include/ros/transport_hints.h:115:74:[m[K   required from here
[01m[K/usr/include/boost/lexical_cast/detail/converter_lexical_streams.hpp:502:15:[m[K [01;31m[Kerror: [m[Kduplicate base type '[01m[Kboost::noncopyable_::noncopyable[m[K' invalid
         class lexical_ostream_limited_src: boost::noncopyable {
[01;32m[K               ^[m[K
In file included from [01m[K/usr/include/boost/lexical_cast/detail/converter_lexical.hpp:53:0[m[K,
                 from [01m[K/usr/include/boost/lexical_cast/try_lexical_convert.hpp:34[m[K,
                 from [01m[K/usr/include/boost/lexical_cast.hpp:32[m[K,
                 from [01m[K/opt/ros/kinetic/include/ros/transport_hints.h:34[m[K,
                 from [01m[K/opt/ros/kinetic/include/ros/subscribe_options.h:33[m[K,
                 from [01m[K/opt/ros/kinetic/include/ros/node_handle.h:41[m[K,
                 from [01m[K/opt/ros/kinetic/include/ros/ros.h:45[m[K,
                 from [01m[K/root/catkin_ws/src/capture_camera_img/src/capture_camera_img.cpp:1[m[K:
/usr/include/boost/lexical_cast/detail/converter_lexical_streams.hpp: In instantiation of '[01m[Kclass boost::detail::lexical_istream_limited_src<char, std::char_traits<char>, false, 2ul>[m[K':
[01m[K/usr/include/boost/lexical_cast/detail/converter_lexical.hpp:473:36:[m[K   required from '[01m[Kstatic bool boost::detail::lexical_converter_impl<Target, Source>::try_convert(const Source&, Target&) [with Target = int; Source = std::__cxx11::basic_string<char>][m[K'
[01m[K/usr/include/boost/lexical_cast/try_lexical_convert.hpp:173:44:[m[K   required from '[01m[Kbool boost::conversion::detail::try_lexical_convert(const Source&, Target&) [with Target = int; Source = std::__cxx11::basic_string<char>][m[K'
[01m[K/usr/include/boost/lexical_cast.hpp:41:60:[m[K   required from '[01m[KTarget boost::lexical_cast(const Source&) [with Target = int; Source = std::__cxx11::basic_string<char>][m[K'
[01m[K/opt/ros/kinetic/include/ros/transport_hints.h:131:47:[m[K   required from here
[01m[K/usr/include/boost/lexical_cast/detail/converter_lexical_streams.hpp:137:15:[m[K [01;31m[Kerror: [m[Kduplicate base type '[01m[Kboost::noncopyable_::noncopyable[m[K' invalid
         class lexical_istream_limited_src: boost::noncopyable {
[01;32m[K               ^[m[K
make[2]: *** [CMakeFiles/capture_camera_img_node.dir/src/capture_camera_img.cpp.o] Error 1
make[1]: *** [CMakeFiles/capture_camera_img_node.dir/all] Error 2
make: *** [all] Error 2
