[01m[K/root/catkin_ws/src/capture_camera_img/src/capture_camera_img.cpp:23:23:[m[K [01;31m[Kerror: [m[K'[01m[Knav_msgs[m[K' does not name a type
 void syncMsgsCB(const nav_msgs::OdometryConstPtr &odom, const sensor_msgs::ImuConstPtr &imu){
[01;32m[K                       ^[m[K
[01m[K/root/catkin_ws/src/capture_camera_img/src/capture_camera_img.cpp:23:50:[m[K [01;31m[Kerror: [m[Kexpected unqualified-id before '[01m[K&[m[K' token
 void syncMsgsCB(const nav_msgs::OdometryConstPtr &odom, const sensor_msgs::ImuConstPtr &imu){
[01;32m[K                                                  ^[m[K
[01m[K/root/catkin_ws/src/capture_camera_img/src/capture_camera_img.cpp:23:50:[m[K [01;31m[Kerror: [m[Kexpected '[01m[K)[m[K' before '[01m[K&[m[K' token
[01m[K/root/catkin_ws/src/capture_camera_img/src/capture_camera_img.cpp:23:51:[m[K [01;31m[Kerror: [m[Kexpected initializer before '[01m[Kodom[m[K'
 void syncMsgsCB(const nav_msgs::OdometryConstPtr &odom, const sensor_msgs::ImuConstPtr &imu){
[01;32m[K                                                   ^[m[K
[01m[K/root/catkin_ws/src/capture_camera_img/src/capture_camera_img.cpp:27:61:[m[K [01;31m[Kerror: [m[K'[01m[Knav_msgs[m[K' was not declared in this scope
     typedef message_filters::sync_policies::ApproximateTime<nav_msgs::Odometry, sensor_msgs::Imu> SyncPolicy;
[01;32m[K                                                             ^[m[K
[01m[K/root/catkin_ws/src/capture_camera_img/src/capture_camera_img.cpp:27:97:[m[K [01;31m[Kerror: [m[Kwrong number of template arguments (1, should be at least 2)
     typedef message_filters::sync_policies::ApproximateTime<nav_msgs::Odometry, sensor_msgs::Imu> SyncPolicy;
[01;32m[K                                                                                                 ^[m[K
In file included from [01m[K/root/catkin_ws/src/capture_camera_img/src/capture_camera_img.cpp:19:0[m[K:
[01m[K/opt/ros/kinetic/include/message_filters/sync_policies/approximate_time.h:72:8:[m[K [01;36m[Knote: [m[Kprovided for '[01m[Ktemplate<class M0, class M1, class M2, class M3, class M4, class M5, class M6, class M7, class M8> struct message_filters::sync_policies::ApproximateTime[m[K'
 struct ApproximateTime : public PolicyBase<M0, M1, M2, M3, M4, M5, M6, M7, M8>
[01;32m[K        ^[m[K
[01m[K/root/catkin_ws/src/capture_camera_img/src/capture_camera_img.cpp:[m[K In function '[01m[Kint main(int, char**)[m[K':
[01m[K/root/catkin_ws/src/capture_camera_img/src/capture_camera_img.cpp:32:37:[m[K [01;31m[Kerror: [m[K'[01m[Knav_msgs[m[K' was not declared in this scope
         message_filters::Subscriber<nav_msgs::Odometry> odom_sub(nh, "odom", 1);
[01;32m[K                                     ^[m[K
[01m[K/root/catkin_ws/src/capture_camera_img/src/capture_camera_img.cpp:32:55:[m[K [01;31m[Kerror: [m[Ktemplate argument 1 is invalid
         message_filters::Subscriber<nav_msgs::Odometry> odom_sub(nh, "odom", 1);
[01;32m[K                                                       ^[m[K
[01m[K/root/catkin_ws/src/capture_camera_img/src/capture_camera_img.cpp:32:79:[m[K [01;31m[Kerror: [m[Kexpression list treated as compound expression in initializer [-fpermissive]
         message_filters::Subscriber<nav_msgs::Odometry> odom_sub(nh, "odom", 1);
[01;32m[K                                                                               ^[m[K
[01m[K/root/catkin_ws/src/capture_camera_img/src/capture_camera_img.cpp:33:37:[m[K [01;31m[Kerror: [m[K'[01m[KImu[m[K' is not a member of '[01m[Ksensor_msgs[m[K'
         message_filters::Subscriber<sensor_msgs::Imu> imu_sub(nh, "imu", 1);
[01;32m[K                                     ^[m[K
[01m[K/root/catkin_ws/src/capture_camera_img/src/capture_camera_img.cpp:33:37:[m[K [01;31m[Kerror: [m[K'[01m[KImu[m[K' is not a member of '[01m[Ksensor_msgs[m[K'
[01m[K/root/catkin_ws/src/capture_camera_img/src/capture_camera_img.cpp:33:53:[m[K [01;31m[Kerror: [m[Ktemplate argument 1 is invalid
         message_filters::Subscriber<sensor_msgs::Imu> imu_sub(nh, "imu", 1);
[01;32m[K                                                     ^[m[K
[01m[K/root/catkin_ws/src/capture_camera_img/src/capture_camera_img.cpp:33:75:[m[K [01;31m[Kerror: [m[Kexpression list treated as compound expression in initializer [-fpermissive]
         message_filters::Subscriber<sensor_msgs::Imu> imu_sub(nh, "imu", 1);
[01;32m[K                                                                           ^[m[K
In file included from [01m[K/root/catkin_ws/src/capture_camera_img/src/capture_camera_img.cpp:18:0[m[K:
/opt/ros/kinetic/include/message_filters/synchronizer.h: In instantiation of '[01m[Kclass message_filters::Synchronizer<int>[m[K':
[01m[K/root/catkin_ws/src/capture_camera_img/src/capture_camera_img.cpp:34:66:[m[K   required from here
[01m[K/opt/ros/kinetic/include/message_filters/synchronizer.h:68:7:[m[K [01;31m[Kerror: [m[Kbase type '[01m[Kint[m[K' fails to be a struct or class type
 class Synchronizer : public boost::noncopyable, public Policy
[01;32m[K       ^[m[K
[01m[K/opt/ros/kinetic/include/message_filters/synchronizer.h:71:37:[m[K [01;31m[Kerror: [m[K'[01m[Kint[m[K' is not a class, struct, or union type
   typedef typename Policy::Messages Messages;
[01;32m[K                                     ^[m[K
[01m[K/opt/ros/kinetic/include/message_filters/synchronizer.h:72:35:[m[K [01;31m[Kerror: [m[K'[01m[Kint[m[K' is not a class, struct, or union type
   typedef typename Policy::Events Events;
[01;32m[K                                   ^[m[K
[01m[K/opt/ros/kinetic/include/message_filters/synchronizer.h:73:35:[m[K [01;31m[Kerror: [m[K'[01m[Kint[m[K' is not a class, struct, or union type
   typedef typename Policy::Signal Signal;
[01;32m[K                                   ^[m[K
[01m[K/opt/ros/kinetic/include/message_filters/synchronizer.h:74:49:[m[K [01;31m[Kerror: [m[K'[01m[Kint[m[K' is not a class, struct, or union type
   typedef typename mpl::at_c<Messages, 0>::type M0;
[01;32m[K                                                 ^[m[K
[01m[K/opt/ros/kinetic/include/message_filters/synchronizer.h:75:49:[m[K [01;31m[Kerror: [m[K'[01m[Kint[m[K' is not a class, struct, or union type
   typedef typename mpl::at_c<Messages, 1>::type M1;
[01;32m[K                                                 ^[m[K
[01m[K/opt/ros/kinetic/include/message_filters/synchronizer.h:76:49:[m[K [01;31m[Kerror: [m[K'[01m[Kint[m[K' is not a class, struct, or union type
   typedef typename mpl::at_c<Messages, 2>::type M2;
[01;32m[K                                                 ^[m[K
[01m[K/opt/ros/kinetic/include/message_filters/synchronizer.h:77:49:[m[K [01;31m[Kerror: [m[K'[01m[Kint[m[K' is not a class, struct, or union type
   typedef typename mpl::at_c<Messages, 3>::type M3;
[01;32m[K                                                 ^[m[K
[01m[K/opt/ros/kinetic/include/message_filters/synchronizer.h:78:49:[m[K [01;31m[Kerror: [m[K'[01m[Kint[m[K' is not a class, struct, or union type
   typedef typename mpl::at_c<Messages, 4>::type M4;
[01;32m[K                                                 ^[m[K
[01m[K/opt/ros/kinetic/include/message_filters/synchronizer.h:79:49:[m[K [01;31m[Kerror: [m[K'[01m[Kint[m[K' is not a class, struct, or union type
   typedef typename mpl::at_c<Messages, 5>::type M5;
[01;32m[K                                                 ^[m[K
[01m[K/opt/ros/kinetic/include/message_filters/synchronizer.h:80:49:[m[K [01;31m[Kerror: [m[K'[01m[Kint[m[K' is not a class, struct, or union type
   typedef typename mpl::at_c<Messages, 6>::type M6;
[01;32m[K                                                 ^[m[K
[01m[K/opt/ros/kinetic/include/message_filters/synchronizer.h:81:49:[m[K [01;31m[Kerror: [m[K'[01m[Kint[m[K' is not a class, struct, or union type
   typedef typename mpl::at_c<Messages, 7>::type M7;
[01;32m[K                                                 ^[m[K
[01m[K/opt/ros/kinetic/include/message_filters/synchronizer.h:82:49:[m[K [01;31m[Kerror: [m[K'[01m[Kint[m[K' is not a class, struct, or union type
   typedef typename mpl::at_c<Messages, 8>::type M8;
[01;32m[K                                                 ^[m[K
[01m[K/opt/ros/kinetic/include/message_filters/synchronizer.h:83:47:[m[K [01;31m[Kerror: [m[K'[01m[Kint[m[K' is not a class, struct, or union type
   typedef typename mpl::at_c<Events, 0>::type M0Event;
[01;32m[K                                               ^[m[K
[01m[K/opt/ros/kinetic/include/message_filters/synchronizer.h:84:47:[m[K [01;31m[Kerror: [m[K'[01m[Kint[m[K' is not a class, struct, or union type
   typedef typename mpl::at_c<Events, 1>::type M1Event;
[01;32m[K                                               ^[m[K
[01m[K/opt/ros/kinetic/include/message_filters/synchronizer.h:85:47:[m[K [01;31m[Kerror: [m[K'[01m[Kint[m[K' is not a class, struct, or union type
   typedef typename mpl::at_c<Events, 2>::type M2Event;
[01;32m[K                                               ^[m[K
[01m[K/opt/ros/kinetic/include/message_filters/synchronizer.h:86:47:[m[K [01;31m[Kerror: [m[K'[01m[Kint[m[K' is not a class, struct, or union type
   typedef typename mpl::at_c<Events, 3>::type M3Event;
[01;32m[K                                               ^[m[K
[01m[K/opt/ros/kinetic/include/message_filters/synchronizer.h:87:47:[m[K [01;31m[Kerror: [m[K'[01m[Kint[m[K' is not a class, struct, or union type
   typedef typename mpl::at_c<Events, 4>::type M4Event;
[01;32m[K                                               ^[m[K
[01m[K/opt/ros/kinetic/include/message_filters/synchronizer.h:88:47:[m[K [01;31m[Kerror: [m[K'[01m[Kint[m[K' is not a class, struct, or union type
   typedef typename mpl::at_c<Events, 5>::type M5Event;
[01;32m[K                                               ^[m[K
[01m[K/opt/ros/kinetic/include/message_filters/synchronizer.h:89:47:[m[K [01;31m[Kerror: [m[K'[01m[Kint[m[K' is not a class, struct, or union type
   typedef typename mpl::at_c<Events, 6>::type M6Event;
[01;32m[K                                               ^[m[K
[01m[K/opt/ros/kinetic/include/message_filters/synchronizer.h:90:47:[m[K [01;31m[Kerror: [m[K'[01m[Kint[m[K' is not a class, struct, or union type
   typedef typename mpl::at_c<Events, 7>::type M7Event;
[01;32m[K                                               ^[m[K
[01m[K/opt/ros/kinetic/include/message_filters/synchronizer.h:91:47:[m[K [01;31m[Kerror: [m[K'[01m[Kint[m[K' is not a class, struct, or union type
   typedef typename mpl::at_c<Events, 8>::type M8Event;
[01;32m[K                                               ^[m[K
In file included from [01m[K/root/catkin_ws/src/capture_camera_img/src/capture_camera_img.cpp:18:0[m[K:
[01m[K/opt/ros/kinetic/include/message_filters/synchronizer.h:337:17:[m[K [01;31m[Kerror: [m[Ktype '[01m[Kint[m[K' is not a base type for type '[01m[Kmessage_filters::Synchronizer<int>[m[K'
   using Policy::add;
[01;32m[K                 ^[m[K
[01m[K/opt/ros/kinetic/include/message_filters/synchronizer.h:340:8:[m[K [01;31m[Kerror: [m[K'[01m[Kint[m[K' is not a class, struct, or union type
   void add(const boost::shared_ptr<typename mpl::at_c<Messages, i>::type const>& msg)
[01;32m[K        ^[m[K
[01m[K/opt/ros/kinetic/include/message_filters/synchronizer.h:356:8:[m[K [01;31m[Kerror: [m[K'[01m[Kint[m[K' is not a class, struct, or union type
   void cb(const typename mpl::at_c<Events, i>::type& evt)
[01;32m[K        ^[m[K
[01m[K/root/catkin_ws/src/capture_camera_img/src/capture_camera_img.cpp:35:44:[m[K [01;31m[Kerror: [m[K'[01m[KsyncMsgsCB[m[K' was not declared in this scope
         sync.registerCallback(boost::bind(&syncMsgsCB, _1, _2));
[01;32m[K                                            ^[m[K
In file included from [01m[K/root/catkin_ws/src/capture_camera_img/src/capture_camera_img.cpp:18:0[m[K:
/opt/ros/kinetic/include/message_filters/synchronizer.h: In instantiation of '[01m[Kmessage_filters::Synchronizer<Policy>::Synchronizer(const Policy&, F0&, F1&) [with F0 = int; F1 = int; Policy = int][m[K':
[01m[K/root/catkin_ws/src/capture_camera_img/src/capture_camera_img.cpp:34:89:[m[K   required from here
[01m[K/opt/ros/kinetic/include/message_filters/synchronizer.h:158:18:[m[K [01;31m[Kerror: [m[Ktype '[01m[Kint[m[K' is not a direct base of '[01m[Kmessage_filters::Synchronizer<int>[m[K'
   : Policy(policy)
[01;32m[K                  ^[m[K
In file included from [01m[K/usr/include/boost/lexical_cast/detail/converter_lexical.hpp:53:0[m[K,
                 from [01m[K/usr/include/boost/lexical_cast/try_lexical_convert.hpp:34[m[K,
                 from [01m[K/usr/include/boost/lexical_cast.hpp:32[m[K,
                 from [01m[K/opt/ros/kinetic/include/ros/transport_hints.h:34[m[K,
                 from [01m[K/opt/ros/kinetic/include/ros/subscribe_options.h:33[m[K,
                 from [01m[K/opt/ros/kinetic/include/ros/node_handle.h:41[m[K,
                 from [01m[K/opt/ros/kinetic/include/ros/ros.h:45[m[K,
                 from [01m[K/root/catkin_ws/src/capture_camera_img/src/capture_camera_img.cpp:1[m[K:
/usr/include/boost/lexical_cast/detail/converter_lexical_streams.hpp: In instantiation of '[01m[Kclass boost::detail::lexical_istream_limited_src<char, std::char_traits<char>, false, 21ul>[m[K':
[01m[K/usr/include/boost/lexical_cast/detail/converter_lexical.hpp:473:36:[m[K   required from '[01m[Kstatic bool boost::detail::lexical_converter_impl<Target, Source>::try_convert(const Source&, Target&) [with Target = std::__cxx11::basic_string<char>; Source = int][m[K'
[01m[K/usr/include/boost/lexical_cast/try_lexical_convert.hpp:173:44:[m[K   required from '[01m[Kbool boost::conversion::detail::try_lexical_convert(const Source&, Target&) [with Target = std::__cxx11::basic_string<char>; Source = int][m[K'
[01m[K/usr/include/boost/lexical_cast.hpp:41:60:[m[K   required from '[01m[KTarget boost::lexical_cast(const Source&) [with Target = std::__cxx11::basic_string<char>; Source = int][m[K'
[01m[K/opt/ros/kinetic/include/ros/transport_hints.h:115:74:[m[K   required from here
[01m[K/usr/include/boost/lexical_cast/detail/converter_lexical_streams.hpp:137:15:[m[K [01;31m[Kerror: [m[Kduplicate base type '[01m[Kboost::noncopyable_::noncopyable[m[K' invalid
         class lexical_istream_limited_src: boost::noncopyable {
[01;32m[K               ^[m[K
In file included from [01m[K/usr/include/boost/lexical_cast/detail/converter_lexical.hpp:53:0[m[K,
                 from [01m[K/usr/include/boost/lexical_cast/try_lexical_convert.hpp:34[m[K,
                 from [01m[K/usr/include/boost/lexical_cast.hpp:32[m[K,
                 from [01m[K/opt/ros/kinetic/include/ros/transport_hints.h:34[m[K,
                 from [01m[K/opt/ros/kinetic/include/ros/subscribe_options.h:33[m[K,
                 from [01m[K/opt/ros/kinetic/include/ros/node_handle.h:41[m[K,
                 from [01m[K/opt/ros/kinetic/include/ros/ros.h:45[m[K,
                 from [01m[K/root/catkin_ws/src/capture_camera_img/src/capture_camera_img.cpp:1[m[K:
/usr/include/boost/lexical_cast/detail/converter_lexical_streams.hpp: In instantiation of '[01m[Kclass boost::detail::lexical_ostream_limited_src<char, std::char_traits<char> >[m[K':
[01m[K/usr/include/boost/lexical_cast/detail/converter_lexical.hpp:479:36:[m[K   required from '[01m[Kstatic bool boost::detail::lexical_converter_impl<Target, Source>::try_convert(const Source&, Target&) [with Target = std::__cxx11::basic_string<char>; Source = int][m[K'
[01m[K/usr/include/boost/lexical_cast/try_lexical_convert.hpp:173:44:[m[K   required from '[01m[Kbool boost::conversion::detail::try_lexical_convert(const Source&, Target&) [with Target = std::__cxx11::basic_string<char>; Source = int][m[K'
[01m[K/usr/include/boost/lexical_cast.hpp:41:60:[m[K   required from '[01m[KTarget boost::lexical_cast(const Source&) [with Target = std::__cxx11::basic_string<char>; Source = int][m[K'
[01m[K/opt/ros/kinetic/include/ros/transport_hints.h:115:74:[m[K   required from here
[01m[K/usr/include/boost/lexical_cast/detail/converter_lexical_streams.hpp:502:15:[m[K [01;31m[Kerror: [m[Kduplicate base type '[01m[Kboost::noncopyable_::noncopyable[m[K' invalid
         class lexical_ostream_limited_src: boost::noncopyable {
[01;32m[K               ^[m[K
In file included from [01m[K/usr/include/boost/lexical_cast/detail/converter_lexical.hpp:53:0[m[K,
                 from [01m[K/usr/include/boost/lexical_cast/try_lexical_convert.hpp:34[m[K,
                 from [01m[K/usr/include/boost/lexical_cast.hpp:32[m[K,
                 from [01m[K/opt/ros/kinetic/include/ros/transport_hints.h:34[m[K,
                 from [01m[K/opt/ros/kinetic/include/ros/subscribe_options.h:33[m[K,
                 from [01m[K/opt/ros/kinetic/include/ros/node_handle.h:41[m[K,
                 from [01m[K/opt/ros/kinetic/include/ros/ros.h:45[m[K,
                 from [01m[K/root/catkin_ws/src/capture_camera_img/src/capture_camera_img.cpp:1[m[K:
/usr/include/boost/lexical_cast/detail/converter_lexical_streams.hpp: In instantiation of '[01m[Kclass boost::detail::lexical_istream_limited_src<char, std::char_traits<char>, false, 2ul>[m[K':
[01m[K/usr/include/boost/lexical_cast/detail/converter_lexical.hpp:473:36:[m[K   required from '[01m[Kstatic bool boost::detail::lexical_converter_impl<Target, Source>::try_convert(const Source&, Target&) [with Target = int; Source = std::__cxx11::basic_string<char>][m[K'
[01m[K/usr/include/boost/lexical_cast/try_lexical_convert.hpp:173:44:[m[K   required from '[01m[Kbool boost::conversion::detail::try_lexical_convert(const Source&, Target&) [with Target = int; Source = std::__cxx11::basic_string<char>][m[K'
[01m[K/usr/include/boost/lexical_cast.hpp:41:60:[m[K   required from '[01m[KTarget boost::lexical_cast(const Source&) [with Target = int; Source = std::__cxx11::basic_string<char>][m[K'
[01m[K/opt/ros/kinetic/include/ros/transport_hints.h:131:47:[m[K   required from here
[01m[K/usr/include/boost/lexical_cast/detail/converter_lexical_streams.hpp:137:15:[m[K [01;31m[Kerror: [m[Kduplicate base type '[01m[Kboost::noncopyable_::noncopyable[m[K' invalid
         class lexical_istream_limited_src: boost::noncopyable {
[01;32m[K               ^[m[K
make[2]: *** [CMakeFiles/capture_camera_img_node.dir/src/capture_camera_img.cpp.o] Error 1
make[1]: *** [CMakeFiles/capture_camera_img_node.dir/all] Error 2
make: *** [all] Error 2
