[01m[K/root/catkin_ws/src/capture_camera_img/src/capture_camera_img.cpp:[m[K In function '[01m[Kvoid msgCallback_rgbimage(const ImageConstPtr&)[m[K':
[01m[K/root/catkin_ws/src/capture_camera_img/src/capture_camera_img.cpp:81:21:[m[K [01;31m[Kerror: [m[K'[01m[Kto_string[m[K' is not a member of '[01m[Kstd[m[K'
         cv::imwrite(std::to_string(darknet_cnt)+".png", test);   
[01;32m[K                     ^[m[K
[01m[K/root/catkin_ws/src/capture_camera_img/src/capture_camera_img.cpp:81:21:[m[K [01;36m[Knote: [m[Ksuggested alternatives:
In file included from [01m[K/usr/include/boost/exception_ptr.hpp:9:0[m[K,
                 from [01m[K/usr/include/boost/thread/exceptional_ptr.hpp:10[m[K,
                 from [01m[K/usr/include/boost/thread/future.hpp:23[m[K,
                 from [01m[K/usr/include/boost/thread.hpp:24[m[K,
                 from [01m[K/opt/ros/kinetic/include/tf/transform_listener.h:43[m[K,
                 from [01m[K/root/catkin_ws/src/capture_camera_img/src/capture_camera_img.cpp:50[m[K:
[01m[K/usr/include/boost/exception/detail/exception_ptr.hpp:492:5:[m[K [01;36m[Knote: [m[K  '[01m[Kboost::to_string[m[K'
     to_string( exception_ptr const & p )
[01;32m[K     ^[m[K
In file included from [01m[K/usr/include/boost/exception/to_string_stub.hpp:15:0[m[K,
                 from [01m[K/usr/include/boost/exception/info.hpp:16[m[K,
                 from [01m[K/usr/include/boost/exception/detail/exception_ptr.hpp:20[m[K,
                 from [01m[K/usr/include/boost/exception_ptr.hpp:9[m[K,
                 from [01m[K/usr/include/boost/thread/exceptional_ptr.hpp:10[m[K,
                 from [01m[K/usr/include/boost/thread/future.hpp:23[m[K,
                 from [01m[K/usr/include/boost/thread.hpp:24[m[K,
                 from [01m[K/opt/ros/kinetic/include/tf/transform_listener.h:43[m[K,
                 from [01m[K/root/catkin_ws/src/capture_camera_img/src/capture_camera_img.cpp:50[m[K:
[01m[K/usr/include/boost/exception/to_string.hpp:72:5:[m[K [01;36m[Knote: [m[K  '[01m[Kboost::to_string[m[K'
     to_string( std::pair<T,U> const & x )
[01;32m[K     ^[m[K
make[2]: *** [CMakeFiles/capture_camera_img_node.dir/src/capture_camera_img.cpp.o] Error 1
make[1]: *** [CMakeFiles/capture_camera_img_node.dir/all] Error 2
make: *** [all] Error 2
