[01m[K/root/catkin_ws/src/capture_camera_img/src/capture_camera_img.cpp:[m[K In function '[01m[Kvoid syncMsgsCB(const ImageConstPtr&, const ConstPtr&)[m[K':
[01m[K/root/catkin_ws/src/capture_camera_img/src/capture_camera_img.cpp:14:41:[m[K [01;31m[Kerror: [m[K'[01m[Kend[m[K' is not a member of '[01m[Kstd[m[K'
     std::cout<<"cnt->data:"<<cnt->data<<std::end;
[01;32m[K                                         ^[m[K
[01m[K/root/catkin_ws/src/capture_camera_img/src/capture_camera_img.cpp:14:41:[m[K [01;36m[Knote: [m[Ksuggested alternatives:
In file included from [01m[K/usr/include/boost/range/functions.hpp:19:0[m[K,
                 from [01m[K/usr/include/boost/range/iterator_range_core.hpp:38[m[K,
                 from [01m[K/usr/include/boost/lexical_cast.hpp:30[m[K,
                 from [01m[K/opt/ros/kinetic/include/ros/transport_hints.h:34[m[K,
                 from [01m[K/opt/ros/kinetic/include/ros/subscribe_options.h:33[m[K,
                 from [01m[K/opt/ros/kinetic/include/ros/node_handle.h:41[m[K,
                 from [01m[K/opt/ros/kinetic/include/ros/ros.h:45[m[K,
                 from [01m[K/opt/ros/kinetic/include/message_filters/subscriber.h:38[m[K,
                 from [01m[K/root/catkin_ws/src/capture_camera_img/src/capture_camera_img.cpp:1[m[K:
[01m[K/usr/include/boost/range/end.hpp:100:61:[m[K [01;36m[Knote: [m[K  '[01m[Kboost::range_adl_barrier::end[m[K'
 inline BOOST_DEDUCED_TYPENAME range_iterator<const T>::type end( const T& r )
[01;32m[K                                                             ^[m[K
In file included from [01m[K/usr/include/boost/mpl/list/aux_/begin_end.hpp:17:0[m[K,
                 from [01m[K/usr/include/boost/mpl/list/list0.hpp:27[m[K,
                 from [01m[K/usr/include/boost/mpl/list/list10.hpp:18[m[K,
                 from [01m[K/usr/include/boost/mpl/list/list20.hpp:18[m[K,
                 from [01m[K/usr/include/boost/mpl/list.hpp:36[m[K,
                 from [01m[K/usr/include/boost/math/policies/policy.hpp:9[m[K,
                 from [01m[K/usr/include/boost/math/policies/error_handling.hpp:19[m[K,
                 from [01m[K/usr/include/boost/math/special_functions/round.hpp:14[m[K,
                 from [01m[K/opt/ros/kinetic/include/ros/time.h:58[m[K,
                 from [01m[K/opt/ros/kinetic/include/ros/ros.h:38[m[K,
                 from [01m[K/opt/ros/kinetic/include/message_filters/subscriber.h:38[m[K,
                 from [01m[K/root/catkin_ws/src/capture_camera_img/src/capture_camera_img.cpp:1[m[K:
[01m[K/usr/include/boost/mpl/begin_end_fwd.hpp:23:38:[m[K [01;36m[Knote: [m[K  '[01m[Kboost::mpl::end[m[K'
 template< typename Sequence > struct end;
[01;32m[K                                      ^[m[K
In file included from [01m[K/usr/include/boost/range/functions.hpp:19:0[m[K,
                 from [01m[K/usr/include/boost/range/iterator_range_core.hpp:38[m[K,
                 from [01m[K/usr/include/boost/lexical_cast.hpp:30[m[K,
                 from [01m[K/opt/ros/kinetic/include/ros/transport_hints.h:34[m[K,
                 from [01m[K/opt/ros/kinetic/include/ros/subscribe_options.h:33[m[K,
                 from [01m[K/opt/ros/kinetic/include/ros/node_handle.h:41[m[K,
                 from [01m[K/opt/ros/kinetic/include/ros/ros.h:45[m[K,
                 from [01m[K/opt/ros/kinetic/include/message_filters/subscriber.h:38[m[K,
                 from [01m[K/root/catkin_ws/src/capture_camera_img/src/capture_camera_img.cpp:1[m[K:
[01m[K/usr/include/boost/range/end.hpp:100:61:[m[K [01;36m[Knote: [m[K  '[01m[Kboost::range_adl_barrier::end[m[K'
 inline BOOST_DEDUCED_TYPENAME range_iterator<const T>::type end( const T& r )
[01;32m[K                                                             ^[m[K
[01m[K/root/catkin_ws/src/capture_camera_img/src/capture_camera_img.cpp:[m[K In function '[01m[Kint main(int, char**)[m[K':
[01m[K/root/catkin_ws/src/capture_camera_img/src/capture_camera_img.cpp:40:104:[m[K [01;31m[Kerror: [m[Kexpected '[01m[K)[m[K' before '[01m[K;[m[K' token
     message_filters::Subscriber<sensor_msgs::Image>  rgb_img_sub(nh,("/camera/rgb/image_rect_color", 1);
[01;32m[K                                                                                                        ^[m[K
[01m[K/root/catkin_ws/src/capture_camera_img/src/capture_camera_img.cpp:41:94:[m[K [01;31m[Kerror: [m[Kno matching function for call to '[01m[Kmessage_filters::Subscriber<std_msgs::Int16_<std::allocator<void> > >::Subscriber(int)[m[K'
     message_filters::Subscriber<std_msgs::Int16> capture_cnt_sub((nh,"/image_capture_cnt", 1));
[01;32m[K                                                                                              ^[m[K
In file included from [01m[K/root/catkin_ws/src/capture_camera_img/src/capture_camera_img.cpp:1:0[m[K:
[01m[K/opt/ros/kinetic/include/message_filters/subscriber.h:120:3:[m[K [01;36m[Knote: [m[Kcandidate: message_filters::Subscriber<M>::Subscriber() [with M = std_msgs::Int16_<std::allocator<void> >]
   Subscriber()
[01;32m[K   ^[m[K
[01m[K/opt/ros/kinetic/include/message_filters/subscriber.h:120:3:[m[K [01;36m[Knote: [m[K  candidate expects 0 arguments, 1 provided
[01m[K/opt/ros/kinetic/include/message_filters/subscriber.h:112:3:[m[K [01;36m[Knote: [m[Kcandidate: message_filters::Subscriber<M>::Subscriber(ros::NodeHandle&, const string&, uint32_t, const ros::TransportHints&, ros::CallbackQueueInterface*) [with M = std_msgs::Int16_<std::allocator<void> >; std::__cxx11::string = std::__cxx11::basic_string<char>; uint32_t = unsigned int]
   Subscriber(ros::NodeHandle& nh, const std::string& topic, uint32_t queue_size, const ros::TransportHints& transport_hints = ros::TransportHints(), ros::CallbackQueueInterface* callback_queue = 0)
[01;32m[K   ^[m[K
[01m[K/opt/ros/kinetic/include/message_filters/subscriber.h:112:3:[m[K [01;36m[Knote: [m[K  candidate expects 5 arguments, 1 provided
[01m[K/opt/ros/kinetic/include/message_filters/subscriber.h:95:7:[m[K [01;36m[Knote: [m[Kcandidate: message_filters::Subscriber<std_msgs::Int16_<std::allocator<void> > >::Subscriber(message_filters::Subscriber<std_msgs::Int16_<std::allocator<void> > >&)
 class Subscriber : public SubscriberBase, public SimpleFilter<M>
[01;32m[K       ^[m[K
[01m[K/opt/ros/kinetic/include/message_filters/subscriber.h:95:7:[m[K [01;36m[Knote: [m[K  no known conversion for argument 1 from '[01m[Kint[m[K' to '[01m[Kmessage_filters::Subscriber<std_msgs::Int16_<std::allocator<void> > >&[m[K'
In file included from [01m[K/root/catkin_ws/src/capture_camera_img/src/capture_camera_img.cpp:3:0[m[K:
/opt/ros/kinetic/include/message_filters/sync_policies/approximate_time.h: In instantiation of '[01m[Kvoid message_filters::sync_policies::ApproximateTime<M0, M1, M2, M3, M4, M5, M6, M7, M8>::checkInterMessageBound() [with int i = 1; M0 = sensor_msgs::Image_<std::allocator<void> >; M1 = std_msgs::Int16_<std::allocator<void> >; M2 = message_filters::NullType; M3 = message_filters::NullType; M4 = message_filters::NullType; M5 = message_filters::NullType; M6 = message_filters::NullType; M7 = message_filters::NullType; M8 = message_filters::NullType][m[K':
[01m[K/opt/ros/kinetic/include/message_filters/sync_policies/approximate_time.h:218:32:[m[K   required from '[01m[Kvoid message_filters::sync_policies::ApproximateTime<M0, M1, M2, M3, M4, M5, M6, M7, M8>::add(const typename boost::mpl::at_c<typename message_filters::PolicyBase<M0, M1, M2, M3, M4, M5, M6, M7, M8>::Events, i>::type&) [with int i = 1; M0 = sensor_msgs::Image_<std::allocator<void> >; M1 = std_msgs::Int16_<std::allocator<void> >; M2 = message_filters::NullType; M3 = message_filters::NullType; M4 = message_filters::NullType; M5 = message_filters::NullType; M6 = message_filters::NullType; M7 = message_filters::NullType; M8 = message_filters::NullType; typename boost::mpl::at_c<typename message_filters::PolicyBase<M0, M1, M2, M3, M4, M5, M6, M7, M8>::Events, i>::type = ros::MessageEvent<const std_msgs::Int16_<std::allocator<void> > >][m[K'
[01m[K/opt/ros/kinetic/include/message_filters/synchronizer.h:358:5:[m[K   required from '[01m[Kvoid message_filters::Synchronizer<Policy>::cb(const typename boost::mpl::at_c<typename Policy::Events, i>::type&) [with int i = 1; Policy = message_filters::sync_policies::ApproximateTime<sensor_msgs::Image_<std::allocator<void> >, std_msgs::Int16_<std::allocator<void> > >; typename boost::mpl::at_c<typename Policy::Events, i>::type = ros::MessageEvent<const std_msgs::Int16_<std::allocator<void> > >][m[K'
[01m[K/opt/ros/kinetic/include/message_filters/synchronizer.h:291:98:[m[K   required from '[01m[Kvoid message_filters::Synchronizer<Policy>::connectInput(F0&, F1&, F2&, F3&, F4&, F5&, F6&, F7&, F8&) [with F0 = message_filters::Subscriber<sensor_msgs::Image_<std::allocator<void> > >; F1 = message_filters::Subscriber<std_msgs::Int16_<std::allocator<void> > >; F2 = message_filters::NullFilter<message_filters::NullType>; F3 = message_filters::NullFilter<message_filters::NullType>; F4 = message_filters::NullFilter<message_filters::NullType>; F5 = message_filters::NullFilter<message_filters::NullType>; F6 = message_filters::NullFilter<message_filters::NullType>; F7 = message_filters::NullFilter<message_filters::NullType>; F8 = message_filters::NullFilter<message_filters::NullType>; Policy = message_filters::sync_policies::ApproximateTime<sensor_msgs::Image_<std::allocator<void> >, std_msgs::Int16_<std::allocator<void> > >][m[K'
[01m[K/opt/ros/kinetic/include/message_filters/synchronizer.h:282:17:[m[K   required from '[01m[Kvoid message_filters::Synchronizer<Policy>::connectInput(F0&, F1&, F2&, F3&, F4&, F5&, F6&, F7&) [with F0 = message_filters::Subscriber<sensor_msgs::Image_<std::allocator<void> > >; F1 = message_filters::Subscriber<std_msgs::Int16_<std::allocator<void> > >; F2 = message_filters::NullFilter<message_filters::NullType>; F3 = message_filters::NullFilter<message_filters::NullType>; F4 = message_filters::NullFilter<message_filters::NullType>; F5 = message_filters::NullFilter<message_filters::NullType>; F6 = message_filters::NullFilter<message_filters::NullType>; F7 = message_filters::NullFilter<message_filters::NullType>; Policy = message_filters::sync_policies::ApproximateTime<sensor_msgs::Image_<std::allocator<void> >, std_msgs::Int16_<std::allocator<void> > >][m[K'
[01m[K/opt/ros/kinetic/include/message_filters/synchronizer.h:275:17:[m[K   [ skipping 2 instantiation contexts, use -ftemplate-backtrace-limit=0 to disable ]
[01m[K/opt/ros/kinetic/include/message_filters/synchronizer.h:261:17:[m[K   required from '[01m[Kvoid message_filters::Synchronizer<Policy>::connectInput(F0&, F1&, F2&, F3&, F4&) [with F0 = message_filters::Subscriber<sensor_msgs::Image_<std::allocator<void> > >; F1 = message_filters::Subscriber<std_msgs::Int16_<std::allocator<void> > >; F2 = message_filters::NullFilter<message_filters::NullType>; F3 = message_filters::NullFilter<message_filters::NullType>; F4 = message_filters::NullFilter<message_filters::NullType>; Policy = message_filters::sync_policies::ApproximateTime<sensor_msgs::Image_<std::allocator<void> >, std_msgs::Int16_<std::allocator<void> > >][m[K'
[01m[K/opt/ros/kinetic/include/message_filters/synchronizer.h:254:17:[m[K   required from '[01m[Kvoid message_filters::Synchronizer<Policy>::connectInput(F0&, F1&, F2&, F3&) [with F0 = message_filters::Subscriber<sensor_msgs::Image_<std::allocator<void> > >; F1 = message_filters::Subscriber<std_msgs::Int16_<std::allocator<void> > >; F2 = message_filters::NullFilter<message_filters::NullType>; F3 = message_filters::NullFilter<message_filters::NullType>; Policy = message_filters::sync_policies::ApproximateTime<sensor_msgs::Image_<std::allocator<void> >, std_msgs::Int16_<std::allocator<void> > >][m[K'
[01m[K/opt/ros/kinetic/include/message_filters/synchronizer.h:247:17:[m[K   required from '[01m[Kvoid message_filters::Synchronizer<Policy>::connectInput(F0&, F1&, F2&) [with F0 = message_filters::Subscriber<sensor_msgs::Image_<std::allocator<void> > >; F1 = message_filters::Subscriber<std_msgs::Int16_<std::allocator<void> > >; F2 = message_filters::NullFilter<message_filters::NullType>; Policy = message_filters::sync_policies::ApproximateTime<sensor_msgs::Image_<std::allocator<void> >, std_msgs::Int16_<std::allocator<void> > >][m[K'
[01m[K/opt/ros/kinetic/include/message_filters/synchronizer.h:240:17:[m[K   required from '[01m[Kvoid message_filters::Synchronizer<Policy>::connectInput(F0&, F1&) [with F0 = message_filters::Subscriber<sensor_msgs::Image_<std::allocator<void> > >; F1 = message_filters::Subscriber<std_msgs::Int16_<std::allocator<void> > >; Policy = message_filters::sync_policies::ApproximateTime<sensor_msgs::Image_<std::allocator<void> >, std_msgs::Int16_<std::allocator<void> > >][m[K'
[01m[K/opt/ros/kinetic/include/message_filters/synchronizer.h:160:17:[m[K   required from '[01m[Kmessage_filters::Synchronizer<Policy>::Synchronizer(const Policy&, F0&, F1&) [with F0 = message_filters::Subscriber<sensor_msgs::Image_<std::allocator<void> > >; F1 = message_filters::Subscriber<std_msgs::Int16_<std::allocator<void> > >; Policy = message_filters::sync_policies::ApproximateTime<sensor_msgs::Image_<std::allocator<void> >, std_msgs::Int16_<std::allocator<void> > >][m[K'
[01m[K/root/catkin_ws/src/capture_camera_img/src/capture_camera_img.cpp:42:96:[m[K   required from here
[01m[K/opt/ros/kinetic/include/message_filters/sync_policies/approximate_time.h:167:85:[m[K [01;31m[Kerror: [m[K'[01m[Kvalue[m[K' is not a member of '[01m[Kros::message_traits::TimeStamp<std_msgs::Int16_<std::allocator<void> >, void>[m[K'
     ros::Time msg_time = mt::TimeStamp<typename mpl::at_c<Messages, i>::type>::value(msg);
[01;32m[K                                                                                     ^[m[K
[01m[K/opt/ros/kinetic/include/message_filters/sync_policies/approximate_time.h:177:86:[m[K [01;31m[Kerror: [m[K'[01m[Kvalue[m[K' is not a member of '[01m[Kros::message_traits::TimeStamp<std_msgs::Int16_<std::allocator<void> >, void>[m[K'
       previous_msg_time = mt::TimeStamp<typename mpl::at_c<Messages, i>::type>::value(previous_msg);
[01;32m[K                                                                                      ^[m[K
[01m[K/opt/ros/kinetic/include/message_filters/sync_policies/approximate_time.h:183:87:[m[K [01;31m[Kerror: [m[K'[01m[Kvalue[m[K' is not a member of '[01m[Kros::message_traits::TimeStamp<std_msgs::Int16_<std::allocator<void> >, void>[m[K'
       previous_msg_time =  mt::TimeStamp<typename mpl::at_c<Messages, i>::type>::value(previous_msg);
[01;32m[K                                                                                       ^[m[K
/opt/ros/kinetic/include/message_filters/sync_policies/approximate_time.h: In instantiation of '[01m[Kvoid message_filters::sync_policies::ApproximateTime<M0, M1, M2, M3, M4, M5, M6, M7, M8>::getCandidateBoundary(uint32_t&, ros::Time&, bool) [with M0 = sensor_msgs::Image_<std::allocator<void> >; M1 = std_msgs::Int16_<std::allocator<void> >; M2 = message_filters::NullType; M3 = message_filters::NullType; M4 = message_filters::NullType; M5 = message_filters::NullType; M6 = message_filters::NullType; M7 = message_filters::NullType; M8 = message_filters::NullType; uint32_t = unsigned int][m[K':
[01m[K/opt/ros/kinetic/include/message_filters/sync_policies/approximate_time.h:532:32:[m[K   required from '[01m[Kvoid message_filters::sync_policies::ApproximateTime<M0, M1, M2, M3, M4, M5, M6, M7, M8>::getCandidateEnd(uint32_t&, ros::Time&) [with M0 = sensor_msgs::Image_<std::allocator<void> >; M1 = std_msgs::Int16_<std::allocator<void> >; M2 = message_filters::NullType; M3 = message_filters::NullType; M4 = message_filters::NullType; M5 = message_filters::NullType; M6 = message_filters::NullType; M7 = message_filters::NullType; M8 = message_filters::NullType; uint32_t = unsigned int][m[K'
[01m[K/opt/ros/kinetic/include/message_filters/sync_policies/approximate_time.h:705:22:[m[K   required from '[01m[Kvoid message_filters::sync_policies::ApproximateTime<M0, M1, M2, M3, M4, M5, M6, M7, M8>::process() [with M0 = sensor_msgs::Image_<std::allocator<void> >; M1 = std_msgs::Int16_<std::allocator<void> >; M2 = message_filters::NullType; M3 = message_filters::NullType; M4 = message_filters::NullType; M5 = message_filters::NullType; M6 = message_filters::NullType; M7 = message_filters::NullType; M8 = message_filters::NullType][m[K'
[01m[K/opt/ros/kinetic/include/message_filters/sync_policies/approximate_time.h:213:16:[m[K   required from '[01m[Kvoid message_filters::sync_policies::ApproximateTime<M0, M1, M2, M3, M4, M5, M6, M7, M8>::add(const typename boost::mpl::at_c<typename message_filters::PolicyBase<M0, M1, M2, M3, M4, M5, M6, M7, M8>::Events, i>::type&) [with int i = 0; M0 = sensor_msgs::Image_<std::allocator<void> >; M1 = std_msgs::Int16_<std::allocator<void> >; M2 = message_filters::NullType; M3 = message_filters::NullType; M4 = message_filters::NullType; M5 = message_filters::NullType; M6 = message_filters::NullType; M7 = message_filters::NullType; M8 = message_filters::NullType; typename boost::mpl::at_c<typename message_filters::PolicyBase<M0, M1, M2, M3, M4, M5, M6, M7, M8>::Events, i>::type = ros::MessageEvent<const sensor_msgs::Image_<std::allocator<void> > >][m[K'
[01m[K/opt/ros/kinetic/include/message_filters/synchronizer.h:358:5:[m[K   required from '[01m[Kvoid message_filters::Synchronizer<Policy>::cb(const typename boost::mpl::at_c<typename Policy::Events, i>::type&) [with int i = 0; Policy = message_filters::sync_policies::ApproximateTime<sensor_msgs::Image_<std::allocator<void> >, std_msgs::Int16_<std::allocator<void> > >; typename boost::mpl::at_c<typename Policy::Events, i>::type = ros::MessageEvent<const sensor_msgs::Image_<std::allocator<void> > >][m[K'
[01m[K/opt/ros/kinetic/include/message_filters/synchronizer.h:290:98:[m[K   required from '[01m[Kvoid message_filters::Synchronizer<Policy>::connectInput(F0&, F1&, F2&, F3&, F4&, F5&, F6&, F7&, F8&) [with F0 = message_filters::Subscriber<sensor_msgs::Image_<std::allocator<void> > >; F1 = message_filters::Subscriber<std_msgs::Int16_<std::allocator<void> > >; F2 = message_filters::NullFilter<message_filters::NullType>; F3 = message_filters::NullFilter<message_filters::NullType>; F4 = message_filters::NullFilter<message_filters::NullType>; F5 = message_filters::NullFilter<message_filters::NullType>; F6 = message_filters::NullFilter<message_filters::NullType>; F7 = message_filters::NullFilter<message_filters::NullType>; F8 = message_filters::NullFilter<message_filters::NullType>; Policy = message_filters::sync_policies::ApproximateTime<sensor_msgs::Image_<std::allocator<void> >, std_msgs::Int16_<std::allocator<void> > >][m[K'
[01m[K/opt/ros/kinetic/include/message_filters/synchronizer.h:282:17:[m[K   [ skipping 3 instantiation contexts, use -ftemplate-backtrace-limit=0 to disable ]
[01m[K/opt/ros/kinetic/include/message_filters/synchronizer.h:261:17:[m[K   required from '[01m[Kvoid message_filters::Synchronizer<Policy>::connectInput(F0&, F1&, F2&, F3&, F4&) [with F0 = message_filters::Subscriber<sensor_msgs::Image_<std::allocator<void> > >; F1 = message_filters::Subscriber<std_msgs::Int16_<std::allocator<void> > >; F2 = message_filters::NullFilter<message_filters::NullType>; F3 = message_filters::NullFilter<message_filters::NullType>; F4 = message_filters::NullFilter<message_filters::NullType>; Policy = message_filters::sync_policies::ApproximateTime<sensor_msgs::Image_<std::allocator<void> >, std_msgs::Int16_<std::allocator<void> > >][m[K'
[01m[K/opt/ros/kinetic/include/message_filters/synchronizer.h:254:17:[m[K   required from '[01m[Kvoid message_filters::Synchronizer<Policy>::connectInput(F0&, F1&, F2&, F3&) [with F0 = message_filters::Subscriber<sensor_msgs::Image_<std::allocator<void> > >; F1 = message_filters::Subscriber<std_msgs::Int16_<std::allocator<void> > >; F2 = message_filters::NullFilter<message_filters::NullType>; F3 = message_filters::NullFilter<message_filters::NullType>; Policy = message_filters::sync_policies::ApproximateTime<sensor_msgs::Image_<std::allocator<void> >, std_msgs::Int16_<std::allocator<void> > >][m[K'
[01m[K/opt/ros/kinetic/include/message_filters/synchronizer.h:247:17:[m[K   required from '[01m[Kvoid message_filters::Synchronizer<Policy>::connectInput(F0&, F1&, F2&) [with F0 = message_filters::Subscriber<sensor_msgs::Image_<std::allocator<void> > >; F1 = message_filters::Subscriber<std_msgs::Int16_<std::allocator<void> > >; F2 = message_filters::NullFilter<message_filters::NullType>; Policy = message_filters::sync_policies::ApproximateTime<sensor_msgs::Image_<std::allocator<void> >, std_msgs::Int16_<std::allocator<void> > >][m[K'
[01m[K/opt/ros/kinetic/include/message_filters/synchronizer.h:240:17:[m[K   required from '[01m[Kvoid message_filters::Synchronizer<Policy>::connectInput(F0&, F1&) [with F0 = message_filters::Subscriber<sensor_msgs::Image_<std::allocator<void> > >; F1 = message_filters::Subscriber<std_msgs::Int16_<std::allocator<void> > >; Policy = message_filters::sync_policies::ApproximateTime<sensor_msgs::Image_<std::allocator<void> >, std_msgs::Int16_<std::allocator<void> > >][m[K'
[01m[K/opt/ros/kinetic/include/message_filters/synchronizer.h:160:17:[m[K   required from '[01m[Kmessage_filters::Synchronizer<Policy>::Synchronizer(const Policy&, F0&, F1&) [with F0 = message_filters::Subscriber<sensor_msgs::Image_<std::allocator<void> > >; F1 = message_filters::Subscriber<std_msgs::Int16_<std::allocator<void> > >; Policy = message_filters::sync_policies::ApproximateTime<sensor_msgs::Image_<std::allocator<void> >, std_msgs::Int16_<std::allocator<void> > >][m[K'
[01m[K/root/catkin_ws/src/capture_camera_img/src/capture_camera_img.cpp:42:96:[m[K   required from here
[01m[K/opt/ros/kinetic/include/message_filters/sync_policies/approximate_time.h:548:36:[m[K [01;31m[Kerror: [m[K'[01m[Kvalue[m[K' is not a member of '[01m[Kros::message_traits::TimeStamp<std_msgs::Int16_<std::allocator<void> >, void>[m[K'
       if ((mt::TimeStamp<M1>::value(*m1.getMessage()) < time) ^ end)
[01;32m[K                                    ^[m[K
[01m[K/opt/ros/kinetic/include/message_filters/sync_policies/approximate_time.h:550:40:[m[K [01;31m[Kerror: [m[K'[01m[Kvalue[m[K' is not a member of '[01m[Kros::message_traits::TimeStamp<std_msgs::Int16_<std::allocator<void> >, void>[m[K'
         time = mt::TimeStamp<M1>::value(*m1.getMessage());
[01;32m[K                                        ^[m[K
/opt/ros/kinetic/include/message_filters/sync_policies/approximate_time.h: In instantiation of '[01m[Kros::Time message_filters::sync_policies::ApproximateTime<M0, M1, M2, M3, M4, M5, M6, M7, M8>::getVirtualTime() [with int i = 1; M0 = sensor_msgs::Image_<std::allocator<void> >; M1 = std_msgs::Int16_<std::allocator<void> >; M2 = message_filters::NullType; M3 = message_filters::NullType; M4 = message_filters::NullType; M5 = message_filters::NullType; M6 = message_filters::NullType; M7 = message_filters::NullType; M8 = message_filters::NullType][m[K':
[01m[K/opt/ros/kinetic/include/message_filters/sync_policies/approximate_time.h:671:41:[m[K   required from '[01m[Kvoid message_filters::sync_policies::ApproximateTime<M0, M1, M2, M3, M4, M5, M6, M7, M8>::getVirtualCandidateBoundary(uint32_t&, ros::Time&, bool) [with M0 = sensor_msgs::Image_<std::allocator<void> >; M1 = std_msgs::Int16_<std::allocator<void> >; M2 = message_filters::NullType; M3 = message_filters::NullType; M4 = message_filters::NullType; M5 = message_filters::NullType; M6 = message_filters::NullType; M7 = message_filters::NullType; M8 = message_filters::NullType; uint32_t = unsigned int][m[K'
[01m[K/opt/ros/kinetic/include/message_filters/sync_policies/approximate_time.h:659:39:[m[K   required from '[01m[Kvoid message_filters::sync_policies::ApproximateTime<M0, M1, M2, M3, M4, M5, M6, M7, M8>::getVirtualCandidateEnd(uint32_t&, ros::Time&) [with M0 = sensor_msgs::Image_<std::allocator<void> >; M1 = std_msgs::Int16_<std::allocator<void> >; M2 = message_filters::NullType; M3 = message_filters::NullType; M4 = message_filters::NullType; M5 = message_filters::NullType; M6 = message_filters::NullType; M7 = message_filters::NullType; M8 = message_filters::NullType; uint32_t = unsigned int][m[K'
[01m[K/opt/ros/kinetic/include/message_filters/sync_policies/approximate_time.h:788:33:[m[K   required from '[01m[Kvoid message_filters::sync_policies::ApproximateTime<M0, M1, M2, M3, M4, M5, M6, M7, M8>::process() [with M0 = sensor_msgs::Image_<std::allocator<void> >; M1 = std_msgs::Int16_<std::allocator<void> >; M2 = message_filters::NullType; M3 = message_filters::NullType; M4 = message_filters::NullType; M5 = message_filters::NullType; M6 = message_filters::NullType; M7 = message_filters::NullType; M8 = message_filters::NullType][m[K'
[01m[K/opt/ros/kinetic/include/message_filters/sync_policies/approximate_time.h:213:16:[m[K   required from '[01m[Kvoid message_filters::sync_policies::ApproximateTime<M0, M1, M2, M3, M4, M5, M6, M7, M8>::add(const typename boost::mpl::at_c<typename message_filters::PolicyBase<M0, M1, M2, M3, M4, M5, M6, M7, M8>::Events, i>::type&) [with int i = 0; M0 = sensor_msgs::Image_<std::allocator<void> >; M1 = std_msgs::Int16_<std::allocator<void> >; M2 = message_filters::NullType; M3 = message_filters::NullType; M4 = message_filters::NullType; M5 = message_filters::NullType; M6 = message_filters::NullType; M7 = message_filters::NullType; M8 = message_filters::NullType; typename boost::mpl::at_c<typename message_filters::PolicyBase<M0, M1, M2, M3, M4, M5, M6, M7, M8>::Events, i>::type = ros::MessageEvent<const sensor_msgs::Image_<std::allocator<void> > >][m[K'
[01m[K/opt/ros/kinetic/include/message_filters/synchronizer.h:358:5:[m[K   required from '[01m[Kvoid message_filters::Synchronizer<Policy>::cb(const typename boost::mpl::at_c<typename Policy::Events, i>::type&) [with int i = 0; Policy = message_filters::sync_policies::ApproximateTime<sensor_msgs::Image_<std::allocator<void> >, std_msgs::Int16_<std::allocator<void> > >; typename boost::mpl::at_c<typename Policy::Events, i>::type = ros::MessageEvent<const sensor_msgs::Image_<std::allocator<void> > >][m[K'
[01m[K/opt/ros/kinetic/include/message_filters/synchronizer.h:290:98:[m[K   [ skipping 4 instantiation contexts, use -ftemplate-backtrace-limit=0 to disable ]
[01m[K/opt/ros/kinetic/include/message_filters/synchronizer.h:261:17:[m[K   required from '[01m[Kvoid message_filters::Synchronizer<Policy>::connectInput(F0&, F1&, F2&, F3&, F4&) [with F0 = message_filters::Subscriber<sensor_msgs::Image_<std::allocator<void> > >; F1 = message_filters::Subscriber<std_msgs::Int16_<std::allocator<void> > >; F2 = message_filters::NullFilter<message_filters::NullType>; F3 = message_filters::NullFilter<message_filters::NullType>; F4 = message_filters::NullFilter<message_filters::NullType>; Policy = message_filters::sync_policies::ApproximateTime<sensor_msgs::Image_<std::allocator<void> >, std_msgs::Int16_<std::allocator<void> > >][m[K'
[01m[K/opt/ros/kinetic/include/message_filters/synchronizer.h:254:17:[m[K   required from '[01m[Kvoid message_filters::Synchronizer<Policy>::connectInput(F0&, F1&, F2&, F3&) [with F0 = message_filters::Subscriber<sensor_msgs::Image_<std::allocator<void> > >; F1 = message_filters::Subscriber<std_msgs::Int16_<std::allocator<void> > >; F2 = message_filters::NullFilter<message_filters::NullType>; F3 = message_filters::NullFilter<message_filters::NullType>; Policy = message_filters::sync_policies::ApproximateTime<sensor_msgs::Image_<std::allocator<void> >, std_msgs::Int16_<std::allocator<void> > >][m[K'
[01m[K/opt/ros/kinetic/include/message_filters/synchronizer.h:247:17:[m[K   required from '[01m[Kvoid message_filters::Synchronizer<Policy>::connectInput(F0&, F1&, F2&) [with F0 = message_filters::Subscriber<sensor_msgs::Image_<std::allocator<void> > >; F1 = message_filters::Subscriber<std_msgs::Int16_<std::allocator<void> > >; F2 = message_filters::NullFilter<message_filters::NullType>; Policy = message_filters::sync_policies::ApproximateTime<sensor_msgs::Image_<std::allocator<void> >, std_msgs::Int16_<std::allocator<void> > >][m[K'
[01m[K/opt/ros/kinetic/include/message_filters/synchronizer.h:240:17:[m[K   required from '[01m[Kvoid message_filters::Synchronizer<Policy>::connectInput(F0&, F1&) [with F0 = message_filters::Subscriber<sensor_msgs::Image_<std::allocator<void> > >; F1 = message_filters::Subscriber<std_msgs::Int16_<std::allocator<void> > >; Policy = message_filters::sync_policies::ApproximateTime<sensor_msgs::Image_<std::allocator<void> >, std_msgs::Int16_<std::allocator<void> > >][m[K'
[01m[K/opt/ros/kinetic/include/message_filters/synchronizer.h:160:17:[m[K   required from '[01m[Kmessage_filters::Synchronizer<Policy>::Synchronizer(const Policy&, F0&, F1&) [with F0 = message_filters::Subscriber<sensor_msgs::Image_<std::allocator<void> > >; F1 = message_filters::Subscriber<std_msgs::Int16_<std::allocator<void> > >; Policy = message_filters::sync_policies::ApproximateTime<sensor_msgs::Image_<std::allocator<void> >, std_msgs::Int16_<std::allocator<void> > >][m[K'
[01m[K/root/catkin_ws/src/capture_camera_img/src/capture_camera_img.cpp:42:96:[m[K   required from here
[01m[K/opt/ros/kinetic/include/message_filters/sync_policies/approximate_time.h:637:92:[m[K [01;31m[Kerror: [m[K'[01m[Kvalue[m[K' is not a member of '[01m[Kros::message_traits::TimeStamp<std_msgs::Int16_<std::allocator<void> >, void>[m[K'
       ros::Time last_msg_time = mt::TimeStamp<typename mpl::at_c<Messages, i>::type>::value(*(v.back()).getMessage());
[01;32m[K                                                                                            ^[m[K
[01m[K/opt/ros/kinetic/include/message_filters/sync_policies/approximate_time.h:645:93:[m[K [01;31m[Kerror: [m[K'[01m[Kvalue[m[K' is not a member of '[01m[Kros::message_traits::TimeStamp<std_msgs::Int16_<std::allocator<void> >, void>[m[K'
     ros::Time current_msg_time = mt::TimeStamp<typename mpl::at_c<Messages, i>::type>::value(*(q.front()).getMessage());
[01;32m[K                                                                                             ^[m[K
make[2]: *** [CMakeFiles/capture_camera_img_node.dir/src/capture_camera_img.cpp.o] Error 1
make[1]: *** [CMakeFiles/capture_camera_img_node.dir/all] Error 2
make: *** [all] Error 2
