Not searching for unused variables given on the command line.
[36m--[0m Using CATKIN_DEVEL_PREFIX: /root/catkin_ws/devel/.private/laser_scan_matcher
[36m--[0m Using CMAKE_PREFIX_PATH: /root/catkin_ws/devel;/opt/ros/kinetic
[36m--[0m This workspace overlays: /root/catkin_ws/devel;/opt/ros/kinetic
[36m--[0m Using PYTHON_EXECUTABLE: /usr/bin/python
[36m--[0m Using Debian Python package layout
[36m--[0m Using empy: /usr/bin/empy
[36m--[0m Using CATKIN_ENABLE_TESTING: ON
[36m--[0m Call enable_testing()
[36m--[0m Using CATKIN_TEST_RESULTS_DIR: /root/catkin_ws/build/laser_scan_matcher/test_results
[36m--[0m Found gtest sources under '/usr/src/gtest': gtests will be built
[36m--[0m Using Python nosetests: /usr/bin/nosetests-2.7
[36m--[0m catkin 0.7.6
[36m--[0m Using these message generators: gencpp;geneus;genlisp;gennodejs;genpy
[36m--[0m The imported target "vtkRenderingPythonTkWidgets" references the file
   "/usr/lib/x86_64-linux-gnu/libvtkRenderingPythonTkWidgets.so"
but this file does not exist.  Possible reasons include:
* The file was deleted, renamed, or moved to another location.
* An install or uninstall procedure did not complete successfully.
* The installation package was faulty and contained
   "/usr/lib/cmake/vtk-6.2/VTKTargets.cmake"
but not all the files it references.

[36m--[0m The imported target "vtk" references the file
   "/usr/bin/vtk"
but this file does not exist.  Possible reasons include:
* The file was deleted, renamed, or moved to another location.
* An install or uninstall procedure did not complete successfully.
* The installation package was faulty and contained
   "/usr/lib/cmake/vtk-6.2/VTKTargets.cmake"
but not all the files it references.

[36m--[0m Could NOT find PCL_APPS (missing:  PCL_APPS_LIBRARY)
[36m--[0m Checking for module 'csm'
[36m--[0m   Found csm, version
[36m--[0m Configuring done
[36m--[0m Generating done
[36m--[0m Build files have been written to: /root/catkin_ws/build/laser_scan_matcher
