[01m[K/root/catkin_ws/src/naoqi_driver/src/event/touch.cpp:[m[K In member function '[01m[Kvoid naoqi::TouchEventRegister<T>::touchCallbackMessage(std::__cxx11::string&, bool&, naoqi_bridge_msgs::Bumper&)[m[K':
[01m[K/root/catkin_ws/src/naoqi_driver/src/event/touch.cpp:214:24:[m[K [01;35m[Kwarning: [m[Kenumeral mismatch in conditional expression: '[01m[Knaoqi_bridge_msgs::Bumper_<std::allocator<void> >::<anonymous enum>[m[K' vs '[01m[Knaoqi_bridge_msgs::Bumper_<std::allocator<void> >::<anonymous enum>[m[K' [-Wenum-compare]
       msg.state = state?(naoqi_bridge_msgs::Bumper::statePressed):(naoqi_bridge_msgs::Bumper::stateReleased);
[01;32m[K                        ^[m[K
[01m[K/root/catkin_ws/src/naoqi_driver/src/event/touch.cpp:[m[K In member function '[01m[Kvoid naoqi::TouchEventRegister<T>::touchCallbackMessage(std::__cxx11::string&, bool&, naoqi_bridge_msgs::HandTouch&)[m[K':
[01m[K/root/catkin_ws/src/naoqi_driver/src/event/touch.cpp:227:24:[m[K [01;35m[Kwarning: [m[Kenumeral mismatch in conditional expression: '[01m[Knaoqi_bridge_msgs::HandTouch_<std::allocator<void> >::<anonymous enum>[m[K' vs '[01m[Knaoqi_bridge_msgs::HandTouch_<std::allocator<void> >::<anonymous enum>[m[K' [-Wenum-compare]
       msg.state = state?(naoqi_bridge_msgs::HandTouch::statePressed):(naoqi_bridge_msgs::HandTouch::stateReleased);
[01;32m[K                        ^[m[K
[01m[K/root/catkin_ws/src/naoqi_driver/src/event/touch.cpp:[m[K In member function '[01m[Kvoid naoqi::TouchEventRegister<T>::touchCallbackMessage(std::__cxx11::string&, bool&, naoqi_bridge_msgs::HeadTouch&)[m[K':
[01m[K/root/catkin_ws/src/naoqi_driver/src/event/touch.cpp:240:24:[m[K [01;35m[Kwarning: [m[Kenumeral mismatch in conditional expression: '[01m[Knaoqi_bridge_msgs::HeadTouch_<std::allocator<void> >::<anonymous enum>[m[K' vs '[01m[Knaoqi_bridge_msgs::HeadTouch_<std::allocator<void> >::<anonymous enum>[m[K' [-Wenum-compare]
       msg.state = state?(naoqi_bridge_msgs::HeadTouch::statePressed):(naoqi_bridge_msgs::HeadTouch::stateReleased);
[01;32m[K                        ^[m[K
/root/catkin_ws/src/naoqi_driver/src/event/touch.cpp: In instantiation of '[01m[Kvoid naoqi::TouchEventRegister<T>::touchCallbackMessage(std::__cxx11::string&, bool&, naoqi_bridge_msgs::Bumper&) [with T = naoqi_bridge_msgs::Bumper_<std::allocator<void> >; std::__cxx11::string = std::__cxx11::basic_string<char>; naoqi_bridge_msgs::Bumper = naoqi_bridge_msgs::Bumper_<std::allocator<void> >][m[K':
[01m[K/root/catkin_ws/src/naoqi_driver/src/event/touch.cpp:246:16:[m[K   required from here
[01m[Kcc1plus:[m[K [01;35m[Kwarning: [m[Kenumeral mismatch in conditional expression: '[01m[Knaoqi_bridge_msgs::Bumper_<std::allocator<void> >::<anonymous enum>[m[K' vs '[01m[Knaoqi_bridge_msgs::Bumper_<std::allocator<void> >::<anonymous enum>[m[K' [-Wenum-compare]
/root/catkin_ws/src/naoqi_driver/src/event/touch.cpp: In instantiation of '[01m[Kvoid naoqi::TouchEventRegister<T>::touchCallbackMessage(std::__cxx11::string&, bool&, naoqi_bridge_msgs::HandTouch&) [with T = naoqi_bridge_msgs::Bumper_<std::allocator<void> >; std::__cxx11::string = std::__cxx11::basic_string<char>; naoqi_bridge_msgs::HandTouch = naoqi_bridge_msgs::HandTouch_<std::allocator<void> >][m[K':
[01m[K/root/catkin_ws/src/naoqi_driver/src/event/touch.cpp:246:16:[m[K   required from here
[01m[Kcc1plus:[m[K [01;35m[Kwarning: [m[Kenumeral mismatch in conditional expression: '[01m[Knaoqi_bridge_msgs::HandTouch_<std::allocator<void> >::<anonymous enum>[m[K' vs '[01m[Knaoqi_bridge_msgs::HandTouch_<std::allocator<void> >::<anonymous enum>[m[K' [-Wenum-compare]
/root/catkin_ws/src/naoqi_driver/src/event/touch.cpp: In instantiation of '[01m[Kvoid naoqi::TouchEventRegister<T>::touchCallbackMessage(std::__cxx11::string&, bool&, naoqi_bridge_msgs::HeadTouch&) [with T = naoqi_bridge_msgs::Bumper_<std::allocator<void> >; std::__cxx11::string = std::__cxx11::basic_string<char>; naoqi_bridge_msgs::HeadTouch = naoqi_bridge_msgs::HeadTouch_<std::allocator<void> >][m[K':
[01m[K/root/catkin_ws/src/naoqi_driver/src/event/touch.cpp:246:16:[m[K   required from here
[01m[Kcc1plus:[m[K [01;35m[Kwarning: [m[Kenumeral mismatch in conditional expression: '[01m[Knaoqi_bridge_msgs::HeadTouch_<std::allocator<void> >::<anonymous enum>[m[K' vs '[01m[Knaoqi_bridge_msgs::HeadTouch_<std::allocator<void> >::<anonymous enum>[m[K' [-Wenum-compare]
/root/catkin_ws/src/naoqi_driver/src/event/touch.cpp: In instantiation of '[01m[Kvoid naoqi::TouchEventRegister<T>::touchCallbackMessage(std::__cxx11::string&, bool&, naoqi_bridge_msgs::Bumper&) [with T = naoqi_bridge_msgs::HandTouch_<std::allocator<void> >; std::__cxx11::string = std::__cxx11::basic_string<char>; naoqi_bridge_msgs::Bumper = naoqi_bridge_msgs::Bumper_<std::allocator<void> >][m[K':
[01m[K/root/catkin_ws/src/naoqi_driver/src/event/touch.cpp:247:16:[m[K   required from here
[01m[Kcc1plus:[m[K [01;35m[Kwarning: [m[Kenumeral mismatch in conditional expression: '[01m[Knaoqi_bridge_msgs::Bumper_<std::allocator<void> >::<anonymous enum>[m[K' vs '[01m[Knaoqi_bridge_msgs::Bumper_<std::allocator<void> >::<anonymous enum>[m[K' [-Wenum-compare]
/root/catkin_ws/src/naoqi_driver/src/event/touch.cpp: In instantiation of '[01m[Kvoid naoqi::TouchEventRegister<T>::touchCallbackMessage(std::__cxx11::string&, bool&, naoqi_bridge_msgs::HandTouch&) [with T = naoqi_bridge_msgs::HandTouch_<std::allocator<void> >; std::__cxx11::string = std::__cxx11::basic_string<char>; naoqi_bridge_msgs::HandTouch = naoqi_bridge_msgs::HandTouch_<std::allocator<void> >][m[K':
[01m[K/root/catkin_ws/src/naoqi_driver/src/event/touch.cpp:247:16:[m[K   required from here
[01m[Kcc1plus:[m[K [01;35m[Kwarning: [m[Kenumeral mismatch in conditional expression: '[01m[Knaoqi_bridge_msgs::HandTouch_<std::allocator<void> >::<anonymous enum>[m[K' vs '[01m[Knaoqi_bridge_msgs::HandTouch_<std::allocator<void> >::<anonymous enum>[m[K' [-Wenum-compare]
/root/catkin_ws/src/naoqi_driver/src/event/touch.cpp: In instantiation of '[01m[Kvoid naoqi::TouchEventRegister<T>::touchCallbackMessage(std::__cxx11::string&, bool&, naoqi_bridge_msgs::HeadTouch&) [with T = naoqi_bridge_msgs::HandTouch_<std::allocator<void> >; std::__cxx11::string = std::__cxx11::basic_string<char>; naoqi_bridge_msgs::HeadTouch = naoqi_bridge_msgs::HeadTouch_<std::allocator<void> >][m[K':
[01m[K/root/catkin_ws/src/naoqi_driver/src/event/touch.cpp:247:16:[m[K   required from here
[01m[Kcc1plus:[m[K [01;35m[Kwarning: [m[Kenumeral mismatch in conditional expression: '[01m[Knaoqi_bridge_msgs::HeadTouch_<std::allocator<void> >::<anonymous enum>[m[K' vs '[01m[Knaoqi_bridge_msgs::HeadTouch_<std::allocator<void> >::<anonymous enum>[m[K' [-Wenum-compare]
/root/catkin_ws/src/naoqi_driver/src/event/touch.cpp: In instantiation of '[01m[Kvoid naoqi::TouchEventRegister<T>::touchCallbackMessage(std::__cxx11::string&, bool&, naoqi_bridge_msgs::Bumper&) [with T = naoqi_bridge_msgs::HeadTouch_<std::allocator<void> >; std::__cxx11::string = std::__cxx11::basic_string<char>; naoqi_bridge_msgs::Bumper = naoqi_bridge_msgs::Bumper_<std::allocator<void> >][m[K':
[01m[K/root/catkin_ws/src/naoqi_driver/src/event/touch.cpp:248:16:[m[K   required from here
[01m[Kcc1plus:[m[K [01;35m[Kwarning: [m[Kenumeral mismatch in conditional expression: '[01m[Knaoqi_bridge_msgs::Bumper_<std::allocator<void> >::<anonymous enum>[m[K' vs '[01m[Knaoqi_bridge_msgs::Bumper_<std::allocator<void> >::<anonymous enum>[m[K' [-Wenum-compare]
/root/catkin_ws/src/naoqi_driver/src/event/touch.cpp: In instantiation of '[01m[Kvoid naoqi::TouchEventRegister<T>::touchCallbackMessage(std::__cxx11::string&, bool&, naoqi_bridge_msgs::HandTouch&) [with T = naoqi_bridge_msgs::HeadTouch_<std::allocator<void> >; std::__cxx11::string = std::__cxx11::basic_string<char>; naoqi_bridge_msgs::HandTouch = naoqi_bridge_msgs::HandTouch_<std::allocator<void> >][m[K':
[01m[K/root/catkin_ws/src/naoqi_driver/src/event/touch.cpp:248:16:[m[K   required from here
[01m[Kcc1plus:[m[K [01;35m[Kwarning: [m[Kenumeral mismatch in conditional expression: '[01m[Knaoqi_bridge_msgs::HandTouch_<std::allocator<void> >::<anonymous enum>[m[K' vs '[01m[Knaoqi_bridge_msgs::HandTouch_<std::allocator<void> >::<anonymous enum>[m[K' [-Wenum-compare]
/root/catkin_ws/src/naoqi_driver/src/event/touch.cpp: In instantiation of '[01m[Kvoid naoqi::TouchEventRegister<T>::touchCallbackMessage(std::__cxx11::string&, bool&, naoqi_bridge_msgs::HeadTouch&) [with T = naoqi_bridge_msgs::HeadTouch_<std::allocator<void> >; std::__cxx11::string = std::__cxx11::basic_string<char>; naoqi_bridge_msgs::HeadTouch = naoqi_bridge_msgs::HeadTouch_<std::allocator<void> >][m[K':
[01m[K/root/catkin_ws/src/naoqi_driver/src/event/touch.cpp:248:16:[m[K   required from here
[01m[Kcc1plus:[m[K [01;35m[Kwarning: [m[Kenumeral mismatch in conditional expression: '[01m[Knaoqi_bridge_msgs::HeadTouch_<std::allocator<void> >::<anonymous enum>[m[K' vs '[01m[Knaoqi_bridge_msgs::HeadTouch_<std::allocator<void> >::<anonymous enum>[m[K' [-Wenum-compare]
