[35m[1mScanning dependencies of target tf2_msgs_generate_messages_lisp[0m
[35m[1mScanning dependencies of target actionlib_generate_messages_eus[0m
[35m[1mScanning dependencies of target actionlib_generate_messages_py[0m
[35m[1mScanning dependencies of target tf2_msgs_generate_messages_nodejs[0m
[35m[1mScanning dependencies of target trajectory_msgs_generate_messages_nodejs[0m
[35m[1mScanning dependencies of target actionlib_msgs_generate_messages_nodejs[0m
[35m[1mScanning dependencies of target tf2_msgs_generate_messages_eus[0m
[  0%] Built target tf2_msgs_generate_messages_lisp
[35m[1mScanning dependencies of target trajectory_msgs_generate_messages_lisp[0m
[35m[1mScanning dependencies of target trajectory_msgs_generate_messages_py[0m
[  0%] Built target actionlib_generate_messages_eus
[  0%] Built target tf2_msgs_generate_messages_nodejs
[  0%] Built target actionlib_generate_messages_py
[  0%] Built target actionlib_msgs_generate_messages_nodejs
[  0%] Built target trajectory_msgs_generate_messages_lisp
[35m[1mScanning dependencies of target trajectory_msgs_generate_messages_eus[0m
[  0%] Built target trajectory_msgs_generate_messages_nodejs
[  0%] Built target tf2_msgs_generate_messages_eus
[35m[1mScanning dependencies of target nav_msgs_generate_messages_lisp[0m
[35m[1mScanning dependencies of target nav_msgs_generate_messages_eus[0m
[35m[1mScanning dependencies of target nav_msgs_generate_messages_cpp[0m
[35m[1mScanning dependencies of target nav_msgs_generate_messages_nodejs[0m
[35m[1mScanning dependencies of target diagnostic_msgs_generate_messages_cpp[0m
[  0%] Built target trajectory_msgs_generate_messages_eus
[35m[1mScanning dependencies of target std_msgs_generate_messages_eus[0m
[35m[1mScanning dependencies of target roscpp_generate_messages_lisp[0m
[  0%] Built target nav_msgs_generate_messages_cpp
[  0%] Built target nav_msgs_generate_messages_lisp
[  0%] Built target trajectory_msgs_generate_messages_py
[  0%] Built target nav_msgs_generate_messages_eus
[  0%] Built target nav_msgs_generate_messages_nodejs
[35m[1mScanning dependencies of target geometry_msgs_generate_messages_nodejs[0m
[  0%] Built target diagnostic_msgs_generate_messages_cpp
[35m[1mScanning dependencies of target tf2_msgs_generate_messages_cpp[0m
[  0%] Built target roscpp_generate_messages_lisp
[35m[1mScanning dependencies of target geometry_msgs_generate_messages_lisp[0m
[35m[1mScanning dependencies of target std_msgs_generate_messages_lisp[0m
[35m[1mScanning dependencies of target naoqi_bridge_msgs_generate_messages_cpp[0m
[  0%] Built target std_msgs_generate_messages_eus
[35m[1mScanning dependencies of target std_msgs_generate_messages_py[0m
[35m[1mScanning dependencies of target nav_msgs_generate_messages_py[0m
[  0%] Built target geometry_msgs_generate_messages_lisp
[  0%] Built target geometry_msgs_generate_messages_nodejs
[  0%] Built target tf2_msgs_generate_messages_cpp
[35m[1mScanning dependencies of target geometry_msgs_generate_messages_eus[0m
[  0%] Built target naoqi_bridge_msgs_generate_messages_cpp
[35m[1mScanning dependencies of target roscpp_generate_messages_cpp[0m
[35m[1mScanning dependencies of target actionlib_msgs_generate_messages_py[0m
[  0%] Built target std_msgs_generate_messages_py
[  0%] Built target std_msgs_generate_messages_lisp
[  0%] Built target nav_msgs_generate_messages_py
[35m[1mScanning dependencies of target trajectory_msgs_generate_messages_cpp[0m
[35m[1mScanning dependencies of target actionlib_generate_messages_cpp[0m
[  0%] Built target geometry_msgs_generate_messages_eus
[35m[1mScanning dependencies of target geometry_msgs_generate_messages_cpp[0m
[  0%] Built target roscpp_generate_messages_cpp
[  0%] Built target actionlib_msgs_generate_messages_py
[35m[1mScanning dependencies of target rosgraph_msgs_generate_messages_cpp[0m
[35m[1mScanning dependencies of target sensor_msgs_generate_messages_py[0m
[35m[1mScanning dependencies of target sensor_msgs_generate_messages_nodejs[0m
[35m[1mScanning dependencies of target diagnostic_msgs_generate_messages_eus[0m
[  0%] Built target trajectory_msgs_generate_messages_cpp
[  0%] Built target actionlib_generate_messages_cpp
[  0%] Built target geometry_msgs_generate_messages_cpp
[35m[1mScanning dependencies of target actionlib_msgs_generate_messages_eus[0m
[  0%] Built target sensor_msgs_generate_messages_py
[  0%] Built target rosgraph_msgs_generate_messages_cpp
[35m[1mScanning dependencies of target actionlib_generate_messages_lisp[0m
[35m[1mScanning dependencies of target rosgraph_msgs_generate_messages_lisp[0m
[  0%] Built target diagnostic_msgs_generate_messages_eus
[  0%] Built target sensor_msgs_generate_messages_nodejs
[35m[1mScanning dependencies of target roscpp_generate_messages_nodejs[0m
[35m[1mScanning dependencies of target std_msgs_generate_messages_nodejs[0m
[  0%] Built target actionlib_msgs_generate_messages_eus
[35m[1mScanning dependencies of target geometry_msgs_generate_messages_py[0m
[  0%] Built target rosgraph_msgs_generate_messages_lisp
[35m[1mScanning dependencies of target sensor_msgs_generate_messages_lisp[0m
[35m[1mScanning dependencies of target sensor_msgs_generate_messages_cpp[0m
[35m[1mScanning dependencies of target diagnostic_msgs_generate_messages_nodejs[0m
[  0%] Built target std_msgs_generate_messages_nodejs
[  0%] Built target geometry_msgs_generate_messages_py
[35m[1mScanning dependencies of target rosgraph_msgs_generate_messages_py[0m
[  0%] Built target actionlib_generate_messages_lisp
[  0%] Built target roscpp_generate_messages_nodejs
[  0%] Built target sensor_msgs_generate_messages_lisp
[35m[1mScanning dependencies of target diagnostic_msgs_generate_messages_lisp[0m
[35m[1mScanning dependencies of target diagnostic_msgs_generate_messages_py[0m
[  0%] Built target diagnostic_msgs_generate_messages_nodejs
[  0%] Built target sensor_msgs_generate_messages_cpp
[35m[1mScanning dependencies of target roscpp_generate_messages_eus[0m
[35m[1mScanning dependencies of target naoqi_bridge_msgs_generate_messages_lisp[0m
[35m[1mScanning dependencies of target roscpp_generate_messages_py[0m
[  0%] Built target rosgraph_msgs_generate_messages_py
[35m[1mScanning dependencies of target rosgraph_msgs_generate_messages_eus[0m
[  0%] Built target diagnostic_msgs_generate_messages_py
[35m[1mScanning dependencies of target rosgraph_msgs_generate_messages_nodejs[0m
[  0%] Built target roscpp_generate_messages_py
[  0%] Built target naoqi_bridge_msgs_generate_messages_lisp
[35m[1mScanning dependencies of target actionlib_generate_messages_nodejs[0m
[  0%] Built target diagnostic_msgs_generate_messages_lisp
[  0%] Built target roscpp_generate_messages_eus
[  0%] Built target rosgraph_msgs_generate_messages_eus
[35m[1mScanning dependencies of target std_msgs_generate_messages_cpp[0m
[  0%] Built target rosgraph_msgs_generate_messages_nodejs
[35m[1mScanning dependencies of target naoqi_bridge_msgs_generate_messages_py[0m
[35m[1mScanning dependencies of target actionlib_msgs_generate_messages_cpp[0m
[35m[1mScanning dependencies of target actionlib_msgs_generate_messages_lisp[0m
[35m[1mScanning dependencies of target naoqi_bridge_msgs_generate_messages_eus[0m
[35m[1mScanning dependencies of target tf2_msgs_generate_messages_py[0m
[  0%] Built target std_msgs_generate_messages_cpp
[35m[1mScanning dependencies of target sensor_msgs_generate_messages_eus[0m
[35m[1mScanning dependencies of target naoqi_bridge_msgs_generate_messages_nodejs[0m
[  0%] Built target actionlib_generate_messages_nodejs
[  0%] Built target actionlib_msgs_generate_messages_cpp
[  0%] Built target naoqi_bridge_msgs_generate_messages_eus
[  0%] Built target tf2_msgs_generate_messages_py
[  0%] Built target actionlib_msgs_generate_messages_lisp
[  0%] Built target naoqi_bridge_msgs_generate_messages_py
[  0%] Built target sensor_msgs_generate_messages_eus
[  0%] Built target naoqi_bridge_msgs_generate_messages_nodejs
[35m[1mScanning dependencies of target naoqi_driver[0m
[  2%] [32mBuilding CXX object CMakeFiles/naoqi_driver.dir/src/naoqi_driver.cpp.o[0m
[  4%] [32mBuilding CXX object CMakeFiles/naoqi_driver.dir/src/event/touch.cpp.o[0m
[  7%] [32mBuilding CXX object CMakeFiles/naoqi_driver.dir/src/recorder/globalrecorder.cpp.o[0m
[  9%] [32mBuilding CXX object CMakeFiles/naoqi_driver.dir/src/helpers/driver_helpers.cpp.o[0m
[ 11%] [32mBuilding CXX object CMakeFiles/naoqi_driver.dir/src/converters/diagnostics.cpp.o[0m
[ 14%] [32mBuilding CXX object CMakeFiles/naoqi_driver.dir/src/converters/audio.cpp.o[0m
[ 16%] [32mBuilding CXX object CMakeFiles/naoqi_driver.dir/src/converters/touch.cpp.o[0m
[ 19%] [32mBuilding CXX object CMakeFiles/naoqi_driver.dir/src/event/audio.cpp.o[0m
[ 21%] [32mBuilding CXX object CMakeFiles/naoqi_driver.dir/src/converters/camera.cpp.o[0m
[01m[K/root/catkin_ws/src/naoqi_driver/src/event/touch.cpp:[m[K In member function '[01m[Kvoid naoqi::TouchEventRegister<T>::touchCallbackMessage(std::__cxx11::string&, bool&, naoqi_bridge_msgs::Bumper&)[m[K':
[01m[K/root/catkin_ws/src/naoqi_driver/src/event/touch.cpp:214:24:[m[K [01;35m[Kwarning: [m[Kenumeral mismatch in conditional expression: '[01m[Knaoqi_bridge_msgs::Bumper_<std::allocator<void> >::<anonymous enum>[m[K' vs '[01m[Knaoqi_bridge_msgs::Bumper_<std::allocator<void> >::<anonymous enum>[m[K' [-Wenum-compare]
       msg.state = state?(naoqi_bridge_msgs::Bumper::statePressed):(naoqi_bridge_msgs::Bumper::stateReleased);
[01;32m[K                        ^[m[K
[01m[K/root/catkin_ws/src/naoqi_driver/src/event/touch.cpp:[m[K In member function '[01m[Kvoid naoqi::TouchEventRegister<T>::touchCallbackMessage(std::__cxx11::string&, bool&, naoqi_bridge_msgs::HandTouch&)[m[K':
[01m[K/root/catkin_ws/src/naoqi_driver/src/event/touch.cpp:227:24:[m[K [01;35m[Kwarning: [m[Kenumeral mismatch in conditional expression: '[01m[Knaoqi_bridge_msgs::HandTouch_<std::allocator<void> >::<anonymous enum>[m[K' vs '[01m[Knaoqi_bridge_msgs::HandTouch_<std::allocator<void> >::<anonymous enum>[m[K' [-Wenum-compare]
       msg.state = state?(naoqi_bridge_msgs::HandTouch::statePressed):(naoqi_bridge_msgs::HandTouch::stateReleased);
[01;32m[K                        ^[m[K
[01m[K/root/catkin_ws/src/naoqi_driver/src/event/touch.cpp:[m[K In member function '[01m[Kvoid naoqi::TouchEventRegister<T>::touchCallbackMessage(std::__cxx11::string&, bool&, naoqi_bridge_msgs::HeadTouch&)[m[K':
[01m[K/root/catkin_ws/src/naoqi_driver/src/event/touch.cpp:240:24:[m[K [01;35m[Kwarning: [m[Kenumeral mismatch in conditional expression: '[01m[Knaoqi_bridge_msgs::HeadTouch_<std::allocator<void> >::<anonymous enum>[m[K' vs '[01m[Knaoqi_bridge_msgs::HeadTouch_<std::allocator<void> >::<anonymous enum>[m[K' [-Wenum-compare]
       msg.state = state?(naoqi_bridge_msgs::HeadTouch::statePressed):(naoqi_bridge_msgs::HeadTouch::stateReleased);
[01;32m[K                        ^[m[K
/root/catkin_ws/src/naoqi_driver/src/event/touch.cpp: In instantiation of '[01m[Kvoid naoqi::TouchEventRegister<T>::touchCallbackMessage(std::__cxx11::string&, bool&, naoqi_bridge_msgs::Bumper&) [with T = naoqi_bridge_msgs::Bumper_<std::allocator<void> >; std::__cxx11::string = std::__cxx11::basic_string<char>; naoqi_bridge_msgs::Bumper = naoqi_bridge_msgs::Bumper_<std::allocator<void> >][m[K':
[01m[K/root/catkin_ws/src/naoqi_driver/src/event/touch.cpp:246:16:[m[K   required from here
[01m[Kcc1plus:[m[K [01;35m[Kwarning: [m[Kenumeral mismatch in conditional expression: '[01m[Knaoqi_bridge_msgs::Bumper_<std::allocator<void> >::<anonymous enum>[m[K' vs '[01m[Knaoqi_bridge_msgs::Bumper_<std::allocator<void> >::<anonymous enum>[m[K' [-Wenum-compare]
/root/catkin_ws/src/naoqi_driver/src/event/touch.cpp: In instantiation of '[01m[Kvoid naoqi::TouchEventRegister<T>::touchCallbackMessage(std::__cxx11::string&, bool&, naoqi_bridge_msgs::HandTouch&) [with T = naoqi_bridge_msgs::Bumper_<std::allocator<void> >; std::__cxx11::string = std::__cxx11::basic_string<char>; naoqi_bridge_msgs::HandTouch = naoqi_bridge_msgs::HandTouch_<std::allocator<void> >][m[K':
[01m[K/root/catkin_ws/src/naoqi_driver/src/event/touch.cpp:246:16:[m[K   required from here
[01m[Kcc1plus:[m[K [01;35m[Kwarning: [m[Kenumeral mismatch in conditional expression: '[01m[Knaoqi_bridge_msgs::HandTouch_<std::allocator<void> >::<anonymous enum>[m[K' vs '[01m[Knaoqi_bridge_msgs::HandTouch_<std::allocator<void> >::<anonymous enum>[m[K' [-Wenum-compare]
/root/catkin_ws/src/naoqi_driver/src/event/touch.cpp: In instantiation of '[01m[Kvoid naoqi::TouchEventRegister<T>::touchCallbackMessage(std::__cxx11::string&, bool&, naoqi_bridge_msgs::HeadTouch&) [with T = naoqi_bridge_msgs::Bumper_<std::allocator<void> >; std::__cxx11::string = std::__cxx11::basic_string<char>; naoqi_bridge_msgs::HeadTouch = naoqi_bridge_msgs::HeadTouch_<std::allocator<void> >][m[K':
[01m[K/root/catkin_ws/src/naoqi_driver/src/event/touch.cpp:246:16:[m[K   required from here
[01m[Kcc1plus:[m[K [01;35m[Kwarning: [m[Kenumeral mismatch in conditional expression: '[01m[Knaoqi_bridge_msgs::HeadTouch_<std::allocator<void> >::<anonymous enum>[m[K' vs '[01m[Knaoqi_bridge_msgs::HeadTouch_<std::allocator<void> >::<anonymous enum>[m[K' [-Wenum-compare]
/root/catkin_ws/src/naoqi_driver/src/event/touch.cpp: In instantiation of '[01m[Kvoid naoqi::TouchEventRegister<T>::touchCallbackMessage(std::__cxx11::string&, bool&, naoqi_bridge_msgs::Bumper&) [with T = naoqi_bridge_msgs::HandTouch_<std::allocator<void> >; std::__cxx11::string = std::__cxx11::basic_string<char>; naoqi_bridge_msgs::Bumper = naoqi_bridge_msgs::Bumper_<std::allocator<void> >][m[K':
[01m[K/root/catkin_ws/src/naoqi_driver/src/event/touch.cpp:247:16:[m[K   required from here
[01m[Kcc1plus:[m[K [01;35m[Kwarning: [m[Kenumeral mismatch in conditional expression: '[01m[Knaoqi_bridge_msgs::Bumper_<std::allocator<void> >::<anonymous enum>[m[K' vs '[01m[Knaoqi_bridge_msgs::Bumper_<std::allocator<void> >::<anonymous enum>[m[K' [-Wenum-compare]
/root/catkin_ws/src/naoqi_driver/src/event/touch.cpp: In instantiation of '[01m[Kvoid naoqi::TouchEventRegister<T>::touchCallbackMessage(std::__cxx11::string&, bool&, naoqi_bridge_msgs::HandTouch&) [with T = naoqi_bridge_msgs::HandTouch_<std::allocator<void> >; std::__cxx11::string = std::__cxx11::basic_string<char>; naoqi_bridge_msgs::HandTouch = naoqi_bridge_msgs::HandTouch_<std::allocator<void> >][m[K':
[01m[K/root/catkin_ws/src/naoqi_driver/src/event/touch.cpp:247:16:[m[K   required from here
[01m[Kcc1plus:[m[K [01;35m[Kwarning: [m[Kenumeral mismatch in conditional expression: '[01m[Knaoqi_bridge_msgs::HandTouch_<std::allocator<void> >::<anonymous enum>[m[K' vs '[01m[Knaoqi_bridge_msgs::HandTouch_<std::allocator<void> >::<anonymous enum>[m[K' [-Wenum-compare]
/root/catkin_ws/src/naoqi_driver/src/event/touch.cpp: In instantiation of '[01m[Kvoid naoqi::TouchEventRegister<T>::touchCallbackMessage(std::__cxx11::string&, bool&, naoqi_bridge_msgs::HeadTouch&) [with T = naoqi_bridge_msgs::HandTouch_<std::allocator<void> >; std::__cxx11::string = std::__cxx11::basic_string<char>; naoqi_bridge_msgs::HeadTouch = naoqi_bridge_msgs::HeadTouch_<std::allocator<void> >][m[K':
[01m[K/root/catkin_ws/src/naoqi_driver/src/event/touch.cpp:247:16:[m[K   required from here
[01m[Kcc1plus:[m[K [01;35m[Kwarning: [m[Kenumeral mismatch in conditional expression: '[01m[Knaoqi_bridge_msgs::HeadTouch_<std::allocator<void> >::<anonymous enum>[m[K' vs '[01m[Knaoqi_bridge_msgs::HeadTouch_<std::allocator<void> >::<anonymous enum>[m[K' [-Wenum-compare]
/root/catkin_ws/src/naoqi_driver/src/event/touch.cpp: In instantiation of '[01m[Kvoid naoqi::TouchEventRegister<T>::touchCallbackMessage(std::__cxx11::string&, bool&, naoqi_bridge_msgs::Bumper&) [with T = naoqi_bridge_msgs::HeadTouch_<std::allocator<void> >; std::__cxx11::string = std::__cxx11::basic_string<char>; naoqi_bridge_msgs::Bumper = naoqi_bridge_msgs::Bumper_<std::allocator<void> >][m[K':
[01m[K/root/catkin_ws/src/naoqi_driver/src/event/touch.cpp:248:16:[m[K   required from here
[01m[Kcc1plus:[m[K [01;35m[Kwarning: [m[Kenumeral mismatch in conditional expression: '[01m[Knaoqi_bridge_msgs::Bumper_<std::allocator<void> >::<anonymous enum>[m[K' vs '[01m[Knaoqi_bridge_msgs::Bumper_<std::allocator<void> >::<anonymous enum>[m[K' [-Wenum-compare]
/root/catkin_ws/src/naoqi_driver/src/event/touch.cpp: In instantiation of '[01m[Kvoid naoqi::TouchEventRegister<T>::touchCallbackMessage(std::__cxx11::string&, bool&, naoqi_bridge_msgs::HandTouch&) [with T = naoqi_bridge_msgs::HeadTouch_<std::allocator<void> >; std::__cxx11::string = std::__cxx11::basic_string<char>; naoqi_bridge_msgs::HandTouch = naoqi_bridge_msgs::HandTouch_<std::allocator<void> >][m[K':
[01m[K/root/catkin_ws/src/naoqi_driver/src/event/touch.cpp:248:16:[m[K   required from here
[01m[Kcc1plus:[m[K [01;35m[Kwarning: [m[Kenumeral mismatch in conditional expression: '[01m[Knaoqi_bridge_msgs::HandTouch_<std::allocator<void> >::<anonymous enum>[m[K' vs '[01m[Knaoqi_bridge_msgs::HandTouch_<std::allocator<void> >::<anonymous enum>[m[K' [-Wenum-compare]
/root/catkin_ws/src/naoqi_driver/src/event/touch.cpp: In instantiation of '[01m[Kvoid naoqi::TouchEventRegister<T>::touchCallbackMessage(std::__cxx11::string&, bool&, naoqi_bridge_msgs::HeadTouch&) [with T = naoqi_bridge_msgs::HeadTouch_<std::allocator<void> >; std::__cxx11::string = std::__cxx11::basic_string<char>; naoqi_bridge_msgs::HeadTouch = naoqi_bridge_msgs::HeadTouch_<std::allocator<void> >][m[K':
[01m[K/root/catkin_ws/src/naoqi_driver/src/event/touch.cpp:248:16:[m[K   required from here
[01m[Kcc1plus:[m[K [01;35m[Kwarning: [m[Kenumeral mismatch in conditional expression: '[01m[Knaoqi_bridge_msgs::HeadTouch_<std::allocator<void> >::<anonymous enum>[m[K' vs '[01m[Knaoqi_bridge_msgs::HeadTouch_<std::allocator<void> >::<anonymous enum>[m[K' [-Wenum-compare]
[ 23%] [32mBuilding CXX object CMakeFiles/naoqi_driver.dir/src/converters/imu.cpp.o[0m
[ 26%] [32mBuilding CXX object CMakeFiles/naoqi_driver.dir/src/converters/info.cpp.o[0m
[ 28%] [32mBuilding CXX object CMakeFiles/naoqi_driver.dir/src/converters/joint_state.cpp.o[0m
[ 30%] [32mBuilding CXX object CMakeFiles/naoqi_driver.dir/src/converters/laser.cpp.o[0m
[ 33%] [32mBuilding CXX object CMakeFiles/naoqi_driver.dir/src/converters/memory_list.cpp.o[0m
[ 35%] [32mBuilding CXX object CMakeFiles/naoqi_driver.dir/src/converters/memory/bool.cpp.o[0m
[ 38%] [32mBuilding CXX object CMakeFiles/naoqi_driver.dir/src/converters/memory/int.cpp.o[0m
[ 40%] [32mBuilding CXX object CMakeFiles/naoqi_driver.dir/src/converters/memory/float.cpp.o[0m
[ 42%] [32mBuilding CXX object CMakeFiles/naoqi_driver.dir/src/converters/memory/string.cpp.o[0m
[ 45%] [32mBuilding CXX object CMakeFiles/naoqi_driver.dir/src/converters/sonar.cpp.o[0m
[ 47%] [32mBuilding CXX object CMakeFiles/naoqi_driver.dir/src/converters/log.cpp.o[0m
[ 50%] [32mBuilding CXX object CMakeFiles/naoqi_driver.dir/src/converters/odom.cpp.o[0m
[ 52%] [32mBuilding CXX object CMakeFiles/naoqi_driver.dir/src/publishers/camera.cpp.o[0m
[ 54%] [32mBuilding CXX object CMakeFiles/naoqi_driver.dir/src/publishers/info.cpp.o[0m
[ 57%] [32mBuilding CXX object CMakeFiles/naoqi_driver.dir/src/publishers/joint_state.cpp.o[0m
[ 59%] [32mBuilding CXX object CMakeFiles/naoqi_driver.dir/src/publishers/log.cpp.o[0m
[ 61%] [32mBuilding CXX object CMakeFiles/naoqi_driver.dir/src/publishers/sonar.cpp.o[0m
[ 64%] [32mBuilding CXX object CMakeFiles/naoqi_driver.dir/src/subscribers/teleop.cpp.o[0m
[ 66%] [32mBuilding CXX object CMakeFiles/naoqi_driver.dir/src/subscribers/moveto.cpp.o[0m
[ 69%] [32mBuilding CXX object CMakeFiles/naoqi_driver.dir/src/subscribers/speech.cpp.o[0m
[ 71%] [32mBuilding CXX object CMakeFiles/naoqi_driver.dir/src/services/robot_config.cpp.o[0m
[ 73%] [32mBuilding CXX object CMakeFiles/naoqi_driver.dir/src/recorder/camera.cpp.o[0m
[ 76%] [32mBuilding CXX object CMakeFiles/naoqi_driver.dir/src/recorder/diagnostics.cpp.o[0m
[ 78%] [32mBuilding CXX object CMakeFiles/naoqi_driver.dir/src/recorder/joint_state.cpp.o[0m
[ 80%] [32mBuilding CXX object CMakeFiles/naoqi_driver.dir/src/recorder/log.cpp.o[0m
[ 83%] [32mBuilding CXX object CMakeFiles/naoqi_driver.dir/src/recorder/sonar.cpp.o[0m
[ 85%] [32mBuilding CXX object CMakeFiles/naoqi_driver.dir/src/tools/robot_description.cpp.o[0m
[ 88%] [32mBuilding CXX object CMakeFiles/naoqi_driver.dir/src/tools/from_any_value.cpp.o[0m
[ 90%] [32m[1mLinking CXX shared library /root/catkin_ws/devel/.private/naoqi_driver/lib/libnaoqi_driver.so[0m
[ 90%] Built target naoqi_driver
[35m[1mScanning dependencies of target naoqi_driver_module[0m
[35m[1mScanning dependencies of target naoqi_driver_node[0m
[ 92%] [32mBuilding CXX object CMakeFiles/naoqi_driver_module.dir/src/autoload_registration.cpp.o[0m
[ 95%] [32mBuilding CXX object CMakeFiles/naoqi_driver_node.dir/src/external_registration.cpp.o[0m
[ 97%] [32m[1mLinking CXX shared library /root/catkin_ws/devel/.private/naoqi_driver/lib/libnaoqi_driver_module.so[0m
[100%] [32m[1mLinking CXX executable /root/catkin_ws/devel/.private/naoqi_driver/lib/naoqi_driver/naoqi_driver_node[0m
[100%] Built target naoqi_driver_module
[100%] Built target naoqi_driver_node
