Determining if the pthread_create exist failed with the following output:
Change Dir: /root/catkin_ws/build/combi_darknet_openface2/CMakeFiles/CMakeTmp

Run Build Command:"/usr/bin/make" "cmTC_2ec1e/fast"
/usr/bin/make -f CMakeFiles/cmTC_2ec1e.dir/build.make CMakeFiles/cmTC_2ec1e.dir/build
make[1]: Entering directory '/root/catkin_ws/build/combi_darknet_openface2/CMakeFiles/CMakeTmp'
Building C object CMakeFiles/cmTC_2ec1e.dir/CheckSymbolExists.c.o
/usr/bin/cc     -o CMakeFiles/cmTC_2ec1e.dir/CheckSymbolExists.c.o   -c /root/catkin_ws/build/combi_darknet_openface2/CMakeFiles/CMakeTmp/CheckSymbolExists.c
Linking C executable cmTC_2ec1e
/usr/bin/cmake -E cmake_link_script CMakeFiles/cmTC_2ec1e.dir/link.txt --verbose=1
/usr/bin/cc       CMakeFiles/cmTC_2ec1e.dir/CheckSymbolExists.c.o  -o cmTC_2ec1e -rdynamic 
CMakeFiles/cmTC_2ec1e.dir/CheckSymbolExists.c.o: In function `main':
CheckSymbolExists.c:(.text+0x16): undefined reference to `pthread_create'
collect2: error: ld returned 1 exit status
CMakeFiles/cmTC_2ec1e.dir/build.make:97: recipe for target 'cmTC_2ec1e' failed
make[1]: *** [cmTC_2ec1e] Error 1
make[1]: Leaving directory '/root/catkin_ws/build/combi_darknet_openface2/CMakeFiles/CMakeTmp'
Makefile:126: recipe for target 'cmTC_2ec1e/fast' failed
make: *** [cmTC_2ec1e/fast] Error 2

File /root/catkin_ws/build/combi_darknet_openface2/CMakeFiles/CMakeTmp/CheckSymbolExists.c:
/* */
#include <pthread.h>

int main(int argc, char** argv)
{
  (void)argv;
#ifndef pthread_create
  return ((int*)(&pthread_create))[argc];
#else
  (void)argc;
  return 0;
#endif
}

Determining if the function pthread_create exists in the pthreads failed with the following output:
Change Dir: /root/catkin_ws/build/combi_darknet_openface2/CMakeFiles/CMakeTmp

Run Build Command:"/usr/bin/make" "cmTC_71e4b/fast"
/usr/bin/make -f CMakeFiles/cmTC_71e4b.dir/build.make CMakeFiles/cmTC_71e4b.dir/build
make[1]: Entering directory '/root/catkin_ws/build/combi_darknet_openface2/CMakeFiles/CMakeTmp'
Building C object CMakeFiles/cmTC_71e4b.dir/CheckFunctionExists.c.o
/usr/bin/cc    -DCHECK_FUNCTION_EXISTS=pthread_create   -o CMakeFiles/cmTC_71e4b.dir/CheckFunctionExists.c.o   -c /usr/share/cmake-3.5/Modules/CheckFunctionExists.c
Linking C executable cmTC_71e4b
/usr/bin/cmake -E cmake_link_script CMakeFiles/cmTC_71e4b.dir/link.txt --verbose=1
/usr/bin/cc   -DCHECK_FUNCTION_EXISTS=pthread_create    CMakeFiles/cmTC_71e4b.dir/CheckFunctionExists.c.o  -o cmTC_71e4b -rdynamic -lpthreads 
/usr/bin/ld: cannot find -lpthreads
collect2: error: ld returned 1 exit status
CMakeFiles/cmTC_71e4b.dir/build.make:97: recipe for target 'cmTC_71e4b' failed
make[1]: *** [cmTC_71e4b] Error 1
make[1]: Leaving directory '/root/catkin_ws/build/combi_darknet_openface2/CMakeFiles/CMakeTmp'
Makefile:126: recipe for target 'cmTC_71e4b/fast' failed
make: *** [cmTC_71e4b/fast] Error 2


