Determining if the pthread_create exist failed with the following output:
Change Dir: /root/catkin_ws/build/darknet_ros/CMakeFiles/CMakeTmp

Run Build Command:"/usr/bin/make" "cmTC_cd828/fast"
/usr/bin/make -f CMakeFiles/cmTC_cd828.dir/build.make CMakeFiles/cmTC_cd828.dir/build
make[1]: Entering directory '/root/catkin_ws/build/darknet_ros/CMakeFiles/CMakeTmp'
Building C object CMakeFiles/cmTC_cd828.dir/CheckSymbolExists.c.o
/usr/bin/cc    -fPIC    -o CMakeFiles/cmTC_cd828.dir/CheckSymbolExists.c.o   -c /root/catkin_ws/build/darknet_ros/CMakeFiles/CMakeTmp/CheckSymbolExists.c
Linking C executable cmTC_cd828
/usr/bin/cmake -E cmake_link_script CMakeFiles/cmTC_cd828.dir/link.txt --verbose=1
/usr/bin/cc  -fPIC     CMakeFiles/cmTC_cd828.dir/CheckSymbolExists.c.o  -o cmTC_cd828 -rdynamic 
CMakeFiles/cmTC_cd828.dir/CheckSymbolExists.c.o: In function `main':
CheckSymbolExists.c:(.text+0x1b): undefined reference to `pthread_create'
collect2: error: ld returned 1 exit status
CMakeFiles/cmTC_cd828.dir/build.make:97: recipe for target 'cmTC_cd828' failed
make[1]: *** [cmTC_cd828] Error 1
make[1]: Leaving directory '/root/catkin_ws/build/darknet_ros/CMakeFiles/CMakeTmp'
Makefile:126: recipe for target 'cmTC_cd828/fast' failed
make: *** [cmTC_cd828/fast] Error 2

File /root/catkin_ws/build/darknet_ros/CMakeFiles/CMakeTmp/CheckSymbolExists.c:
/* */
#include <pthread.h>

int main(int argc, char** argv)
{
  (void)argv;
#ifndef pthread_create
  return ((int*)(&pthread_create))[argc];
#else
  (void)argc;
  return 0;
#endif
}

Determining if the function pthread_create exists in the pthreads failed with the following output:
Change Dir: /root/catkin_ws/build/darknet_ros/CMakeFiles/CMakeTmp

Run Build Command:"/usr/bin/make" "cmTC_092c2/fast"
/usr/bin/make -f CMakeFiles/cmTC_092c2.dir/build.make CMakeFiles/cmTC_092c2.dir/build
make[1]: Entering directory '/root/catkin_ws/build/darknet_ros/CMakeFiles/CMakeTmp'
Building C object CMakeFiles/cmTC_092c2.dir/CheckFunctionExists.c.o
/usr/bin/cc    -fPIC -DCHECK_FUNCTION_EXISTS=pthread_create   -o CMakeFiles/cmTC_092c2.dir/CheckFunctionExists.c.o   -c /usr/share/cmake-3.5/Modules/CheckFunctionExists.c
Linking C executable cmTC_092c2
/usr/bin/cmake -E cmake_link_script CMakeFiles/cmTC_092c2.dir/link.txt --verbose=1
/usr/bin/cc  -fPIC -DCHECK_FUNCTION_EXISTS=pthread_create    CMakeFiles/cmTC_092c2.dir/CheckFunctionExists.c.o  -o cmTC_092c2 -rdynamic -lpthreads 
/usr/bin/ld: cannot find -lpthreads
collect2: error: ld returned 1 exit status
CMakeFiles/cmTC_092c2.dir/build.make:97: recipe for target 'cmTC_092c2' failed
make[1]: *** [cmTC_092c2] Error 1
make[1]: Leaving directory '/root/catkin_ws/build/darknet_ros/CMakeFiles/CMakeTmp'
Makefile:126: recipe for target 'cmTC_092c2/fast' failed
make: *** [cmTC_092c2/fast] Error 2


