Determining if the pthread_create exist failed with the following output:
Change Dir: /root/catkin_ws/build/image_rotate/CMakeFiles/CMakeTmp

Run Build Command:"/usr/bin/make" "cmTC_1cf07/fast"
/usr/bin/make -f CMakeFiles/cmTC_1cf07.dir/build.make CMakeFiles/cmTC_1cf07.dir/build
make[1]: Entering directory '/root/catkin_ws/build/image_rotate/CMakeFiles/CMakeTmp'
Building C object CMakeFiles/cmTC_1cf07.dir/CheckSymbolExists.c.o
/usr/bin/cc     -o CMakeFiles/cmTC_1cf07.dir/CheckSymbolExists.c.o   -c /root/catkin_ws/build/image_rotate/CMakeFiles/CMakeTmp/CheckSymbolExists.c
Linking C executable cmTC_1cf07
/usr/bin/cmake -E cmake_link_script CMakeFiles/cmTC_1cf07.dir/link.txt --verbose=1
/usr/bin/cc       CMakeFiles/cmTC_1cf07.dir/CheckSymbolExists.c.o  -o cmTC_1cf07 -rdynamic 
CMakeFiles/cmTC_1cf07.dir/CheckSymbolExists.c.o: In function `main':
CheckSymbolExists.c:(.text+0x16): undefined reference to `pthread_create'
collect2: error: ld returned 1 exit status
CMakeFiles/cmTC_1cf07.dir/build.make:97: recipe for target 'cmTC_1cf07' failed
make[1]: *** [cmTC_1cf07] Error 1
make[1]: Leaving directory '/root/catkin_ws/build/image_rotate/CMakeFiles/CMakeTmp'
Makefile:126: recipe for target 'cmTC_1cf07/fast' failed
make: *** [cmTC_1cf07/fast] Error 2

File /root/catkin_ws/build/image_rotate/CMakeFiles/CMakeTmp/CheckSymbolExists.c:
/* */
#include <pthread.h>

int main(int argc, char** argv)
{
  (void)argv;
#ifndef pthread_create
  return ((int*)(&pthread_create))[argc];
#else
  (void)argc;
  return 0;
#endif
}

Determining if the function pthread_create exists in the pthreads failed with the following output:
Change Dir: /root/catkin_ws/build/image_rotate/CMakeFiles/CMakeTmp

Run Build Command:"/usr/bin/make" "cmTC_66c27/fast"
/usr/bin/make -f CMakeFiles/cmTC_66c27.dir/build.make CMakeFiles/cmTC_66c27.dir/build
make[1]: Entering directory '/root/catkin_ws/build/image_rotate/CMakeFiles/CMakeTmp'
Building C object CMakeFiles/cmTC_66c27.dir/CheckFunctionExists.c.o
/usr/bin/cc    -DCHECK_FUNCTION_EXISTS=pthread_create   -o CMakeFiles/cmTC_66c27.dir/CheckFunctionExists.c.o   -c /usr/share/cmake-3.5/Modules/CheckFunctionExists.c
Linking C executable cmTC_66c27
/usr/bin/cmake -E cmake_link_script CMakeFiles/cmTC_66c27.dir/link.txt --verbose=1
/usr/bin/cc   -DCHECK_FUNCTION_EXISTS=pthread_create    CMakeFiles/cmTC_66c27.dir/CheckFunctionExists.c.o  -o cmTC_66c27 -rdynamic -lpthreads 
/usr/bin/ld: cannot find -lpthreads
collect2: error: ld returned 1 exit status
CMakeFiles/cmTC_66c27.dir/build.make:97: recipe for target 'cmTC_66c27' failed
make[1]: *** [cmTC_66c27] Error 1
make[1]: Leaving directory '/root/catkin_ws/build/image_rotate/CMakeFiles/CMakeTmp'
Makefile:126: recipe for target 'cmTC_66c27/fast' failed
make: *** [cmTC_66c27/fast] Error 2


