[01m[K/root/catkin_ws/src/combi_darknet_openface/src/combi_darknet_openface_node.cpp:[m[K In member function '[01m[Kvoid CombiDarknetOpenface::depthImageCallback(const ImageConstPtr&)[m[K':
[01m[K/root/catkin_ws/src/combi_darknet_openface/src/combi_darknet_openface_node.cpp:1661:49:[m[K [01;31m[Kerror: [m[K'[01m[Km[m[K' was not declared in this scope
             Eigen::MatrixXd T = Eigen::MatrixXd(m,n);
[01;32m[K                                                 ^[m[K
[01m[K/root/catkin_ws/src/combi_darknet_openface/src/combi_darknet_openface_node.cpp:1661:49:[m[K [01;36m[Knote: [m[Ksuggested alternative:
In file included from [01m[K/usr/local/include/dlib/matrix.h:19:0[m[K,
                 from [01m[K/usr/local/include/dlib/geometry/point_transforms.h:9[m[K,
                 from [01m[K/usr/local/include/dlib/geometry.h:10[m[K,
                 from [01m[K/usr/local/include/dlib/image_processing/object_detector.h:7[m[K,
                 from [01m[K/usr/local/include/dlib/image_processing/frontal_face_detector.h:7[m[K,
                 from [01m[K/usr/local/include/openface/LandmarkDetectorModel.h:67[m[K,
                 from [01m[K/usr/local/include/openface/LandmarkCoreIncludes.h:63[m[K,
                 from [01m[K/root/catkin_ws/src/combi_darknet_openface/src/combi_darknet_openface_node.cpp:40[m[K:
[01m[K/usr/local/include/dlib/matrix/matrix_blas_bindings.h:625:31:[m[K [01;36m[Knote: [m[K  '[01m[Kdlib::blas_bindings::m[m[K'
         extern matrix<double> m;     // general matrix 
[01;32m[K                               ^[m[K
[01m[K/root/catkin_ws/src/combi_darknet_openface/src/combi_darknet_openface_node.cpp:1661:51:[m[K [01;31m[Kerror: [m[K'[01m[Kn[m[K' was not declared in this scope
             Eigen::MatrixXd T = Eigen::MatrixXd(m,n);
[01;32m[K                                                   ^[m[K
[01m[K/root/catkin_ws/src/combi_darknet_openface/src/combi_darknet_openface_node.cpp:1680:52:[m[K [01;31m[Kerror: [m[Kexpected '[01m[K;[m[K' before string constant
             std::cout<<"measurement:"<<measurementx","<<measurementy<<std::endl;//commentout(11/21)
[01;32m[K                                                    ^[m[K
make[2]: *** [CMakeFiles/combi_darknet_openface_node.dir/src/combi_darknet_openface_node.cpp.o] Error 1
make[1]: *** [CMakeFiles/combi_darknet_openface_node.dir/all] Error 2
make: *** [all] Error 2
