[01m[K/root/catkin_ws/src/combi_darknet_openface/src/combi_darknet_openface_node.cpp:73:28:[m[K [01;35m[Kwarning: [m[KISO C++11 requires whitespace after the macro name
 #define ORIENTATION_IN_VIEW　1
[01;32m[K                            ^[m[K
[01m[K/root/catkin_ws/src/combi_darknet_openface/src/combi_darknet_openface_node.cpp:74:28:[m[K [01;35m[Kwarning: [m[KISO C++11 requires whitespace after the macro name
 #define ORIENTATION_IN_VIEW　2
[01;32m[K                            ^[m[K
[01m[K/root/catkin_ws/src/combi_darknet_openface/src/combi_darknet_openface_node.cpp:74:0:[m[K [01;35m[Kwarning: [m[K"ORIENTATION_IN_VIEW" redefined
 #define ORIENTATION_IN_VIEW　2
[01;32m[K ^[m[K
[01m[K/root/catkin_ws/src/combi_darknet_openface/src/combi_darknet_openface_node.cpp:73:0:[m[K [01;36m[Knote: [m[Kthis is the location of the previous definition
 #define ORIENTATION_IN_VIEW　1
[01;32m[K ^[m[K
[01m[K/root/catkin_ws/src/combi_darknet_openface/src/combi_darknet_openface_node.cpp:901:13:[m[K [01;31m[Kerror: [m[Kstray '[01m[K\343[m[K' in program
             movemode = ORIENTATION_IN_VIEW;
[01;32m[K             ^[m[K
[01m[K/root/catkin_ws/src/combi_darknet_openface/src/combi_darknet_openface_node.cpp:901:13:[m[K [01;31m[Kerror: [m[Kstray '[01m[K\200[m[K' in program
[01m[K/root/catkin_ws/src/combi_darknet_openface/src/combi_darknet_openface_node.cpp:901:13:[m[K [01;31m[Kerror: [m[Kstray '[01m[K\200[m[K' in program
[01m[K/root/catkin_ws/src/combi_darknet_openface/src/combi_darknet_openface_node.cpp:[m[K In member function '[01m[Kvoid CombiDarknetOpenface::Calculate_TimeUse(double)[m[K':
[01m[K/root/catkin_ws/src/combi_darknet_openface/src/combi_darknet_openface_node.cpp:869:17:[m[K [01;31m[Kerror: [m[K'[01m[Knotmeasurementcnt[m[K' was not declared in this scope
                 notmeasurementcnt += 1;
[01;32m[K                 ^[m[K
[01m[K/root/catkin_ws/src/combi_darknet_openface/src/combi_darknet_openface_node.cpp:908:24:[m[K [01;31m[Kerror: [m[K'[01m[KORIENTATION_OUT_VIEW[m[K' was not declared in this scope
             movemode = ORIENTATION_OUT_VIEW;
[01;32m[K                        ^[m[K
[01m[K/root/catkin_ws/src/combi_darknet_openface/src/combi_darknet_openface_node.cpp:[m[K In member function '[01m[Kvoid CombiDarknetOpenface::msgCallback_RobotPoseMsg(const ConstPtr&)[m[K':
[01m[K/root/catkin_ws/src/combi_darknet_openface/src/combi_darknet_openface_node.cpp:1808:9:[m[K [01;31m[Kerror: [m[K'[01m[Krobot_arrow_pub[m[K' was not declared in this scope
         robot_arrow_pub.publish(robotarrow);
[01;32m[K         ^[m[K
make[2]: *** [CMakeFiles/combi_darknet_openface_node.dir/src/combi_darknet_openface_node.cpp.o] Error 1
make[1]: *** [CMakeFiles/combi_darknet_openface_node.dir/all] Error 2
make: *** [all] Error 2
