[01m[K/root/catkin_ws/src/combi_darknet_openface/src/combi_darknet_openface_node.cpp:[m[K In member function '[01m[Kvoid CombiDarknetOpenface::rgbImageCallback(const ImageConstPtr&)[m[K':
[01m[K/root/catkin_ws/src/combi_darknet_openface/src/combi_darknet_openface_node.cpp:2430:13:[m[K [01;31m[Kerror: [m[Kexpected '[01m[K;[m[K' before '[01m[K{[m[K' token
             {
[01;32m[K             ^[m[K
[01m[K/root/catkin_ws/src/combi_darknet_openface/src/combi_darknet_openface_node.cpp:2433:13:[m[K [01;31m[Kerror: [m[Kexpected '[01m[K}[m[K' before '[01m[Kelse[m[K'
             else
[01;32m[K             ^[m[K
[01m[K/root/catkin_ws/src/combi_darknet_openface/src/combi_darknet_openface_node.cpp:2438:9:[m[K [01;31m[Kerror: [m[K'[01m[Kelse[m[K' without a previous '[01m[Kif[m[K'
         else if(move_mode==OrientationFront)
[01;32m[K         ^[m[K
[01m[K/root/catkin_ws/src/combi_darknet_openface/src/combi_darknet_openface_node.cpp:[m[K At global scope:
[01m[K/root/catkin_ws/src/combi_darknet_openface/src/combi_darknet_openface_node.cpp:2448:16:[m[K [01;31m[Kerror: [m[Kexpected constructor, destructor, or type conversion before '[01m[K([m[K' token
     cv::putText(cv_ptr->image, tostr(angularsig), cv::Point(20,120), CV_FONT_HERSHEY_DUPLEX, 1.0, cv::Scalar(255,255,0), 2,CV_AA);
[01;32m[K                ^[m[K
[01m[K/root/catkin_ws/src/combi_darknet_openface/src/combi_darknet_openface_node.cpp:2449:16:[m[K [01;31m[Kerror: [m[Kexpected constructor, destructor, or type conversion before '[01m[K([m[K' token
     cv::putText(cv_ptr->image, tostr(linearxsig), cv::Point(20,150), CV_FONT_HERSHEY_DUPLEX, 1.0, cv::Scalar(255,255,0), 2,CV_AA);
[01;32m[K                ^[m[K
[01m[K/root/catkin_ws/src/combi_darknet_openface/src/combi_darknet_openface_node.cpp:2450:16:[m[K [01;31m[Kerror: [m[Kexpected constructor, destructor, or type conversion before '[01m[K([m[K' token
     cv::putText(cv_ptr->image, tostr(linearysig), cv::Point(20,180), CV_FONT_HERSHEY_DUPLEX, 1.0, cv::Scalar(255,255,0), 2,CV_AA);
[01;32m[K                ^[m[K
[01m[K/root/catkin_ws/src/combi_darknet_openface/src/combi_darknet_openface_node.cpp:2452:16:[m[K [01;31m[Kerror: [m[Kexpected constructor, destructor, or type conversion before '[01m[K([m[K' token
     cv::putText(cv_ptr->image, tostr(errortmptheta), cv::Point(140,120), CV_FONT_HERSHEY_DUPLEX, 1.0, cv::Scalar(0,255,0), 2,CV_AA);
[01;32m[K                ^[m[K
[01m[K/root/catkin_ws/src/combi_darknet_openface/src/combi_darknet_openface_node.cpp:2453:16:[m[K [01;31m[Kerror: [m[Kexpected constructor, destructor, or type conversion before '[01m[K([m[K' token
     cv::putText(cv_ptr->image, tostr(errortmpx), cv::Point(140,150), CV_FONT_HERSHEY_DUPLEX, 1.0, cv::Scalar(0,255,0), 2,CV_AA);
[01;32m[K                ^[m[K
[01m[K/root/catkin_ws/src/combi_darknet_openface/src/combi_darknet_openface_node.cpp:2454:16:[m[K [01;31m[Kerror: [m[Kexpected constructor, destructor, or type conversion before '[01m[K([m[K' token
     cv::putText(cv_ptr->image, tostr(errortmpy), cv::Point(140,180), CV_FONT_HERSHEY_DUPLEX, 1.0, cv::Scalar(0,255,0), 2,CV_AA);
[01;32m[K                ^[m[K
[01m[K/root/catkin_ws/src/combi_darknet_openface/src/combi_darknet_openface_node.cpp:2484:15:[m[K [01;31m[Kerror: [m[Kexpected constructor, destructor, or type conversion before '[01m[K([m[K' token
     cv::resize(cv_ptr->image, cv_ptr->image, cv::Size(), ResizeSize, ResizeSize);
[01;32m[K               ^[m[K
[01m[K/root/catkin_ws/src/combi_darknet_openface/src/combi_darknet_openface_node.cpp:2486:15:[m[K [01;31m[Kerror: [m[Kexpected constructor, destructor, or type conversion before '[01m[K([m[K' token
     cv::imshow("RGB image", cv_ptr->image);
[01;32m[K               ^[m[K
[01m[K/root/catkin_ws/src/combi_darknet_openface/src/combi_darknet_openface_node.cpp:2487:5:[m[K [01;31m[Kerror: [m[Kexpected unqualified-id before '[01m[Kif[m[K'
     if(display_num==2)
[01;32m[K     ^[m[K
[01m[K/root/catkin_ws/src/combi_darknet_openface/src/combi_darknet_openface_node.cpp:2493:5:[m[K [01;31m[Kerror: [m[Kexpected unqualified-id before '[01m[Kelse[m[K'
     else
[01;32m[K     ^[m[K
[01m[K/root/catkin_ws/src/combi_darknet_openface/src/combi_darknet_openface_node.cpp:2499:16:[m[K [01;31m[Kerror: [m[Kexpected constructor, destructor, or type conversion before '[01m[K([m[K' token
     cv::waitKey(10);
[01;32m[K                ^[m[K
[01m[K/root/catkin_ws/src/combi_darknet_openface/src/combi_darknet_openface_node.cpp:2501:10:[m[K [01;31m[Kerror: [m[K'[01m[Kcout[m[K' in namespace '[01m[Kstd[m[K' does not name a type
     std::cout << "rgb image finished" << std::endl;
[01;32m[K          ^[m[K
[01m[K/root/catkin_ws/src/combi_darknet_openface/src/combi_darknet_openface_node.cpp:2502:10:[m[K [01;31m[Kerror: [m[K'[01m[Kcout[m[K' in namespace '[01m[Kstd[m[K' does not name a type
     std::cout<<""<<std::endl;
[01;32m[K          ^[m[K
[01m[K/root/catkin_ws/src/combi_darknet_openface/src/combi_darknet_openface_node.cpp:2503:1:[m[K [01;31m[Kerror: [m[Kexpected declaration before '[01m[K}[m[K' token
 }
[01;32m[K ^[m[K
make[2]: *** [CMakeFiles/combi_darknet_openface_node.dir/src/combi_darknet_openface_node.cpp.o] Error 1
make[1]: *** [CMakeFiles/combi_darknet_openface_node.dir/all] Error 2
make: *** [all] Error 2
