[01m[K/root/catkin_ws/src/combi_darknet_openface/src/combi_darknet_openface_node.cpp:[m[K In member function '[01m[Kvoid CombiDarknetOpenface::Calculate_TimeUse(double)[m[K':
[01m[K/root/catkin_ws/src/combi_darknet_openface/src/combi_darknet_openface_node.cpp:1231:43:[m[K [01;31m[Kerror: [m[Kno match for '[01m[Koperator-[m[K' (operand types are '[01m[K__gnu_cxx::__alloc_traits<std::allocator<int> >::value_type {aka int}[m[K' and '[01m[Kstd::vector<int>[m[K')
                 if(nosetoend<((left_eye[0]-right_eye)/2))
[01;32m[K                                           ^[m[K
In file included from [01m[K/usr/include/c++/5/bits/stl_algobase.h:67:0[m[K,
                 from [01m[K/usr/include/c++/5/bits/char_traits.h:39[m[K,
                 from [01m[K/usr/include/c++/5/string:40[m[K,
                 from [01m[K/opt/ros/kinetic/include/ros/platform.h:55[m[K,
                 from [01m[K/opt/ros/kinetic/include/ros/time.h:53[m[K,
                 from [01m[K/opt/ros/kinetic/include/ros/ros.h:38[m[K,
                 from [01m[K/root/catkin_ws/src/combi_darknet_openface/src/combi_darknet_openface_node.cpp:1[m[K:
[01m[K/usr/include/c++/5/bits/stl_iterator.h:328:5:[m[K [01;36m[Knote: [m[Kcandidate: template<class _Iterator> typename std::reverse_iterator<_Iterator>::difference_type std::operator-(const std::reverse_iterator<_Iterator>&, const std::reverse_iterator<_Iterator>&)
     operator-(const reverse_iterator<_Iterator>& __x,
[01;32m[K     ^[m[K
[01m[K/usr/include/c++/5/bits/stl_iterator.h:328:5:[m[K [01;36m[Knote: [m[K  template argument deduction/substitution failed:
[01m[K/root/catkin_ws/src/combi_darknet_openface/src/combi_darknet_openface_node.cpp:1231:44:[m[K [01;36m[Knote: [m[K  mismatched types '[01m[Kconst std::reverse_iterator<_Iterator>[m[K' and '[01m[K__gnu_cxx::__alloc_traits<std::allocator<int> >::value_type {aka int}[m[K'
                 if(nosetoend<((left_eye[0]-right_eye)/2))
[01;32m[K                                            ^[m[K
In file included from [01m[K/usr/include/c++/5/bits/stl_algobase.h:67:0[m[K,
                 from [01m[K/usr/include/c++/5/bits/char_traits.h:39[m[K,
                 from [01m[K/usr/include/c++/5/string:40[m[K,
                 from [01m[K/opt/ros/kinetic/include/ros/platform.h:55[m[K,
                 from [01m[K/opt/ros/kinetic/include/ros/time.h:53[m[K,
                 from [01m[K/opt/ros/kinetic/include/ros/ros.h:38[m[K,
                 from [01m[K/root/catkin_ws/src/combi_darknet_openface/src/combi_darknet_openface_node.cpp:1[m[K:
[01m[K/usr/include/c++/5/bits/stl_iterator.h:380:5:[m[K [01;36m[Knote: [m[Kcandidate: template<class _IteratorL, class _IteratorR> decltype ((__y.base() - __x.base())) std::operator-(const std::reverse_iterator<_Iterator>&, const std::reverse_iterator<_IteratorR>&)
     operator-(const reverse_iterator<_IteratorL>& __x,
[01;32m[K     ^[m[K
[01m[K/usr/include/c++/5/bits/stl_iterator.h:380:5:[m[K [01;36m[Knote: [m[K  template argument deduction/substitution failed:
[01m[K/root/catkin_ws/src/combi_darknet_openface/src/combi_darknet_openface_node.cpp:1231:44:[m[K [01;36m[Knote: [m[K  mismatched types '[01m[Kconst std::reverse_iterator<_Iterator>[m[K' and '[01m[K__gnu_cxx::__alloc_traits<std::allocator<int> >::value_type {aka int}[m[K'
                 if(nosetoend<((left_eye[0]-right_eye)/2))
[01;32m[K                                            ^[m[K
In file included from [01m[K/usr/include/c++/5/bits/stl_algobase.h:67:0[m[K,
                 from [01m[K/usr/include/c++/5/bits/char_traits.h:39[m[K,
                 from [01m[K/usr/include/c++/5/string:40[m[K,
                 from [01m[K/opt/ros/kinetic/include/ros/platform.h:55[m[K,
                 from [01m[K/opt/ros/kinetic/include/ros/time.h:53[m[K,
                 from [01m[K/opt/ros/kinetic/include/ros/ros.h:38[m[K,
                 from [01m[K/root/catkin_ws/src/combi_darknet_openface/src/combi_darknet_openface_node.cpp:1[m[K:
[01m[K/usr/include/c++/5/bits/stl_iterator.h:1138:5:[m[K [01;36m[Knote: [m[Kcandidate: template<class _IteratorL, class _IteratorR> decltype ((__x.base() - __y.base())) std::operator-(const std::move_iterator<_Iterator>&, const std::move_iterator<_IteratorR>&)
     operator-(const move_iterator<_IteratorL>& __x,
[01;32m[K     ^[m[K
[01m[K/usr/include/c++/5/bits/stl_iterator.h:1138:5:[m[K [01;36m[Knote: [m[K  template argument deduction/substitution failed:
[01m[K/root/catkin_ws/src/combi_darknet_openface/src/combi_darknet_openface_node.cpp:1231:44:[m[K [01;36m[Knote: [m[K  mismatched types '[01m[Kconst std::move_iterator<_Iterator>[m[K' and '[01m[K__gnu_cxx::__alloc_traits<std::allocator<int> >::value_type {aka int}[m[K'
                 if(nosetoend<((left_eye[0]-right_eye)/2))
[01;32m[K                                            ^[m[K
In file included from [01m[K/usr/include/c++/5/bits/stl_algobase.h:67:0[m[K,
                 from [01m[K/usr/include/c++/5/bits/char_traits.h:39[m[K,
                 from [01m[K/usr/include/c++/5/string:40[m[K,
                 from [01m[K/opt/ros/kinetic/include/ros/platform.h:55[m[K,
                 from [01m[K/opt/ros/kinetic/include/ros/time.h:53[m[K,
                 from [01m[K/opt/ros/kinetic/include/ros/ros.h:38[m[K,
                 from [01m[K/root/catkin_ws/src/combi_darknet_openface/src/combi_darknet_openface_node.cpp:1[m[K:
[01m[K/usr/include/c++/5/bits/stl_iterator.h:1145:5:[m[K [01;36m[Knote: [m[Kcandidate: template<class _Iterator> decltype ((__x.base() - __y.base())) std::operator-(const std::move_iterator<_Iterator>&, const std::move_iterator<_Iterator>&)
     operator-(const move_iterator<_Iterator>& __x,
[01;32m[K     ^[m[K
[01m[K/usr/include/c++/5/bits/stl_iterator.h:1145:5:[m[K [01;36m[Knote: [m[K  template argument deduction/substitution failed:
[01m[K/root/catkin_ws/src/combi_darknet_openface/src/combi_darknet_openface_node.cpp:1231:44:[m[K [01;36m[Knote: [m[K  mismatched types '[01m[Kconst std::move_iterator<_Iterator>[m[K' and '[01m[K__gnu_cxx::__alloc_traits<std::allocator<int> >::value_type {aka int}[m[K'
                 if(nosetoend<((left_eye[0]-right_eye)/2))
[01;32m[K                                            ^[m[K
In file included from [01m[K/usr/include/c++/5/vector:65:0[m[K,
                 from [01m[K/usr/include/c++/5/bits/random.h:34[m[K,
                 from [01m[K/usr/include/c++/5/random:49[m[K,
                 from [01m[K/usr/include/c++/5/bits/stl_algo.h:66[m[K,
                 from [01m[K/usr/include/c++/5/algorithm:62[m[K,
                 from [01m[K/usr/include/boost/math/tools/config.hpp:17[m[K,
                 from [01m[K/usr/include/boost/math/special_functions/round.hpp:13[m[K,
                 from [01m[K/opt/ros/kinetic/include/ros/time.h:58[m[K,
                 from [01m[K/opt/ros/kinetic/include/ros/ros.h:38[m[K,
                 from [01m[K/root/catkin_ws/src/combi_darknet_openface/src/combi_darknet_openface_node.cpp:1[m[K:
[01m[K/usr/include/c++/5/bits/stl_bvector.h:208:3:[m[K [01;36m[Knote: [m[Kcandidate: std::ptrdiff_t std::operator-(const std::_Bit_iterator_base&, const std::_Bit_iterator_base&)
   operator-(const _Bit_iterator_base& __x, const _Bit_iterator_base& __y)
[01;32m[K   ^[m[K
[01m[K/usr/include/c++/5/bits/stl_bvector.h:208:3:[m[K [01;36m[Knote: [m[K  no known conversion for argument 1 from '[01m[K__gnu_cxx::__alloc_traits<std::allocator<int> >::value_type {aka int}[m[K' to '[01m[Kconst std::_Bit_iterator_base&[m[K'
In file included from [01m[K/usr/include/boost/config/no_tr1/complex.hpp:21:0[m[K,
                 from [01m[K/usr/include/boost/math/policies/error_handling.hpp:15[m[K,
                 from [01m[K/usr/include/boost/math/special_functions/round.hpp:14[m[K,
                 from [01m[K/opt/ros/kinetic/include/ros/time.h:58[m[K,
                 from [01m[K/opt/ros/kinetic/include/ros/ros.h:38[m[K,
                 from [01m[K/root/catkin_ws/src/combi_darknet_openface/src/combi_darknet_openface_node.cpp:1[m[K:
[01m[K/usr/include/c++/5/complex:356:5:[m[K [01;36m[Knote: [m[Kcandidate: template<class _Tp> std::complex<_Tp> std::operator-(const std::complex<_Tp>&, const std::complex<_Tp>&)
     operator-(const complex<_Tp>& __x, const complex<_Tp>& __y)
[01;32m[K     ^[m[K
[01m[K/usr/include/c++/5/complex:356:5:[m[K [01;36m[Knote: [m[K  template argument deduction/substitution failed:
[01m[K/root/catkin_ws/src/combi_darknet_openface/src/combi_darknet_openface_node.cpp:1231:44:[m[K [01;36m[Knote: [m[K  mismatched types '[01m[Kconst std::complex<_Tp>[m[K' and '[01m[K__gnu_cxx::__alloc_traits<std::allocator<int> >::value_type {aka int}[m[K'
                 if(nosetoend<((left_eye[0]-right_eye)/2))
[01;32m[K                                            ^[m[K
In file included from [01m[K/usr/include/boost/config/no_tr1/complex.hpp:21:0[m[K,
                 from [01m[K/usr/include/boost/math/policies/error_handling.hpp:15[m[K,
                 from [01m[K/usr/include/boost/math/special_functions/round.hpp:14[m[K,
                 from [01m[K/opt/ros/kinetic/include/ros/time.h:58[m[K,
                 from [01m[K/opt/ros/kinetic/include/ros/ros.h:38[m[K,
                 from [01m[K/root/catkin_ws/src/combi_darknet_openface/src/combi_darknet_openface_node.cpp:1[m[K:
[01m[K/usr/include/c++/5/complex:365:5:[m[K [01;36m[Knote: [m[Kcandidate: template<class _Tp> std::complex<_Tp> std::operator-(const std::complex<_Tp>&, const _Tp&)
     operator-(const complex<_Tp>& __x, const _Tp& __y)
[01;32m[K     ^[m[K
[01m[K/usr/include/c++/5/complex:365:5:[m[K [01;36m[Knote: [m[K  template argument deduction/substitution failed:
[01m[K/root/catkin_ws/src/combi_darknet_openface/src/combi_darknet_openface_node.cpp:1231:44:[m[K [01;36m[Knote: [m[K  mismatched types '[01m[Kconst std::complex<_Tp>[m[K' and '[01m[K__gnu_cxx::__alloc_traits<std::allocator<int> >::value_type {aka int}[m[K'
                 if(nosetoend<((left_eye[0]-right_eye)/2))
[01;32m[K                                            ^[m[K
In file included from [01m[K/usr/include/boost/config/no_tr1/complex.hpp:21:0[m[K,
                 from [01m[K/usr/include/boost/math/policies/error_handling.hpp:15[m[K,
                 from [01m[K/usr/include/boost/math/special_functions/round.hpp:14[m[K,
                 from [01m[K/opt/ros/kinetic/include/ros/time.h:58[m[K,
                 from [01m[K/opt/ros/kinetic/include/ros/ros.h:38[m[K,
                 from [01m[K/root/catkin_ws/src/combi_darknet_openface/src/combi_darknet_openface_node.cpp:1[m[K:
[01m[K/usr/include/c++/5/complex:374:5:[m[K [01;36m[Knote: [m[Kcandidate: template<class _Tp> std::complex<_Tp> std::operator-(const _Tp&, const std::complex<_Tp>&)
     operator-(const _Tp& __x, const complex<_Tp>& __y)
[01;32m[K     ^[m[K
[01m[K/usr/include/c++/5/complex:374:5:[m[K [01;36m[Knote: [m[K  template argument deduction/substitution failed:
[01m[K/root/catkin_ws/src/combi_darknet_openface/src/combi_darknet_openface_node.cpp:1231:44:[m[K [01;36m[Knote: [m[K  '[01m[Kstd::vector<int>[m[K' is not derived from '[01m[Kconst std::complex<_Tp>[m[K'
                 if(nosetoend<((left_eye[0]-right_eye)/2))
[01;32m[K                                            ^[m[K
In file included from [01m[K/usr/include/boost/config/no_tr1/complex.hpp:21:0[m[K,
                 from [01m[K/usr/include/boost/math/policies/error_handling.hpp:15[m[K,
                 from [01m[K/usr/include/boost/math/special_functions/round.hpp:14[m[K,
                 from [01m[K/opt/ros/kinetic/include/ros/time.h:58[m[K,
                 from [01m[K/opt/ros/kinetic/include/ros/ros.h:38[m[K,
                 from [01m[K/root/catkin_ws/src/combi_darknet_openface/src/combi_darknet_openface_node.cpp:1[m[K:
[01m[K/usr/include/c++/5/complex:451:5:[m[K [01;36m[Knote: [m[Kcandidate: template<class _Tp> std::complex<_Tp> std::operator-(const std::complex<_Tp>&)
     operator-(const complex<_Tp>& __x)
[01;32m[K     ^[m[K
[01m[K/usr/include/c++/5/complex:451:5:[m[K [01;36m[Knote: [m[K  template argument deduction/substitution failed:
[01m[K/root/catkin_ws/src/combi_darknet_openface/src/combi_darknet_openface_node.cpp:1231:44:[m[K [01;36m[Knote: [m[K  mismatched types '[01m[Kconst std::complex<_Tp>[m[K' and '[01m[K__gnu_cxx::__alloc_traits<std::allocator<int> >::value_type {aka int}[m[K'
                 if(nosetoend<((left_eye[0]-right_eye)/2))
[01;32m[K                                            ^[m[K
In file included from [01m[K/usr/include/c++/5/deque:64:0[m[K,
                 from [01m[K/opt/ros/kinetic/include/opencv-3.2.0-dev/opencv2/objdetect/objdetect_c.h:50[m[K,
                 from [01m[K/opt/ros/kinetic/include/opencv-3.2.0-dev/opencv2/objdetect.hpp:463[m[K,
                 from [01m[K/opt/ros/kinetic/include/opencv-3.2.0-dev/opencv2/opencv.hpp:77[m[K,
                 from [01m[K/root/catkin_ws/src/combi_darknet_openface/src/combi_darknet_openface_node.cpp:9[m[K:
[01m[K/usr/include/c++/5/bits/stl_deque.h:349:5:[m[K [01;36m[Knote: [m[Kcandidate: template<class _Tp, class _Ref, class _Ptr> typename std::_Deque_iterator<_Tp, _Ref, _Ptr>::difference_type std::operator-(const std::_Deque_iterator<_Tp, _Ref, _Ptr>&, const std::_Deque_iterator<_Tp, _Ref, _Ptr>&)
     operator-(const _Deque_iterator<_Tp, _Ref, _Ptr>& __x,
[01;32m[K     ^[m[K
[01m[K/usr/include/c++/5/bits/stl_deque.h:349:5:[m[K [01;36m[Knote: [m[K  template argument deduction/substitution failed:
[01m[K/root/catkin_ws/src/combi_darknet_openface/src/combi_darknet_openface_node.cpp:1231:44:[m[K [01;36m[Knote: [m[K  mismatched types '[01m[Kconst std::_Deque_iterator<_Tp, _Ref, _Ptr>[m[K' and '[01m[K__gnu_cxx::__alloc_traits<std::allocator<int> >::value_type {aka int}[m[K'
                 if(nosetoend<((left_eye[0]-right_eye)/2))
[01;32m[K                                            ^[m[K
In file included from [01m[K/usr/include/c++/5/deque:64:0[m[K,
                 from [01m[K/opt/ros/kinetic/include/opencv-3.2.0-dev/opencv2/objdetect/objdetect_c.h:50[m[K,
                 from [01m[K/opt/ros/kinetic/include/opencv-3.2.0-dev/opencv2/objdetect.hpp:463[m[K,
                 from [01m[K/opt/ros/kinetic/include/opencv-3.2.0-dev/opencv2/opencv.hpp:77[m[K,
                 from [01m[K/root/catkin_ws/src/combi_darknet_openface/src/combi_darknet_openface_node.cpp:9[m[K:
[01m[K/usr/include/c++/5/bits/stl_deque.h:361:5:[m[K [01;36m[Knote: [m[Kcandidate: template<class _Tp, class _RefL, class _PtrL, class _RefR, class _PtrR> typename std::_Deque_iterator<_Tp, _Ref, _Ptr>::difference_type std::operator-(const std::_Deque_iterator<_Tp, _Ref, _Ptr>&, const std::_Deque_iterator<_Tp, _RefR, _PtrR>&)
     operator-(const _Deque_iterator<_Tp, _RefL, _PtrL>& __x,
[01;32m[K     ^[m[K
[01m[K/usr/include/c++/5/bits/stl_deque.h:361:5:[m[K [01;36m[Knote: [m[K  template argument deduction/substitution failed:
[01m[K/root/catkin_ws/src/combi_darknet_openface/src/combi_darknet_openface_node.cpp:1231:44:[m[K [01;36m[Knote: [m[K  mismatched types '[01m[Kconst std::_Deque_iterator<_Tp, _Ref, _Ptr>[m[K' and '[01m[K__gnu_cxx::__alloc_traits<std::allocator<int> >::value_type {aka int}[m[K'
                 if(nosetoend<((left_eye[0]-right_eye)/2))
[01;32m[K                                            ^[m[K
In file included from [01m[K/usr/include/c++/5/bits/stl_algobase.h:67:0[m[K,
                 from [01m[K/usr/include/c++/5/bits/char_traits.h:39[m[K,
                 from [01m[K/usr/include/c++/5/string:40[m[K,
                 from [01m[K/opt/ros/kinetic/include/ros/platform.h:55[m[K,
                 from [01m[K/opt/ros/kinetic/include/ros/time.h:53[m[K,
                 from [01m[K/opt/ros/kinetic/include/ros/ros.h:38[m[K,
                 from [01m[K/root/catkin_ws/src/combi_darknet_openface/src/combi_darknet_openface_node.cpp:1[m[K:
[01m[K/usr/include/c++/5/bits/stl_iterator.h:923:5:[m[K [01;36m[Knote: [m[Kcandidate: template<class _Iterator, class _Container> typename __gnu_cxx::__normal_iterator<_Iterator, _Container>::difference_type __gnu_cxx::operator-(const __gnu_cxx::__normal_iterator<_Iterator, _Container>&, const __gnu_cxx::__normal_iterator<_Iterator, _Container>&)
     operator-(const __normal_iterator<_Iterator, _Container>& __lhs,
[01;32m[K     ^[m[K
[01m[K/usr/include/c++/5/bits/stl_iterator.h:923:5:[m[K [01;36m[Knote: [m[K  template argument deduction/substitution failed:
[01m[K/root/catkin_ws/src/combi_darknet_openface/src/combi_darknet_openface_node.cpp:1231:44:[m[K [01;36m[Knote: [m[K  mismatched types '[01m[Kconst __gnu_cxx::__normal_iterator<_Iterator, _Container>[m[K' and '[01m[K__gnu_cxx::__alloc_traits<std::allocator<int> >::value_type {aka int}[m[K'
                 if(nosetoend<((left_eye[0]-right_eye)/2))
[01;32m[K                                            ^[m[K
In file included from [01m[K/usr/include/c++/5/bits/stl_algobase.h:67:0[m[K,
                 from [01m[K/usr/include/c++/5/bits/char_traits.h:39[m[K,
                 from [01m[K/usr/include/c++/5/string:40[m[K,
                 from [01m[K/opt/ros/kinetic/include/ros/platform.h:55[m[K,
                 from [01m[K/opt/ros/kinetic/include/ros/time.h:53[m[K,
                 from [01m[K/opt/ros/kinetic/include/ros/ros.h:38[m[K,
                 from [01m[K/root/catkin_ws/src/combi_darknet_openface/src/combi_darknet_openface_node.cpp:1[m[K:
[01m[K/usr/include/c++/5/bits/stl_iterator.h:911:5:[m[K [01;36m[Knote: [m[Kcandidate: template<class _IteratorL, class _IteratorR, class _Container> decltype ((__lhs.base() - __rhs.base())) __gnu_cxx::operator-(const __gnu_cxx::__normal_iterator<_IteratorL, _Container>&, const __gnu_cxx::__normal_iterator<_IteratorR, _Container>&)
     operator-(const __normal_iterator<_IteratorL, _Container>& __lhs,
[01;32m[K     ^[m[K
[01m[K/usr/include/c++/5/bits/stl_iterator.h:911:5:[m[K [01;36m[Knote: [m[K  template argument deduction/substitution failed:
[01m[K/root/catkin_ws/src/combi_darknet_openface/src/combi_darknet_openface_node.cpp:1231:44:[m[K [01;36m[Knote: [m[K  mismatched types '[01m[Kconst __gnu_cxx::__normal_iterator<_IteratorL, _Container>[m[K' and '[01m[K__gnu_cxx::__alloc_traits<std::allocator<int> >::value_type {aka int}[m[K'
                 if(nosetoend<((left_eye[0]-right_eye)/2))
[01;32m[K                                            ^[m[K
make[2]: *** [CMakeFiles/combi_darknet_openface_node.dir/src/combi_darknet_openface_node.cpp.o] Error 1
make[1]: *** [CMakeFiles/combi_darknet_openface_node.dir/all] Error 2
make: *** [all] Error 2
