Linked: (/root/catkin_ws/devel/.private/combi_darknet_openface/lib/python2.7/dist-packages/combi_darknet_openface/__init__.py, /root/catkin_ws/devel/lib/python2.7/dist-packages/combi_darknet_openface/__init__.py)
Linked: (/root/catkin_ws/devel/.private/combi_darknet_openface/lib/python2.7/dist-packages/combi_darknet_openface/msg/_Faces.py, /root/catkin_ws/devel/lib/python2.7/dist-packages/combi_darknet_openface/msg/_Faces.py)
Linked: (/root/catkin_ws/devel/.private/combi_darknet_openface/lib/python2.7/dist-packages/combi_darknet_openface/msg/_ActionUnit.py, /root/catkin_ws/devel/lib/python2.7/dist-packages/combi_darknet_openface/msg/_ActionUnit.py)
Linked: (/root/catkin_ws/devel/.private/combi_darknet_openface/lib/python2.7/dist-packages/combi_darknet_openface/msg/__init__.py, /root/catkin_ws/devel/lib/python2.7/dist-packages/combi_darknet_openface/msg/__init__.py)
Linked: (/root/catkin_ws/devel/.private/combi_darknet_openface/lib/python2.7/dist-packages/combi_darknet_openface/msg/_Face.py, /root/catkin_ws/devel/lib/python2.7/dist-packages/combi_darknet_openface/msg/_Face.py)
Linked: (/root/catkin_ws/devel/.private/combi_darknet_openface/lib/combi_darknet_openface/combi_darknet_openface_node, /root/catkin_ws/devel/lib/combi_darknet_openface/combi_darknet_openface_node)
Linked: (/root/catkin_ws/devel/.private/combi_darknet_openface/share/common-lisp/ros/combi_darknet_openface/msg/Faces.lisp, /root/catkin_ws/devel/share/common-lisp/ros/combi_darknet_openface/msg/Faces.lisp)
Linked: (/root/catkin_ws/devel/.private/combi_darknet_openface/share/common-lisp/ros/combi_darknet_openface/msg/_package_ActionUnit.lisp, /root/catkin_ws/devel/share/common-lisp/ros/combi_darknet_openface/msg/_package_ActionUnit.lisp)
Linked: (/root/catkin_ws/devel/.private/combi_darknet_openface/share/common-lisp/ros/combi_darknet_openface/msg/combi_darknet_openface-msg.asd, /root/catkin_ws/devel/share/common-lisp/ros/combi_darknet_openface/msg/combi_darknet_openface-msg.asd)
Linked: (/root/catkin_ws/devel/.private/combi_darknet_openface/share/common-lisp/ros/combi_darknet_openface/msg/Face.lisp, /root/catkin_ws/devel/share/common-lisp/ros/combi_darknet_openface/msg/Face.lisp)
Linked: (/root/catkin_ws/devel/.private/combi_darknet_openface/share/common-lisp/ros/combi_darknet_openface/msg/_package_Faces.lisp, /root/catkin_ws/devel/share/common-lisp/ros/combi_darknet_openface/msg/_package_Faces.lisp)
Linked: (/root/catkin_ws/devel/.private/combi_darknet_openface/share/common-lisp/ros/combi_darknet_openface/msg/_package_Face.lisp, /root/catkin_ws/devel/share/common-lisp/ros/combi_darknet_openface/msg/_package_Face.lisp)
Linked: (/root/catkin_ws/devel/.private/combi_darknet_openface/share/common-lisp/ros/combi_darknet_openface/msg/_package.lisp, /root/catkin_ws/devel/share/common-lisp/ros/combi_darknet_openface/msg/_package.lisp)
Linked: (/root/catkin_ws/devel/.private/combi_darknet_openface/share/common-lisp/ros/combi_darknet_openface/msg/ActionUnit.lisp, /root/catkin_ws/devel/share/common-lisp/ros/combi_darknet_openface/msg/ActionUnit.lisp)
Linked: (/root/catkin_ws/devel/.private/combi_darknet_openface/share/gennodejs/ros/combi_darknet_openface/_index.js, /root/catkin_ws/devel/share/gennodejs/ros/combi_darknet_openface/_index.js)
Linked: (/root/catkin_ws/devel/.private/combi_darknet_openface/share/gennodejs/ros/combi_darknet_openface/msg/Faces.js, /root/catkin_ws/devel/share/gennodejs/ros/combi_darknet_openface/msg/Faces.js)
Linked: (/root/catkin_ws/devel/.private/combi_darknet_openface/share/gennodejs/ros/combi_darknet_openface/msg/Face.js, /root/catkin_ws/devel/share/gennodejs/ros/combi_darknet_openface/msg/Face.js)
Linked: (/root/catkin_ws/devel/.private/combi_darknet_openface/share/gennodejs/ros/combi_darknet_openface/msg/ActionUnit.js, /root/catkin_ws/devel/share/gennodejs/ros/combi_darknet_openface/msg/ActionUnit.js)
Linked: (/root/catkin_ws/devel/.private/combi_darknet_openface/share/gennodejs/ros/combi_darknet_openface/msg/_index.js, /root/catkin_ws/devel/share/gennodejs/ros/combi_darknet_openface/msg/_index.js)
Linked: (/root/catkin_ws/devel/.private/combi_darknet_openface/share/combi_darknet_openface/cmake/combi_darknet_openface-msg-paths.cmake, /root/catkin_ws/devel/share/combi_darknet_openface/cmake/combi_darknet_openface-msg-paths.cmake)
Linked: (/root/catkin_ws/devel/.private/combi_darknet_openface/share/roseus/ros/combi_darknet_openface/manifest.l, /root/catkin_ws/devel/share/roseus/ros/combi_darknet_openface/manifest.l)
Linked: (/root/catkin_ws/devel/.private/combi_darknet_openface/share/roseus/ros/combi_darknet_openface/msg/ActionUnit.l, /root/catkin_ws/devel/share/roseus/ros/combi_darknet_openface/msg/ActionUnit.l)
Linked: (/root/catkin_ws/devel/.private/combi_darknet_openface/share/roseus/ros/combi_darknet_openface/msg/Faces.l, /root/catkin_ws/devel/share/roseus/ros/combi_darknet_openface/msg/Faces.l)
Linked: (/root/catkin_ws/devel/.private/combi_darknet_openface/share/roseus/ros/combi_darknet_openface/msg/Face.l, /root/catkin_ws/devel/share/roseus/ros/combi_darknet_openface/msg/Face.l)
Linked: (/root/catkin_ws/devel/.private/combi_darknet_openface/include/combi_darknet_openface/ActionUnit.h, /root/catkin_ws/devel/include/combi_darknet_openface/ActionUnit.h)
Linked: (/root/catkin_ws/devel/.private/combi_darknet_openface/include/combi_darknet_openface/Faces.h, /root/catkin_ws/devel/include/combi_darknet_openface/Faces.h)
Linked: (/root/catkin_ws/devel/.private/combi_darknet_openface/include/combi_darknet_openface/Face.h, /root/catkin_ws/devel/include/combi_darknet_openface/Face.h)
