[01m[K/root/catkin_ws/src/combi_darknet_openface/src/combi_darknet_openface_node.cpp:[m[K In member function '[01m[Kvoid CombiDarknetOpenface::rgbImageCallback(const ImageConstPtr&)[m[K':
[01m[K/root/catkin_ws/src/combi_darknet_openface/src/combi_darknet_openface_node.cpp:2403:43:[m[K [01;31m[Kerror: [m[Kno matching function for call to '[01m[Kto_string()[m[K'
     cv::putText(dataimage, std::to_string(), cv::Point(550,55), CV_FONT_HERSHEY_DUPLEX, 1.0, cv::Scalar(0,255,255), 2,CV_AA);
[01;32m[K                                           ^[m[K
In file included from [01m[K/usr/include/c++/5/string:52:0[m[K,
                 from [01m[K/opt/ros/kinetic/include/ros/platform.h:55[m[K,
                 from [01m[K/opt/ros/kinetic/include/ros/time.h:53[m[K,
                 from [01m[K/opt/ros/kinetic/include/ros/ros.h:38[m[K,
                 from [01m[K/root/catkin_ws/src/combi_darknet_openface/src/combi_darknet_openface_node.cpp:1[m[K:
[01m[K/usr/include/c++/5/bits/basic_string.h:5299:3:[m[K [01;36m[Knote: [m[Kcandidate: std::__cxx11::string std::__cxx11::to_string(int)
   to_string(int __val)
[01;32m[K   ^[m[K
[01m[K/usr/include/c++/5/bits/basic_string.h:5299:3:[m[K [01;36m[Knote: [m[K  candidate expects 1 argument, 0 provided
[01m[K/usr/include/c++/5/bits/basic_string.h:5304:3:[m[K [01;36m[Knote: [m[Kcandidate: std::__cxx11::string std::__cxx11::to_string(unsigned int)
   to_string(unsigned __val)
[01;32m[K   ^[m[K
[01m[K/usr/include/c++/5/bits/basic_string.h:5304:3:[m[K [01;36m[Knote: [m[K  candidate expects 1 argument, 0 provided
[01m[K/usr/include/c++/5/bits/basic_string.h:5310:3:[m[K [01;36m[Knote: [m[Kcandidate: std::__cxx11::string std::__cxx11::to_string(long int)
   to_string(long __val)
[01;32m[K   ^[m[K
[01m[K/usr/include/c++/5/bits/basic_string.h:5310:3:[m[K [01;36m[Knote: [m[K  candidate expects 1 argument, 0 provided
[01m[K/usr/include/c++/5/bits/basic_string.h:5315:3:[m[K [01;36m[Knote: [m[Kcandidate: std::__cxx11::string std::__cxx11::to_string(long unsigned int)
   to_string(unsigned long __val)
[01;32m[K   ^[m[K
[01m[K/usr/include/c++/5/bits/basic_string.h:5315:3:[m[K [01;36m[Knote: [m[K  candidate expects 1 argument, 0 provided
[01m[K/usr/include/c++/5/bits/basic_string.h:5321:3:[m[K [01;36m[Knote: [m[Kcandidate: std::__cxx11::string std::__cxx11::to_string(long long int)
   to_string(long long __val)
[01;32m[K   ^[m[K
[01m[K/usr/include/c++/5/bits/basic_string.h:5321:3:[m[K [01;36m[Knote: [m[K  candidate expects 1 argument, 0 provided
[01m[K/usr/include/c++/5/bits/basic_string.h:5327:3:[m[K [01;36m[Knote: [m[Kcandidate: std::__cxx11::string std::__cxx11::to_string(long long unsigned int)
   to_string(unsigned long long __val)
[01;32m[K   ^[m[K
[01m[K/usr/include/c++/5/bits/basic_string.h:5327:3:[m[K [01;36m[Knote: [m[K  candidate expects 1 argument, 0 provided
[01m[K/usr/include/c++/5/bits/basic_string.h:5333:3:[m[K [01;36m[Knote: [m[Kcandidate: std::__cxx11::string std::__cxx11::to_string(float)
   to_string(float __val)
[01;32m[K   ^[m[K
[01m[K/usr/include/c++/5/bits/basic_string.h:5333:3:[m[K [01;36m[Knote: [m[K  candidate expects 1 argument, 0 provided
[01m[K/usr/include/c++/5/bits/basic_string.h:5342:3:[m[K [01;36m[Knote: [m[Kcandidate: std::__cxx11::string std::__cxx11::to_string(double)
   to_string(double __val)
[01;32m[K   ^[m[K
[01m[K/usr/include/c++/5/bits/basic_string.h:5342:3:[m[K [01;36m[Knote: [m[K  candidate expects 1 argument, 0 provided
[01m[K/usr/include/c++/5/bits/basic_string.h:5351:3:[m[K [01;36m[Knote: [m[Kcandidate: std::__cxx11::string std::__cxx11::to_string(long double)
   to_string(long double __val)
[01;32m[K   ^[m[K
[01m[K/usr/include/c++/5/bits/basic_string.h:5351:3:[m[K [01;36m[Knote: [m[K  candidate expects 1 argument, 0 provided
make[2]: *** [CMakeFiles/combi_darknet_openface_node.dir/src/combi_darknet_openface_node.cpp.o] Error 1
make[1]: *** [CMakeFiles/combi_darknet_openface_node.dir/all] Error 2
make: *** [all] Error 2
