[01m[K/root/catkin_ws/src/combi_darknet_openface/src/combi_darknet_openface_node.cpp:[m[K In member function '[01m[Kvoid CombiDarknetOpenface::Linear_Line(double, double, double, double, double*, double*)[m[K':
[01m[K/root/catkin_ws/src/combi_darknet_openface/src/combi_darknet_openface_node.cpp:929:15:[m[K [01;31m[Kerror: [m[Kinvalid operands of types '[01m[Kdouble*[m[K' and '[01m[Kdouble[m[K' to binary '[01m[Koperator*[m[K'
     *b = y1-a*x1;
[01;32m[K               ^[m[K
[01m[K/root/catkin_ws/src/combi_darknet_openface/src/combi_darknet_openface_node.cpp:[m[K In member function '[01m[Kvoid CombiDarknetOpenface::ChangeViewPoint(double)[m[K':
[01m[K/root/catkin_ws/src/combi_darknet_openface/src/combi_darknet_openface_node.cpp:1332:57:[m[K [01;31m[Kerror: [m[Kno matching function for call to '[01m[KCombiDarknetOpenface::Linear_Line(int, double&, int, int, double&, double&)[m[K'
                     Linear_Line(45,linearsigval,90,0,a,b);
[01;32m[K                                                         ^[m[K
[01m[K/root/catkin_ws/src/combi_darknet_openface/src/combi_darknet_openface_node.cpp:926:6:[m[K [01;36m[Knote: [m[Kcandidate: void CombiDarknetOpenface::Linear_Line(double, double, double, double, double*, double*)
 void CombiDarknetOpenface::Linear_Line(double x1,double x2,double y1,double y2,double* a,double* b )
[01;32m[K      ^[m[K
[01m[K/root/catkin_ws/src/combi_darknet_openface/src/combi_darknet_openface_node.cpp:926:6:[m[K [01;36m[Knote: [m[K  no known conversion for argument 5 from '[01m[Kdouble[m[K' to '[01m[Kdouble*[m[K'
[01m[K/root/catkin_ws/src/combi_darknet_openface/src/combi_darknet_openface_node.cpp:1351:57:[m[K [01;31m[Kerror: [m[Kno matching function for call to '[01m[KCombiDarknetOpenface::Linear_Line(int, double&, int, int, double&, double&)[m[K'
                     Linear_Line(45,linearsigval,90,0,a,b);
[01;32m[K                                                         ^[m[K
[01m[K/root/catkin_ws/src/combi_darknet_openface/src/combi_darknet_openface_node.cpp:926:6:[m[K [01;36m[Knote: [m[Kcandidate: void CombiDarknetOpenface::Linear_Line(double, double, double, double, double*, double*)
 void CombiDarknetOpenface::Linear_Line(double x1,double x2,double y1,double y2,double* a,double* b )
[01;32m[K      ^[m[K
[01m[K/root/catkin_ws/src/combi_darknet_openface/src/combi_darknet_openface_node.cpp:926:6:[m[K [01;36m[Knote: [m[K  no known conversion for argument 5 from '[01m[Kdouble[m[K' to '[01m[Kdouble*[m[K'
[01m[K/root/catkin_ws/src/combi_darknet_openface/src/combi_darknet_openface_node.cpp:1378:62:[m[K [01;31m[Kerror: [m[Kno matching function for call to '[01m[KCombiDarknetOpenface::Linear_Line(int, double, int, int, double&, double&)[m[K'
                     Linear_Line(45,(-1)*linearsigval,90,0,a,b);
[01;32m[K                                                              ^[m[K
[01m[K/root/catkin_ws/src/combi_darknet_openface/src/combi_darknet_openface_node.cpp:926:6:[m[K [01;36m[Knote: [m[Kcandidate: void CombiDarknetOpenface::Linear_Line(double, double, double, double, double*, double*)
 void CombiDarknetOpenface::Linear_Line(double x1,double x2,double y1,double y2,double* a,double* b )
[01;32m[K      ^[m[K
[01m[K/root/catkin_ws/src/combi_darknet_openface/src/combi_darknet_openface_node.cpp:926:6:[m[K [01;36m[Knote: [m[K  no known conversion for argument 5 from '[01m[Kdouble[m[K' to '[01m[Kdouble*[m[K'
[01m[K/root/catkin_ws/src/combi_darknet_openface/src/combi_darknet_openface_node.cpp:1397:62:[m[K [01;31m[Kerror: [m[Kno matching function for call to '[01m[KCombiDarknetOpenface::Linear_Line(int, double, int, int, double&, double&)[m[K'
                     Linear_Line(45,(-1)*linearsigval,90,0,a,b);
[01;32m[K                                                              ^[m[K
[01m[K/root/catkin_ws/src/combi_darknet_openface/src/combi_darknet_openface_node.cpp:926:6:[m[K [01;36m[Knote: [m[Kcandidate: void CombiDarknetOpenface::Linear_Line(double, double, double, double, double*, double*)
 void CombiDarknetOpenface::Linear_Line(double x1,double x2,double y1,double y2,double* a,double* b )
[01;32m[K      ^[m[K
[01m[K/root/catkin_ws/src/combi_darknet_openface/src/combi_darknet_openface_node.cpp:926:6:[m[K [01;36m[Knote: [m[K  no known conversion for argument 5 from '[01m[Kdouble[m[K' to '[01m[Kdouble*[m[K'
make[2]: *** [CMakeFiles/combi_darknet_openface_node.dir/src/combi_darknet_openface_node.cpp.o] Error 1
make[1]: *** [CMakeFiles/combi_darknet_openface_node.dir/all] Error 2
make: *** [all] Error 2
