[  0%] Built target actionlib_msgs_generate_messages_lisp
[  0%] Built target std_msgs_generate_messages_nodejs
[  0%] Built target std_msgs_generate_messages_py
[  0%] Built target std_msgs_generate_messages_lisp
[  0%] Built target geometry_msgs_generate_messages_nodejs
[  0%] Built target geometry_msgs_generate_messages_lisp
[  0%] Built target darknet_ros_msgs_generate_messages_nodejs
[  0%] Built target geometry_msgs_generate_messages_py
[  0%] Built target geometry_msgs_generate_messages_eus
[  0%] Built target std_msgs_generate_messages_eus
[  0%] Built target _combi_darknet_openface_generate_messages_check_deps_Face
[  0%] Built target darknet_ros_msgs_generate_messages_py
[  0%] Built target _combi_darknet_openface_generate_messages_check_deps_Faces
[  0%] Built target darknet_ros_msgs_generate_messages_lisp
[  0%] Built target tf2_msgs_generate_messages_eus
[  0%] Built target _combi_darknet_openface_generate_messages_check_deps_ActionUnit
[  0%] Built target roscpp_generate_messages_cpp
[  0%] Built target tf2_msgs_generate_messages_lisp
[  0%] Built target actionlib_msgs_generate_messages_py
[  0%] Built target darknet_ros_msgs_generate_messages_cpp
[  0%] Built target roscpp_generate_messages_lisp
[  0%] Built target rosgraph_msgs_generate_messages_cpp
[  0%] Built target darknet_ros_msgs_generate_messages_eus
[  0%] Built target sensor_msgs_generate_messages_nodejs
[  0%] Built target geometry_msgs_generate_messages_cpp
[  0%] Built target tf2_msgs_generate_messages_nodejs
[  0%] Built target tf2_msgs_generate_messages_cpp
[  0%] Built target tf_generate_messages_eus
[  0%] Built target sensor_msgs_generate_messages_cpp
[  0%] Built target rosgraph_msgs_generate_messages_lisp
[  0%] Built target _catkin_empty_exported_target
[  0%] Built target roscpp_generate_messages_nodejs
[  0%] Built target sensor_msgs_generate_messages_lisp
[  0%] Built target actionlib_generate_messages_eus
[  0%] Built target roscpp_generate_messages_eus
[  0%] Built target rosgraph_msgs_generate_messages_nodejs
[  0%] Built target std_msgs_generate_messages_cpp
[  0%] Built target tf_generate_messages_cpp
[  0%] Built target rosgraph_msgs_generate_messages_py
[  0%] Built target rosgraph_msgs_generate_messages_eus
[  0%] Built target tf_generate_messages_lisp
[  0%] Built target tf_generate_messages_py
[  0%] Built target sensor_msgs_generate_messages_py
[  0%] Built target roscpp_generate_messages_py
[  0%] Built target actionlib_msgs_generate_messages_nodejs
[  0%] Built target tf_generate_messages_nodejs
[  0%] Built target actionlib_generate_messages_cpp
[  0%] Built target tf2_msgs_generate_messages_py
[  0%] Built target actionlib_generate_messages_lisp
[  0%] Built target actionlib_msgs_generate_messages_eus
[  0%] Built target actionlib_msgs_generate_messages_cpp
[  0%] Built target actionlib_generate_messages_py
[  0%] Built target actionlib_generate_messages_nodejs
[ 21%] Built target combi_darknet_openface_generate_messages_eus
[ 42%] Built target combi_darknet_openface_generate_messages_py
[ 42%] Built target sensor_msgs_generate_messages_eus
[ 57%] Built target combi_darknet_openface_generate_messages_nodejs
[ 73%] Built target combi_darknet_openface_generate_messages_lisp
[ 89%] Built target combi_darknet_openface_generate_messages_cpp
[ 89%] Built target combi_darknet_openface_generate_messages
[35m[1mScanning dependencies of target combi_darknet_openface_node[0m
[ 94%] [32mBuilding CXX object CMakeFiles/combi_darknet_openface_node.dir/src/combi_darknet_openface_node.cpp.o[0m
[100%] [32m[1mLinking CXX executable /root/catkin_ws/devel/.private/combi_darknet_openface/lib/combi_darknet_openface/combi_darknet_openface_node[0m
[100%] Built target combi_darknet_openface_node
