[01m[K/root/catkin_ws/src/combi_darknet_openface/src/combi_darknet_openface_node.cpp:[m[K In member function '[01m[Kvoid CombiDarknetOpenface::rgbImageCallback(const ImageConstPtr&)[m[K':
[01m[K/root/catkin_ws/src/combi_darknet_openface/src/combi_darknet_openface_node.cpp:2229:150:[m[K [01;31m[Kerror: [m[Kno matching function for call to '[01m[Kcv::Point_<int>::Point_(int, int, cv::Point, cv::Scalar, int)[m[K'
                         cv::line(cv_ptr->image,cv::Point(320,240,cv::Point(boxcenterx[maxindexface],boxcentery[maxindexface]), cv::Scalar(255,0,0), 2);
[01;32m[K                                                                                                                                                      ^[m[K
In file included from [01m[K/opt/ros/kinetic/include/opencv-3.2.0-dev/opencv2/core.hpp:58:0[m[K,
                 from [01m[K/opt/ros/kinetic/include/opencv-3.2.0-dev/opencv2/core/core.hpp:48[m[K,
                 from [01m[K/opt/ros/kinetic/include/cv_bridge/cv_bridge.h:43[m[K,
                 from [01m[K/root/catkin_ws/src/combi_darknet_openface/src/combi_darknet_openface_node.cpp:8[m[K:
[01m[K/opt/ros/kinetic/include/opencv-3.2.0-dev/opencv2/core/types.hpp:1087:1:[m[K [01;36m[Knote: [m[Kcandidate: cv::Point_<_Tp>::Point_(const cv::Vec<_Tp, 2>&) [with _Tp = int]
 Point_<_Tp>::Point_(const Vec<_Tp,2>& v)
[01;32m[K ^[m[K
[01m[K/opt/ros/kinetic/include/opencv-3.2.0-dev/opencv2/core/types.hpp:1087:1:[m[K [01;36m[Knote: [m[K  candidate expects 1 argument, 5 provided
[01m[K/opt/ros/kinetic/include/opencv-3.2.0-dev/opencv2/core/types.hpp:1083:1:[m[K [01;36m[Knote: [m[Kcandidate: cv::Point_<_Tp>::Point_(const cv::Size_<_Tp>&) [with _Tp = int]
 Point_<_Tp>::Point_(const Size_<_Tp>& sz)
[01;32m[K ^[m[K
[01m[K/opt/ros/kinetic/include/opencv-3.2.0-dev/opencv2/core/types.hpp:1083:1:[m[K [01;36m[Knote: [m[K  candidate expects 1 argument, 5 provided
[01m[K/opt/ros/kinetic/include/opencv-3.2.0-dev/opencv2/core/types.hpp:1079:1:[m[K [01;36m[Knote: [m[Kcandidate: cv::Point_<_Tp>::Point_(const cv::Point_<_Tp>&) [with _Tp = int]
 Point_<_Tp>::Point_(const Point_& pt)
[01;32m[K ^[m[K
[01m[K/opt/ros/kinetic/include/opencv-3.2.0-dev/opencv2/core/types.hpp:1079:1:[m[K [01;36m[Knote: [m[K  candidate expects 1 argument, 5 provided
[01m[K/opt/ros/kinetic/include/opencv-3.2.0-dev/opencv2/core/types.hpp:1075:1:[m[K [01;36m[Knote: [m[Kcandidate: cv::Point_<_Tp>::Point_(_Tp, _Tp) [with _Tp = int]
 Point_<_Tp>::Point_(_Tp _x, _Tp _y)
[01;32m[K ^[m[K
[01m[K/opt/ros/kinetic/include/opencv-3.2.0-dev/opencv2/core/types.hpp:1075:1:[m[K [01;36m[Knote: [m[K  candidate expects 2 arguments, 5 provided
[01m[K/opt/ros/kinetic/include/opencv-3.2.0-dev/opencv2/core/types.hpp:1071:1:[m[K [01;36m[Knote: [m[Kcandidate: cv::Point_<_Tp>::Point_() [with _Tp = int]
 Point_<_Tp>::Point_()
[01;32m[K ^[m[K
[01m[K/opt/ros/kinetic/include/opencv-3.2.0-dev/opencv2/core/types.hpp:1071:1:[m[K [01;36m[Knote: [m[K  candidate expects 0 arguments, 5 provided
make[2]: *** [CMakeFiles/combi_darknet_openface_node.dir/src/combi_darknet_openface_node.cpp.o] Error 1
make[1]: *** [CMakeFiles/combi_darknet_openface_node.dir/all] Error 2
make: *** [all] Error 2
