Determining if the pthread_create exist failed with the following output:
Change Dir: /root/catkin_ws/build/darknet_ros/CMakeFiles/CMakeTmp

Run Build Command:"/usr/bin/make" "cmTC_52a51/fast"
/usr/bin/make -f CMakeFiles/cmTC_52a51.dir/build.make CMakeFiles/cmTC_52a51.dir/build
make[1]: Entering directory '/root/catkin_ws/build/darknet_ros/CMakeFiles/CMakeTmp'
Building C object CMakeFiles/cmTC_52a51.dir/CheckSymbolExists.c.o
/usr/bin/cc    -fPIC    -o CMakeFiles/cmTC_52a51.dir/CheckSymbolExists.c.o   -c /root/catkin_ws/build/darknet_ros/CMakeFiles/CMakeTmp/CheckSymbolExists.c
Linking C executable cmTC_52a51
/usr/bin/cmake -E cmake_link_script CMakeFiles/cmTC_52a51.dir/link.txt --verbose=1
/usr/bin/cc  -fPIC     CMakeFiles/cmTC_52a51.dir/CheckSymbolExists.c.o  -o cmTC_52a51 -rdynamic 
CMakeFiles/cmTC_52a51.dir/CheckSymbolExists.c.o: In function `main':
CheckSymbolExists.c:(.text+0x1b): undefined reference to `pthread_create'
collect2: error: ld returned 1 exit status
CMakeFiles/cmTC_52a51.dir/build.make:97: recipe for target 'cmTC_52a51' failed
make[1]: *** [cmTC_52a51] Error 1
make[1]: Leaving directory '/root/catkin_ws/build/darknet_ros/CMakeFiles/CMakeTmp'
Makefile:126: recipe for target 'cmTC_52a51/fast' failed
make: *** [cmTC_52a51/fast] Error 2

File /root/catkin_ws/build/darknet_ros/CMakeFiles/CMakeTmp/CheckSymbolExists.c:
/* */
#include <pthread.h>

int main(int argc, char** argv)
{
  (void)argv;
#ifndef pthread_create
  return ((int*)(&pthread_create))[argc];
#else
  (void)argc;
  return 0;
#endif
}

Determining if the function pthread_create exists in the pthreads failed with the following output:
Change Dir: /root/catkin_ws/build/darknet_ros/CMakeFiles/CMakeTmp

Run Build Command:"/usr/bin/make" "cmTC_cf5dd/fast"
/usr/bin/make -f CMakeFiles/cmTC_cf5dd.dir/build.make CMakeFiles/cmTC_cf5dd.dir/build
make[1]: Entering directory '/root/catkin_ws/build/darknet_ros/CMakeFiles/CMakeTmp'
Building C object CMakeFiles/cmTC_cf5dd.dir/CheckFunctionExists.c.o
/usr/bin/cc    -fPIC -DCHECK_FUNCTION_EXISTS=pthread_create   -o CMakeFiles/cmTC_cf5dd.dir/CheckFunctionExists.c.o   -c /usr/share/cmake-3.5/Modules/CheckFunctionExists.c
Linking C executable cmTC_cf5dd
/usr/bin/cmake -E cmake_link_script CMakeFiles/cmTC_cf5dd.dir/link.txt --verbose=1
/usr/bin/cc  -fPIC -DCHECK_FUNCTION_EXISTS=pthread_create    CMakeFiles/cmTC_cf5dd.dir/CheckFunctionExists.c.o  -o cmTC_cf5dd -rdynamic -lpthreads 
/usr/bin/ld: cannot find -lpthreads
collect2: error: ld returned 1 exit status
CMakeFiles/cmTC_cf5dd.dir/build.make:97: recipe for target 'cmTC_cf5dd' failed
make[1]: *** [cmTC_cf5dd] Error 1
make[1]: Leaving directory '/root/catkin_ws/build/darknet_ros/CMakeFiles/CMakeTmp'
Makefile:126: recipe for target 'cmTC_cf5dd/fast' failed
make: *** [cmTC_cf5dd/fast] Error 2


