[35m[1mScanning dependencies of target map_server-map_saver[0m
[  9%] [32mBuilding CXX object CMakeFiles/map_server-map_saver.dir/src/map_saver.cpp.o[0m
[35m[1mScanning dependencies of target image_loader[0m
[ 18%] [32mBuilding CXX object CMakeFiles/image_loader.dir/src/image_loader.cpp.o[0m
[35m[1mScanning dependencies of target gtest[0m
[ 27%] [32mBuilding CXX object gtest/CMakeFiles/gtest.dir/src/gtest-all.cc.o[0m
[ 36%] [32m[1mLinking CXX shared library libgtest.so[0m
[ 36%] Built target gtest
[35m[1mScanning dependencies of target rtest[0m
[ 45%] [32mBuilding CXX object CMakeFiles/rtest.dir/test/rtest.cpp.o[0m
[ 54%] [32mBuilding CXX object CMakeFiles/rtest.dir/test/test_constants.cpp.o[0m
[ 63%] [32m[1mLinking CXX executable /root/catkin_ws/devel/.private/map_server/lib/map_server/map_saver[0m
[ 63%] Built target map_server-map_saver
[ 72%] [32m[1mLinking CXX shared library /root/catkin_ws/devel/.private/map_server/lib/libimage_loader.so[0m
[ 72%] Built target image_loader
[35m[1mScanning dependencies of target map_server[0m
[ 81%] [32mBuilding CXX object CMakeFiles/map_server.dir/src/main.cpp.o[0m
[ 90%] [32m[1mLinking CXX executable /root/catkin_ws/devel/.private/map_server/lib/map_server/rtest[0m
[ 90%] Built target rtest
[100%] [32m[1mLinking CXX executable /root/catkin_ws/devel/.private/map_server/lib/map_server/map_server[0m
[100%] Built target map_server
