Determining if the pthread_create exist failed with the following output:
Change Dir: /root/catkin_ws/build/send_goals/CMakeFiles/CMakeTmp

Run Build Command:"/usr/bin/make" "cmTC_9700b/fast"
/usr/bin/make -f CMakeFiles/cmTC_9700b.dir/build.make CMakeFiles/cmTC_9700b.dir/build
make[1]: Entering directory '/root/catkin_ws/build/send_goals/CMakeFiles/CMakeTmp'
Building C object CMakeFiles/cmTC_9700b.dir/CheckSymbolExists.c.o
/usr/bin/cc     -o CMakeFiles/cmTC_9700b.dir/CheckSymbolExists.c.o   -c /root/catkin_ws/build/send_goals/CMakeFiles/CMakeTmp/CheckSymbolExists.c
Linking C executable cmTC_9700b
/usr/bin/cmake -E cmake_link_script CMakeFiles/cmTC_9700b.dir/link.txt --verbose=1
/usr/bin/cc       CMakeFiles/cmTC_9700b.dir/CheckSymbolExists.c.o  -o cmTC_9700b -rdynamic 
CMakeFiles/cmTC_9700b.dir/CheckSymbolExists.c.o: In function `main':
CheckSymbolExists.c:(.text+0x16): undefined reference to `pthread_create'
collect2: error: ld returned 1 exit status
CMakeFiles/cmTC_9700b.dir/build.make:97: recipe for target 'cmTC_9700b' failed
make[1]: *** [cmTC_9700b] Error 1
make[1]: Leaving directory '/root/catkin_ws/build/send_goals/CMakeFiles/CMakeTmp'
Makefile:126: recipe for target 'cmTC_9700b/fast' failed
make: *** [cmTC_9700b/fast] Error 2

File /root/catkin_ws/build/send_goals/CMakeFiles/CMakeTmp/CheckSymbolExists.c:
/* */
#include <pthread.h>

int main(int argc, char** argv)
{
  (void)argv;
#ifndef pthread_create
  return ((int*)(&pthread_create))[argc];
#else
  (void)argc;
  return 0;
#endif
}

Determining if the function pthread_create exists in the pthreads failed with the following output:
Change Dir: /root/catkin_ws/build/send_goals/CMakeFiles/CMakeTmp

Run Build Command:"/usr/bin/make" "cmTC_3ec4d/fast"
/usr/bin/make -f CMakeFiles/cmTC_3ec4d.dir/build.make CMakeFiles/cmTC_3ec4d.dir/build
make[1]: Entering directory '/root/catkin_ws/build/send_goals/CMakeFiles/CMakeTmp'
Building C object CMakeFiles/cmTC_3ec4d.dir/CheckFunctionExists.c.o
/usr/bin/cc    -DCHECK_FUNCTION_EXISTS=pthread_create   -o CMakeFiles/cmTC_3ec4d.dir/CheckFunctionExists.c.o   -c /usr/share/cmake-3.5/Modules/CheckFunctionExists.c
Linking C executable cmTC_3ec4d
/usr/bin/cmake -E cmake_link_script CMakeFiles/cmTC_3ec4d.dir/link.txt --verbose=1
/usr/bin/cc   -DCHECK_FUNCTION_EXISTS=pthread_create    CMakeFiles/cmTC_3ec4d.dir/CheckFunctionExists.c.o  -o cmTC_3ec4d -rdynamic -lpthreads 
/usr/bin/ld: cannot find -lpthreads
collect2: error: ld returned 1 exit status
CMakeFiles/cmTC_3ec4d.dir/build.make:97: recipe for target 'cmTC_3ec4d' failed
make[1]: *** [cmTC_3ec4d] Error 1
make[1]: Leaving directory '/root/catkin_ws/build/send_goals/CMakeFiles/CMakeTmp'
Makefile:126: recipe for target 'cmTC_3ec4d/fast' failed
make: *** [cmTC_3ec4d/fast] Error 2


