Determining if the pthread_create exist failed with the following output:
Change Dir: /root/catkin_ws/build/map_server/CMakeFiles/CMakeTmp

Run Build Command:"/usr/bin/make" "cmTC_37784/fast"
/usr/bin/make -f CMakeFiles/cmTC_37784.dir/build.make CMakeFiles/cmTC_37784.dir/build
make[1]: Entering directory '/root/catkin_ws/build/map_server/CMakeFiles/CMakeTmp'
Building C object CMakeFiles/cmTC_37784.dir/CheckSymbolExists.c.o
/usr/bin/cc     -o CMakeFiles/cmTC_37784.dir/CheckSymbolExists.c.o   -c /root/catkin_ws/build/map_server/CMakeFiles/CMakeTmp/CheckSymbolExists.c
Linking C executable cmTC_37784
/usr/bin/cmake -E cmake_link_script CMakeFiles/cmTC_37784.dir/link.txt --verbose=1
/usr/bin/cc       CMakeFiles/cmTC_37784.dir/CheckSymbolExists.c.o  -o cmTC_37784 -rdynamic 
CMakeFiles/cmTC_37784.dir/CheckSymbolExists.c.o: In function `main':
CheckSymbolExists.c:(.text+0x16): undefined reference to `pthread_create'
collect2: error: ld returned 1 exit status
CMakeFiles/cmTC_37784.dir/build.make:97: recipe for target 'cmTC_37784' failed
make[1]: *** [cmTC_37784] Error 1
make[1]: Leaving directory '/root/catkin_ws/build/map_server/CMakeFiles/CMakeTmp'
Makefile:126: recipe for target 'cmTC_37784/fast' failed
make: *** [cmTC_37784/fast] Error 2

File /root/catkin_ws/build/map_server/CMakeFiles/CMakeTmp/CheckSymbolExists.c:
/* */
#include <pthread.h>

int main(int argc, char** argv)
{
  (void)argv;
#ifndef pthread_create
  return ((int*)(&pthread_create))[argc];
#else
  (void)argc;
  return 0;
#endif
}

Determining if the function pthread_create exists in the pthreads failed with the following output:
Change Dir: /root/catkin_ws/build/map_server/CMakeFiles/CMakeTmp

Run Build Command:"/usr/bin/make" "cmTC_eb749/fast"
/usr/bin/make -f CMakeFiles/cmTC_eb749.dir/build.make CMakeFiles/cmTC_eb749.dir/build
make[1]: Entering directory '/root/catkin_ws/build/map_server/CMakeFiles/CMakeTmp'
Building C object CMakeFiles/cmTC_eb749.dir/CheckFunctionExists.c.o
/usr/bin/cc    -DCHECK_FUNCTION_EXISTS=pthread_create   -o CMakeFiles/cmTC_eb749.dir/CheckFunctionExists.c.o   -c /usr/share/cmake-3.5/Modules/CheckFunctionExists.c
Linking C executable cmTC_eb749
/usr/bin/cmake -E cmake_link_script CMakeFiles/cmTC_eb749.dir/link.txt --verbose=1
/usr/bin/cc   -DCHECK_FUNCTION_EXISTS=pthread_create    CMakeFiles/cmTC_eb749.dir/CheckFunctionExists.c.o  -o cmTC_eb749 -rdynamic -lpthreads 
/usr/bin/ld: cannot find -lpthreads
collect2: error: ld returned 1 exit status
CMakeFiles/cmTC_eb749.dir/build.make:97: recipe for target 'cmTC_eb749' failed
make[1]: *** [cmTC_eb749] Error 1
make[1]: Leaving directory '/root/catkin_ws/build/map_server/CMakeFiles/CMakeTmp'
Makefile:126: recipe for target 'cmTC_eb749/fast' failed
make: *** [cmTC_eb749/fast] Error 2


