[  0%] Built target std_msgs_generate_messages_eus
[  0%] Built target geometry_msgs_generate_messages_lisp
[  0%] Built target actionlib_generate_messages_py
[  0%] Built target std_msgs_generate_messages_cpp
[  0%] Built target geometry_msgs_generate_messages_eus
[  0%] Built target std_msgs_generate_messages_lisp
[  0%] Built target roscpp_generate_messages_lisp
[  0%] Built target sensor_msgs_generate_messages_cpp
[  0%] Built target geometry_msgs_generate_messages_cpp
[  0%] Built target rosgraph_msgs_generate_messages_py
[  0%] Built target std_msgs_generate_messages_py
[  0%] Built target rosgraph_msgs_generate_messages_lisp
[  0%] Built target _openface_ros_generate_messages_check_deps_Face
[  0%] Built target _openface_ros_generate_messages_check_deps_ActionUnit
[  0%] Built target _openface_ros_generate_messages_check_deps_Faces
[  0%] Built target roscpp_generate_messages_nodejs
[  0%] Built target geometry_msgs_generate_messages_py
[  0%] Built target rosgraph_msgs_generate_messages_nodejs
[  0%] Built target rosgraph_msgs_generate_messages_eus
[  0%] Built target roscpp_generate_messages_py
[  0%] Built target rosgraph_msgs_generate_messages_cpp
[  0%] Built target actionlib_generate_messages_eus
[  0%] Built target tf2_msgs_generate_messages_cpp
[  0%] Built target geometry_msgs_generate_messages_nodejs
[  0%] Built target std_msgs_generate_messages_nodejs
[  0%] Built target _catkin_empty_exported_target
[  0%] Built target roscpp_generate_messages_eus
[  0%] Built target roscpp_generate_messages_cpp
[  0%] Built target sensor_msgs_generate_messages_lisp
[  0%] Built target tf2_msgs_generate_messages_eus
[  0%] Built target tf2_msgs_generate_messages_nodejs
[  0%] Built target tf2_msgs_generate_messages_lisp
[  0%] Built target actionlib_msgs_generate_messages_py
[  0%] Built target actionlib_msgs_generate_messages_nodejs
[  0%] Built target tf2_msgs_generate_messages_py
[  0%] Built target sensor_msgs_generate_messages_nodejs
[  0%] Built target actionlib_msgs_generate_messages_lisp
[  0%] Built target sensor_msgs_generate_messages_py
[  0%] Built target actionlib_msgs_generate_messages_eus
[  0%] Built target actionlib_generate_messages_cpp
[  0%] Built target sensor_msgs_generate_messages_eus
[  0%] Built target actionlib_generate_messages_nodejs
[ 15%] Built target openface_ros_generate_messages_lisp
[ 15%] Built target actionlib_msgs_generate_messages_cpp
[ 36%] Built target openface_ros_generate_messages_eus
[ 36%] Built target actionlib_generate_messages_lisp
[ 57%] Built target openface_ros_generate_messages_py
[ 73%] Built target openface_ros_generate_messages_cpp
[ 89%] Built target openface_ros_generate_messages_nodejs
[ 89%] Built target openface_ros_generate_messages
[35m[1mScanning dependencies of target openface_ros[0m
[ 94%] [32mBuilding CXX object CMakeFiles/openface_ros.dir/src/openface_ros.cpp.o[0m
[100%] [32m[1mLinking CXX executable /root/catkin_ws/devel/.private/openface_ros/lib/openface_ros/openface_ros[0m
[100%] Built target openface_ros
