Linked: (/root/catkin_ws/devel/.private/openface_ros/lib/openface_ros/openface_ros, /root/catkin_ws/devel/lib/openface_ros/openface_ros)
Linked: (/root/catkin_ws/devel/.private/openface_ros/lib/python2.7/dist-packages/openface_ros/__init__.py, /root/catkin_ws/devel/lib/python2.7/dist-packages/openface_ros/__init__.py)
Linked: (/root/catkin_ws/devel/.private/openface_ros/lib/python2.7/dist-packages/openface_ros/msg/_Faces.py, /root/catkin_ws/devel/lib/python2.7/dist-packages/openface_ros/msg/_Faces.py)
Linked: (/root/catkin_ws/devel/.private/openface_ros/lib/python2.7/dist-packages/openface_ros/msg/_ActionUnit.py, /root/catkin_ws/devel/lib/python2.7/dist-packages/openface_ros/msg/_ActionUnit.py)
Linked: (/root/catkin_ws/devel/.private/openface_ros/lib/python2.7/dist-packages/openface_ros/msg/__init__.py, /root/catkin_ws/devel/lib/python2.7/dist-packages/openface_ros/msg/__init__.py)
Linked: (/root/catkin_ws/devel/.private/openface_ros/lib/python2.7/dist-packages/openface_ros/msg/_Face.py, /root/catkin_ws/devel/lib/python2.7/dist-packages/openface_ros/msg/_Face.py)
Linked: (/root/catkin_ws/devel/.private/openface_ros/share/openface_ros/cmake/openface_ros-msg-paths.cmake, /root/catkin_ws/devel/share/openface_ros/cmake/openface_ros-msg-paths.cmake)
Linked: (/root/catkin_ws/devel/.private/openface_ros/share/common-lisp/ros/openface_ros/msg/Faces.lisp, /root/catkin_ws/devel/share/common-lisp/ros/openface_ros/msg/Faces.lisp)
Linked: (/root/catkin_ws/devel/.private/openface_ros/share/common-lisp/ros/openface_ros/msg/_package_ActionUnit.lisp, /root/catkin_ws/devel/share/common-lisp/ros/openface_ros/msg/_package_ActionUnit.lisp)
Linked: (/root/catkin_ws/devel/.private/openface_ros/share/common-lisp/ros/openface_ros/msg/openface_ros-msg.asd, /root/catkin_ws/devel/share/common-lisp/ros/openface_ros/msg/openface_ros-msg.asd)
Linked: (/root/catkin_ws/devel/.private/openface_ros/share/common-lisp/ros/openface_ros/msg/Face.lisp, /root/catkin_ws/devel/share/common-lisp/ros/openface_ros/msg/Face.lisp)
Linked: (/root/catkin_ws/devel/.private/openface_ros/share/common-lisp/ros/openface_ros/msg/_package_Faces.lisp, /root/catkin_ws/devel/share/common-lisp/ros/openface_ros/msg/_package_Faces.lisp)
Linked: (/root/catkin_ws/devel/.private/openface_ros/share/common-lisp/ros/openface_ros/msg/_package_Face.lisp, /root/catkin_ws/devel/share/common-lisp/ros/openface_ros/msg/_package_Face.lisp)
Linked: (/root/catkin_ws/devel/.private/openface_ros/share/common-lisp/ros/openface_ros/msg/_package.lisp, /root/catkin_ws/devel/share/common-lisp/ros/openface_ros/msg/_package.lisp)
Linked: (/root/catkin_ws/devel/.private/openface_ros/share/common-lisp/ros/openface_ros/msg/ActionUnit.lisp, /root/catkin_ws/devel/share/common-lisp/ros/openface_ros/msg/ActionUnit.lisp)
Linked: (/root/catkin_ws/devel/.private/openface_ros/share/gennodejs/ros/openface_ros/_index.js, /root/catkin_ws/devel/share/gennodejs/ros/openface_ros/_index.js)
Linked: (/root/catkin_ws/devel/.private/openface_ros/share/gennodejs/ros/openface_ros/msg/Faces.js, /root/catkin_ws/devel/share/gennodejs/ros/openface_ros/msg/Faces.js)
Linked: (/root/catkin_ws/devel/.private/openface_ros/share/gennodejs/ros/openface_ros/msg/Face.js, /root/catkin_ws/devel/share/gennodejs/ros/openface_ros/msg/Face.js)
Linked: (/root/catkin_ws/devel/.private/openface_ros/share/gennodejs/ros/openface_ros/msg/ActionUnit.js, /root/catkin_ws/devel/share/gennodejs/ros/openface_ros/msg/ActionUnit.js)
Linked: (/root/catkin_ws/devel/.private/openface_ros/share/gennodejs/ros/openface_ros/msg/_index.js, /root/catkin_ws/devel/share/gennodejs/ros/openface_ros/msg/_index.js)
Linked: (/root/catkin_ws/devel/.private/openface_ros/share/roseus/ros/openface_ros/manifest.l, /root/catkin_ws/devel/share/roseus/ros/openface_ros/manifest.l)
Linked: (/root/catkin_ws/devel/.private/openface_ros/share/roseus/ros/openface_ros/msg/ActionUnit.l, /root/catkin_ws/devel/share/roseus/ros/openface_ros/msg/ActionUnit.l)
Linked: (/root/catkin_ws/devel/.private/openface_ros/share/roseus/ros/openface_ros/msg/Faces.l, /root/catkin_ws/devel/share/roseus/ros/openface_ros/msg/Faces.l)
Linked: (/root/catkin_ws/devel/.private/openface_ros/share/roseus/ros/openface_ros/msg/Face.l, /root/catkin_ws/devel/share/roseus/ros/openface_ros/msg/Face.l)
Linked: (/root/catkin_ws/devel/.private/openface_ros/include/openface_ros/ActionUnit.h, /root/catkin_ws/devel/include/openface_ros/ActionUnit.h)
Linked: (/root/catkin_ws/devel/.private/openface_ros/include/openface_ros/Faces.h, /root/catkin_ws/devel/include/openface_ros/Faces.h)
Linked: (/root/catkin_ws/devel/.private/openface_ros/include/openface_ros/Face.h, /root/catkin_ws/devel/include/openface_ros/Face.h)
