Determining if the pthread_create exist failed with the following output:
Change Dir: /root/catkin_ws/build/carrot_planner/CMakeFiles/CMakeTmp

Run Build Command:"/usr/bin/make" "cmTC_b81de/fast"
/usr/bin/make -f CMakeFiles/cmTC_b81de.dir/build.make CMakeFiles/cmTC_b81de.dir/build
make[1]: Entering directory '/root/catkin_ws/build/carrot_planner/CMakeFiles/CMakeTmp'
Building C object CMakeFiles/cmTC_b81de.dir/CheckSymbolExists.c.o
/usr/bin/cc     -o CMakeFiles/cmTC_b81de.dir/CheckSymbolExists.c.o   -c /root/catkin_ws/build/carrot_planner/CMakeFiles/CMakeTmp/CheckSymbolExists.c
Linking C executable cmTC_b81de
/usr/bin/cmake -E cmake_link_script CMakeFiles/cmTC_b81de.dir/link.txt --verbose=1
/usr/bin/cc       CMakeFiles/cmTC_b81de.dir/CheckSymbolExists.c.o  -o cmTC_b81de -rdynamic 
CMakeFiles/cmTC_b81de.dir/CheckSymbolExists.c.o: In function `main':
CheckSymbolExists.c:(.text+0x16): undefined reference to `pthread_create'
collect2: error: ld returned 1 exit status
CMakeFiles/cmTC_b81de.dir/build.make:97: recipe for target 'cmTC_b81de' failed
make[1]: *** [cmTC_b81de] Error 1
make[1]: Leaving directory '/root/catkin_ws/build/carrot_planner/CMakeFiles/CMakeTmp'
Makefile:126: recipe for target 'cmTC_b81de/fast' failed
make: *** [cmTC_b81de/fast] Error 2

File /root/catkin_ws/build/carrot_planner/CMakeFiles/CMakeTmp/CheckSymbolExists.c:
/* */
#include <pthread.h>

int main(int argc, char** argv)
{
  (void)argv;
#ifndef pthread_create
  return ((int*)(&pthread_create))[argc];
#else
  (void)argc;
  return 0;
#endif
}

Determining if the function pthread_create exists in the pthreads failed with the following output:
Change Dir: /root/catkin_ws/build/carrot_planner/CMakeFiles/CMakeTmp

Run Build Command:"/usr/bin/make" "cmTC_3e2b9/fast"
/usr/bin/make -f CMakeFiles/cmTC_3e2b9.dir/build.make CMakeFiles/cmTC_3e2b9.dir/build
make[1]: Entering directory '/root/catkin_ws/build/carrot_planner/CMakeFiles/CMakeTmp'
Building C object CMakeFiles/cmTC_3e2b9.dir/CheckFunctionExists.c.o
/usr/bin/cc    -DCHECK_FUNCTION_EXISTS=pthread_create   -o CMakeFiles/cmTC_3e2b9.dir/CheckFunctionExists.c.o   -c /usr/share/cmake-3.5/Modules/CheckFunctionExists.c
Linking C executable cmTC_3e2b9
/usr/bin/cmake -E cmake_link_script CMakeFiles/cmTC_3e2b9.dir/link.txt --verbose=1
/usr/bin/cc   -DCHECK_FUNCTION_EXISTS=pthread_create    CMakeFiles/cmTC_3e2b9.dir/CheckFunctionExists.c.o  -o cmTC_3e2b9 -rdynamic -lpthreads 
/usr/bin/ld: cannot find -lpthreads
collect2: error: ld returned 1 exit status
CMakeFiles/cmTC_3e2b9.dir/build.make:97: recipe for target 'cmTC_3e2b9' failed
make[1]: *** [cmTC_3e2b9] Error 1
make[1]: Leaving directory '/root/catkin_ws/build/carrot_planner/CMakeFiles/CMakeTmp'
Makefile:126: recipe for target 'cmTC_3e2b9/fast' failed
make: *** [cmTC_3e2b9/fast] Error 2


