Determining if the pthread_create exist failed with the following output:
Change Dir: /root/catkin_ws/build/openslam_gmapping/CMakeFiles/CMakeTmp

Run Build Command:"/usr/bin/make" "cmTC_b7430/fast"
/usr/bin/make -f CMakeFiles/cmTC_b7430.dir/build.make CMakeFiles/cmTC_b7430.dir/build
make[1]: Entering directory '/root/catkin_ws/build/openslam_gmapping/CMakeFiles/CMakeTmp'
Building C object CMakeFiles/cmTC_b7430.dir/CheckSymbolExists.c.o
/usr/bin/cc     -o CMakeFiles/cmTC_b7430.dir/CheckSymbolExists.c.o   -c /root/catkin_ws/build/openslam_gmapping/CMakeFiles/CMakeTmp/CheckSymbolExists.c
Linking C executable cmTC_b7430
/usr/bin/cmake -E cmake_link_script CMakeFiles/cmTC_b7430.dir/link.txt --verbose=1
/usr/bin/cc       CMakeFiles/cmTC_b7430.dir/CheckSymbolExists.c.o  -o cmTC_b7430 -rdynamic 
CMakeFiles/cmTC_b7430.dir/CheckSymbolExists.c.o: In function `main':
CheckSymbolExists.c:(.text+0x16): undefined reference to `pthread_create'
collect2: error: ld returned 1 exit status
CMakeFiles/cmTC_b7430.dir/build.make:97: recipe for target 'cmTC_b7430' failed
make[1]: *** [cmTC_b7430] Error 1
make[1]: Leaving directory '/root/catkin_ws/build/openslam_gmapping/CMakeFiles/CMakeTmp'
Makefile:126: recipe for target 'cmTC_b7430/fast' failed
make: *** [cmTC_b7430/fast] Error 2

File /root/catkin_ws/build/openslam_gmapping/CMakeFiles/CMakeTmp/CheckSymbolExists.c:
/* */
#include <pthread.h>

int main(int argc, char** argv)
{
  (void)argv;
#ifndef pthread_create
  return ((int*)(&pthread_create))[argc];
#else
  (void)argc;
  return 0;
#endif
}

Determining if the function pthread_create exists in the pthreads failed with the following output:
Change Dir: /root/catkin_ws/build/openslam_gmapping/CMakeFiles/CMakeTmp

Run Build Command:"/usr/bin/make" "cmTC_33573/fast"
/usr/bin/make -f CMakeFiles/cmTC_33573.dir/build.make CMakeFiles/cmTC_33573.dir/build
make[1]: Entering directory '/root/catkin_ws/build/openslam_gmapping/CMakeFiles/CMakeTmp'
Building C object CMakeFiles/cmTC_33573.dir/CheckFunctionExists.c.o
/usr/bin/cc    -DCHECK_FUNCTION_EXISTS=pthread_create   -o CMakeFiles/cmTC_33573.dir/CheckFunctionExists.c.o   -c /usr/share/cmake-3.5/Modules/CheckFunctionExists.c
Linking C executable cmTC_33573
/usr/bin/cmake -E cmake_link_script CMakeFiles/cmTC_33573.dir/link.txt --verbose=1
/usr/bin/cc   -DCHECK_FUNCTION_EXISTS=pthread_create    CMakeFiles/cmTC_33573.dir/CheckFunctionExists.c.o  -o cmTC_33573 -rdynamic -lpthreads 
/usr/bin/ld: cannot find -lpthreads
collect2: error: ld returned 1 exit status
CMakeFiles/cmTC_33573.dir/build.make:97: recipe for target 'cmTC_33573' failed
make[1]: *** [cmTC_33573] Error 1
make[1]: Leaving directory '/root/catkin_ws/build/openslam_gmapping/CMakeFiles/CMakeTmp'
Makefile:126: recipe for target 'cmTC_33573/fast' failed
make: *** [cmTC_33573/fast] Error 2


