[35m[1mScanning dependencies of target _darknet_ros_msgs_generate_messages_check_deps_CheckForObjectsResult[0m
[35m[1mScanning dependencies of target _darknet_ros_msgs_generate_messages_check_deps_BoundingBoxes[0m
[35m[1mScanning dependencies of target _darknet_ros_msgs_generate_messages_check_deps_CheckForObjectsActionResult[0m
[35m[1mScanning dependencies of target actionlib_msgs_generate_messages_py[0m
[35m[1mScanning dependencies of target std_msgs_generate_messages_py[0m
[35m[1mScanning dependencies of target geometry_msgs_generate_messages_py[0m
[35m[1mScanning dependencies of target _darknet_ros_msgs_generate_messages_check_deps_BoundingBox[0m
[35m[1mScanning dependencies of target _darknet_ros_msgs_generate_messages_check_deps_CheckForObjectsAction[0m
[  0%] Built target geometry_msgs_generate_messages_py
[  0%] Built target actionlib_msgs_generate_messages_py
[  0%] Built target std_msgs_generate_messages_py
[35m[1mScanning dependencies of target sensor_msgs_generate_messages_py[0m
[35m[1mScanning dependencies of target _darknet_ros_msgs_generate_messages_check_deps_CheckForObjectsGoal[0m
[35m[1mScanning dependencies of target _darknet_ros_msgs_generate_messages_check_deps_CheckForObjectsFeedback[0m
[  0%] Built target _darknet_ros_msgs_generate_messages_check_deps_BoundingBox
[  0%] Built target _darknet_ros_msgs_generate_messages_check_deps_CheckForObjectsAction
[  0%] Built target _darknet_ros_msgs_generate_messages_check_deps_CheckForObjectsActionResult
[  0%] Built target sensor_msgs_generate_messages_py
[  0%] Built target _darknet_ros_msgs_generate_messages_check_deps_CheckForObjectsResult
[  0%] Built target _darknet_ros_msgs_generate_messages_check_deps_BoundingBoxes
[35m[1mScanning dependencies of target _darknet_ros_msgs_generate_messages_check_deps_CheckForObjectsActionGoal[0m
[35m[1mScanning dependencies of target _darknet_ros_msgs_generate_messages_check_deps_CheckForObjectsActionFeedback[0m
[35m[1mScanning dependencies of target std_msgs_generate_messages_nodejs[0m
[35m[1mScanning dependencies of target geometry_msgs_generate_messages_nodejs[0m
[  0%] Built target std_msgs_generate_messages_nodejs
[35m[1mScanning dependencies of target sensor_msgs_generate_messages_nodejs[0m
[35m[1mScanning dependencies of target actionlib_msgs_generate_messages_nodejs[0m
[  0%] Built target geometry_msgs_generate_messages_nodejs
[  0%] Built target sensor_msgs_generate_messages_nodejs
[  0%] Built target actionlib_msgs_generate_messages_nodejs
[35m[1mScanning dependencies of target geometry_msgs_generate_messages_lisp[0m
[  0%] Built target _darknet_ros_msgs_generate_messages_check_deps_CheckForObjectsGoal
[  0%] Built target _darknet_ros_msgs_generate_messages_check_deps_CheckForObjectsFeedback
[35m[1mScanning dependencies of target std_msgs_generate_messages_lisp[0m
[35m[1mScanning dependencies of target sensor_msgs_generate_messages_lisp[0m
[  0%] Built target geometry_msgs_generate_messages_lisp
[  0%] Built target _darknet_ros_msgs_generate_messages_check_deps_CheckForObjectsActionFeedback
[35m[1mScanning dependencies of target sensor_msgs_generate_messages_cpp[0m
[35m[1mScanning dependencies of target actionlib_msgs_generate_messages_lisp[0m
[35m[1mScanning dependencies of target actionlib_msgs_generate_messages_cpp[0m
[35m[1mScanning dependencies of target geometry_msgs_generate_messages_cpp[0m
[  0%] Built target _darknet_ros_msgs_generate_messages_check_deps_CheckForObjectsActionGoal
[  0%] Built target std_msgs_generate_messages_lisp
[  0%] Built target sensor_msgs_generate_messages_lisp
[  0%] Built target actionlib_msgs_generate_messages_lisp
[35m[1mScanning dependencies of target std_msgs_generate_messages_cpp[0m
[  0%] Built target sensor_msgs_generate_messages_cpp
[35m[1mScanning dependencies of target std_msgs_generate_messages_eus[0m
[  0%] Built target geometry_msgs_generate_messages_cpp
[35m[1mScanning dependencies of target geometry_msgs_generate_messages_eus[0m
[  0%] Built target actionlib_msgs_generate_messages_cpp
[35m[1mScanning dependencies of target actionlib_msgs_generate_messages_eus[0m
[  0%] Built target std_msgs_generate_messages_cpp
[  0%] Built target std_msgs_generate_messages_eus
[35m[1mScanning dependencies of target sensor_msgs_generate_messages_eus[0m
[  0%] Built target geometry_msgs_generate_messages_eus
[35m[1mScanning dependencies of target darknet_ros_msgs_generate_messages_nodejs[0m
[35m[1mScanning dependencies of target darknet_ros_msgs_generate_messages_lisp[0m
[  0%] Built target actionlib_msgs_generate_messages_eus
[35m[1mScanning dependencies of target darknet_ros_msgs_generate_messages_py[0m
[35m[1mScanning dependencies of target darknet_ros_msgs_generate_messages_cpp[0m
[  0%] Built target sensor_msgs_generate_messages_eus
[ 31%] Built target darknet_ros_msgs_generate_messages_lisp
[ 38%] Built target darknet_ros_msgs_generate_messages_nodejs
[ 59%] Built target darknet_ros_msgs_generate_messages_py
[35m[1mScanning dependencies of target darknet_ros_msgs_generate_messages_eus[0m
[ 78%] Built target darknet_ros_msgs_generate_messages_cpp
[100%] Built target darknet_ros_msgs_generate_messages_eus
[35m[1mScanning dependencies of target darknet_ros_msgs_generate_messages[0m
[100%] Built target darknet_ros_msgs_generate_messages
