[35m[1mScanning dependencies of target _robot_pose_ekf_generate_messages_check_deps_GetStatus[0m
[35m[1mScanning dependencies of target std_msgs_generate_messages_cpp[0m
[  0%] Built target std_msgs_generate_messages_cpp
[35m[1mScanning dependencies of target gtest[0m
[  0%] Built target _robot_pose_ekf_generate_messages_check_deps_GetStatus
[  5%] [32mBuilding CXX object gtest/CMakeFiles/gtest.dir/src/gtest-all.cc.o[0m
[35m[1mScanning dependencies of target std_msgs_generate_messages_py[0m
[  5%] Built target std_msgs_generate_messages_py
[35m[1mScanning dependencies of target std_msgs_generate_messages_nodejs[0m
[  5%] Built target std_msgs_generate_messages_nodejs
[35m[1mScanning dependencies of target std_msgs_generate_messages_lisp[0m
[  5%] Built target std_msgs_generate_messages_lisp
[35m[1mScanning dependencies of target std_msgs_generate_messages_eus[0m
[  5%] Built target std_msgs_generate_messages_eus
[35m[1mScanning dependencies of target robot_pose_ekf_generate_messages_cpp[0m
[ 11%] [32m[1mLinking CXX shared library libgtest.so[0m
[ 17%] [34m[1mGenerating C++ code from robot_pose_ekf/GetStatus.srv[0m
[ 17%] Built target gtest
[35m[1mScanning dependencies of target robot_pose_ekf_generate_messages_py[0m
[ 23%] [34m[1mGenerating Python code from SRV robot_pose_ekf/GetStatus[0m
[ 23%] Built target robot_pose_ekf_generate_messages_cpp
[ 29%] [34m[1mGenerating Python srv __init__.py for robot_pose_ekf[0m
[ 29%] Built target robot_pose_ekf_generate_messages_py
[35m[1mScanning dependencies of target robot_pose_ekf_generate_messages_nodejs[0m
[ 35%] [34m[1mGenerating Javascript code from robot_pose_ekf/GetStatus.srv[0m
[ 35%] Built target robot_pose_ekf_generate_messages_nodejs
[35m[1mScanning dependencies of target robot_pose_ekf_generate_messages_lisp[0m
[ 41%] [34m[1mGenerating Lisp code from robot_pose_ekf/GetStatus.srv[0m
[ 41%] Built target robot_pose_ekf_generate_messages_lisp
[35m[1mScanning dependencies of target robot_pose_ekf_generate_messages_eus[0m
[ 47%] [34m[1mGenerating EusLisp code from robot_pose_ekf/GetStatus.srv[0m
[ 52%] [34m[1mGenerating EusLisp manifest code for robot_pose_ekf[0m
[35m[1mScanning dependencies of target test_robot_pose_ekf_zero_covariance[0m
[ 58%] [32mBuilding CXX object CMakeFiles/test_robot_pose_ekf_zero_covariance.dir/test/test_robot_pose_ekf_zero_covariance.cpp.o[0m
[ 58%] Built target robot_pose_ekf_generate_messages_eus
[35m[1mScanning dependencies of target robot_pose_ekf_gencpp[0m
[ 58%] Built target robot_pose_ekf_gencpp
[35m[1mScanning dependencies of target test_robot_pose_ekf[0m
[ 64%] [32mBuilding CXX object CMakeFiles/test_robot_pose_ekf.dir/test/test_robot_pose_ekf.cpp.o[0m
[35m[1mScanning dependencies of target robot_pose_ekf_generate_messages[0m
[ 64%] Built target robot_pose_ekf_generate_messages
[35m[1mScanning dependencies of target robot_pose_ekf[0m
[ 70%] [32mBuilding CXX object CMakeFiles/robot_pose_ekf.dir/src/odom_estimation.cpp.o[0m
[ 76%] [32mBuilding CXX object CMakeFiles/robot_pose_ekf.dir/src/nonlinearanalyticconditionalgaussianodo.cpp.o[0m
[ 82%] [32m[1mLinking CXX executable /root/catkin_ws/devel/.private/robot_pose_ekf/lib/robot_pose_ekf/test_robot_pose_ekf_zero_covariance[0m
[ 82%] Built target test_robot_pose_ekf_zero_covariance
[ 88%] [32mBuilding CXX object CMakeFiles/robot_pose_ekf.dir/src/odom_estimation_node.cpp.o[0m
[ 94%] [32m[1mLinking CXX executable /root/catkin_ws/devel/.private/robot_pose_ekf/lib/robot_pose_ekf/test_robot_pose_ekf[0m
[ 94%] Built target test_robot_pose_ekf
[100%] [32m[1mLinking CXX executable /root/catkin_ws/devel/.private/robot_pose_ekf/lib/robot_pose_ekf/robot_pose_ekf[0m
[100%] Built target robot_pose_ekf
