Linked: (/root/catkin_ws/devel/.private/robot_pose_ekf/lib/robot_pose_ekf/robot_pose_ekf, /root/catkin_ws/devel/lib/robot_pose_ekf/robot_pose_ekf)
Linked: (/root/catkin_ws/devel/.private/robot_pose_ekf/lib/robot_pose_ekf/test_robot_pose_ekf_zero_covariance, /root/catkin_ws/devel/lib/robot_pose_ekf/test_robot_pose_ekf_zero_covariance)
Linked: (/root/catkin_ws/devel/.private/robot_pose_ekf/lib/robot_pose_ekf/test_robot_pose_ekf, /root/catkin_ws/devel/lib/robot_pose_ekf/test_robot_pose_ekf)
Linked: (/root/catkin_ws/devel/.private/robot_pose_ekf/lib/python2.7/dist-packages/robot_pose_ekf/__init__.py, /root/catkin_ws/devel/lib/python2.7/dist-packages/robot_pose_ekf/__init__.py)
Linked: (/root/catkin_ws/devel/.private/robot_pose_ekf/lib/python2.7/dist-packages/robot_pose_ekf/srv/_GetStatus.py, /root/catkin_ws/devel/lib/python2.7/dist-packages/robot_pose_ekf/srv/_GetStatus.py)
Linked: (/root/catkin_ws/devel/.private/robot_pose_ekf/lib/python2.7/dist-packages/robot_pose_ekf/srv/__init__.py, /root/catkin_ws/devel/lib/python2.7/dist-packages/robot_pose_ekf/srv/__init__.py)
Linked: (/root/catkin_ws/devel/.private/robot_pose_ekf/lib/pkgconfig/robot_pose_ekf.pc, /root/catkin_ws/devel/lib/pkgconfig/robot_pose_ekf.pc)
Linked: (/root/catkin_ws/devel/.private/robot_pose_ekf/share/robot_pose_ekf/cmake/robot_pose_ekfConfig-version.cmake, /root/catkin_ws/devel/share/robot_pose_ekf/cmake/robot_pose_ekfConfig-version.cmake)
Linked: (/root/catkin_ws/devel/.private/robot_pose_ekf/share/robot_pose_ekf/cmake/robot_pose_ekfConfig.cmake, /root/catkin_ws/devel/share/robot_pose_ekf/cmake/robot_pose_ekfConfig.cmake)
Linked: (/root/catkin_ws/devel/.private/robot_pose_ekf/share/robot_pose_ekf/cmake/robot_pose_ekf-msg-extras.cmake, /root/catkin_ws/devel/share/robot_pose_ekf/cmake/robot_pose_ekf-msg-extras.cmake)
Linked: (/root/catkin_ws/devel/.private/robot_pose_ekf/share/robot_pose_ekf/cmake/robot_pose_ekf-msg-paths.cmake, /root/catkin_ws/devel/share/robot_pose_ekf/cmake/robot_pose_ekf-msg-paths.cmake)
Linked: (/root/catkin_ws/devel/.private/robot_pose_ekf/share/common-lisp/ros/robot_pose_ekf/srv/robot_pose_ekf-srv.asd, /root/catkin_ws/devel/share/common-lisp/ros/robot_pose_ekf/srv/robot_pose_ekf-srv.asd)
Linked: (/root/catkin_ws/devel/.private/robot_pose_ekf/share/common-lisp/ros/robot_pose_ekf/srv/GetStatus.lisp, /root/catkin_ws/devel/share/common-lisp/ros/robot_pose_ekf/srv/GetStatus.lisp)
Linked: (/root/catkin_ws/devel/.private/robot_pose_ekf/share/common-lisp/ros/robot_pose_ekf/srv/_package_GetStatus.lisp, /root/catkin_ws/devel/share/common-lisp/ros/robot_pose_ekf/srv/_package_GetStatus.lisp)
Linked: (/root/catkin_ws/devel/.private/robot_pose_ekf/share/common-lisp/ros/robot_pose_ekf/srv/_package.lisp, /root/catkin_ws/devel/share/common-lisp/ros/robot_pose_ekf/srv/_package.lisp)
Linked: (/root/catkin_ws/devel/.private/robot_pose_ekf/share/gennodejs/ros/robot_pose_ekf/_index.js, /root/catkin_ws/devel/share/gennodejs/ros/robot_pose_ekf/_index.js)
Linked: (/root/catkin_ws/devel/.private/robot_pose_ekf/share/gennodejs/ros/robot_pose_ekf/srv/_index.js, /root/catkin_ws/devel/share/gennodejs/ros/robot_pose_ekf/srv/_index.js)
Linked: (/root/catkin_ws/devel/.private/robot_pose_ekf/share/gennodejs/ros/robot_pose_ekf/srv/GetStatus.js, /root/catkin_ws/devel/share/gennodejs/ros/robot_pose_ekf/srv/GetStatus.js)
Linked: (/root/catkin_ws/devel/.private/robot_pose_ekf/share/roseus/ros/robot_pose_ekf/manifest.l, /root/catkin_ws/devel/share/roseus/ros/robot_pose_ekf/manifest.l)
Linked: (/root/catkin_ws/devel/.private/robot_pose_ekf/share/roseus/ros/robot_pose_ekf/srv/GetStatus.l, /root/catkin_ws/devel/share/roseus/ros/robot_pose_ekf/srv/GetStatus.l)
Linked: (/root/catkin_ws/devel/.private/robot_pose_ekf/include/robot_pose_ekf/GetStatus.h, /root/catkin_ws/devel/include/robot_pose_ekf/GetStatus.h)
Linked: (/root/catkin_ws/devel/.private/robot_pose_ekf/include/robot_pose_ekf/GetStatusRequest.h, /root/catkin_ws/devel/include/robot_pose_ekf/GetStatusRequest.h)
Linked: (/root/catkin_ws/devel/.private/robot_pose_ekf/include/robot_pose_ekf/GetStatusResponse.h, /root/catkin_ws/devel/include/robot_pose_ekf/GetStatusResponse.h)
