[  0%] Built target std_msgs_generate_messages_cpp
[  0%] Built target std_msgs_generate_messages_py
[  0%] Built target geometry_msgs_generate_messages_cpp
[ 14%] Built target costmap_2d_gencfg
[ 14%] Built target map_msgs_generate_messages_py
[ 14%] Built target geometry_msgs_generate_messages_py
[ 14%] Built target map_msgs_generate_messages_cpp
[ 14%] Built target geometry_msgs_generate_messages_nodejs
[ 14%] Built target map_msgs_generate_messages_lisp
[ 14%] Built target map_msgs_generate_messages_nodejs
[ 14%] Built target std_msgs_generate_messages_nodejs
[ 14%] Built target std_msgs_generate_messages_lisp
[ 14%] Built target geometry_msgs_generate_messages_lisp
[ 14%] Built target map_msgs_generate_messages_eus
[ 14%] Built target std_msgs_generate_messages_eus
[ 14%] Built target geometry_msgs_generate_messages_eus
[ 14%] Built target _costmap_2d_generate_messages_check_deps_VoxelGrid
[ 17%] Built target costmap_2d_generate_messages_lisp
[ 20%] Built target costmap_2d_generate_messages_nodejs
[ 28%] Built target costmap_2d_generate_messages_cpp
[ 28%] Built target costmap_2d_generate_messages_py
[ 34%] Built target costmap_2d_generate_messages_eus
[ 34%] Built target costmap_2d_gencpp
[ 34%] Built target costmap_2d_generate_messages
[ 65%] Built target costmap_2d
[ 71%] Built target costmap_2d_node
[ 77%] Built target costmap_2d_cloud
[ 82%] Built target costmap_2d_markers
[100%] Built target layers
