Determining if the pthread_create exist failed with the following output:
Change Dir: /root/catkin_ws/build/base_local_planner/CMakeFiles/CMakeTmp

Run Build Command:"/usr/bin/make" "cmTC_9682f/fast"
/usr/bin/make -f CMakeFiles/cmTC_9682f.dir/build.make CMakeFiles/cmTC_9682f.dir/build
make[1]: Entering directory '/root/catkin_ws/build/base_local_planner/CMakeFiles/CMakeTmp'
Building C object CMakeFiles/cmTC_9682f.dir/CheckSymbolExists.c.o
/usr/bin/cc     -o CMakeFiles/cmTC_9682f.dir/CheckSymbolExists.c.o   -c /root/catkin_ws/build/base_local_planner/CMakeFiles/CMakeTmp/CheckSymbolExists.c
Linking C executable cmTC_9682f
/usr/bin/cmake -E cmake_link_script CMakeFiles/cmTC_9682f.dir/link.txt --verbose=1
/usr/bin/cc       CMakeFiles/cmTC_9682f.dir/CheckSymbolExists.c.o  -o cmTC_9682f -rdynamic 
CMakeFiles/cmTC_9682f.dir/CheckSymbolExists.c.o: In function `main':
CheckSymbolExists.c:(.text+0x16): undefined reference to `pthread_create'
collect2: error: ld returned 1 exit status
CMakeFiles/cmTC_9682f.dir/build.make:97: recipe for target 'cmTC_9682f' failed
make[1]: *** [cmTC_9682f] Error 1
make[1]: Leaving directory '/root/catkin_ws/build/base_local_planner/CMakeFiles/CMakeTmp'
Makefile:126: recipe for target 'cmTC_9682f/fast' failed
make: *** [cmTC_9682f/fast] Error 2

File /root/catkin_ws/build/base_local_planner/CMakeFiles/CMakeTmp/CheckSymbolExists.c:
/* */
#include <pthread.h>

int main(int argc, char** argv)
{
  (void)argv;
#ifndef pthread_create
  return ((int*)(&pthread_create))[argc];
#else
  (void)argc;
  return 0;
#endif
}

Determining if the function pthread_create exists in the pthreads failed with the following output:
Change Dir: /root/catkin_ws/build/base_local_planner/CMakeFiles/CMakeTmp

Run Build Command:"/usr/bin/make" "cmTC_ab342/fast"
/usr/bin/make -f CMakeFiles/cmTC_ab342.dir/build.make CMakeFiles/cmTC_ab342.dir/build
make[1]: Entering directory '/root/catkin_ws/build/base_local_planner/CMakeFiles/CMakeTmp'
Building C object CMakeFiles/cmTC_ab342.dir/CheckFunctionExists.c.o
/usr/bin/cc    -DCHECK_FUNCTION_EXISTS=pthread_create   -o CMakeFiles/cmTC_ab342.dir/CheckFunctionExists.c.o   -c /usr/share/cmake-3.5/Modules/CheckFunctionExists.c
Linking C executable cmTC_ab342
/usr/bin/cmake -E cmake_link_script CMakeFiles/cmTC_ab342.dir/link.txt --verbose=1
/usr/bin/cc   -DCHECK_FUNCTION_EXISTS=pthread_create    CMakeFiles/cmTC_ab342.dir/CheckFunctionExists.c.o  -o cmTC_ab342 -rdynamic -lpthreads 
/usr/bin/ld: cannot find -lpthreads
collect2: error: ld returned 1 exit status
CMakeFiles/cmTC_ab342.dir/build.make:97: recipe for target 'cmTC_ab342' failed
make[1]: *** [cmTC_ab342] Error 1
make[1]: Leaving directory '/root/catkin_ws/build/base_local_planner/CMakeFiles/CMakeTmp'
Makefile:126: recipe for target 'cmTC_ab342/fast' failed
make: *** [cmTC_ab342/fast] Error 2


