[01m[K/root/catkin_ws/src/combi_darknet_openface2/src/combi_darknet_openface_node2.cpp:119:44:[m[K [01;31m[Kerror: [m[K'[01m[Kcombi_darknet_openface[m[K' does not name a type
     void msgCallback_FaceRecognition(const combi_darknet_openface::Faces::ConstPtr& msg );
[01;32m[K                                            ^[m[K
[01m[K/root/catkin_ws/src/combi_darknet_openface2/src/combi_darknet_openface_node2.cpp:119:73:[m[K [01;31m[Kerror: [m[Kexpected unqualified-id before '[01m[K::[m[K' token
     void msgCallback_FaceRecognition(const combi_darknet_openface::Faces::ConstPtr& msg );
[01;32m[K                                                                         ^[m[K
[01m[K/root/catkin_ws/src/combi_darknet_openface2/src/combi_darknet_openface_node2.cpp:119:73:[m[K [01;31m[Kerror: [m[Kexpected '[01m[K)[m[K' before '[01m[K::[m[K' token
[01m[K/root/catkin_ws/src/combi_darknet_openface2/src/combi_darknet_openface_node2.cpp:119:68:[m[K [01;31m[Kerror: [m[Kexpected '[01m[K;[m[K' at end of member declaration
     void msgCallback_FaceRecognition(const combi_darknet_openface::Faces::ConstPtr& msg );
[01;32m[K                                                                    ^[m[K
[01m[K/root/catkin_ws/src/combi_darknet_openface2/src/combi_darknet_openface_node2.cpp:119:75:[m[K [01;31m[Kerror: [m[K'[01m[KConstPtr[m[K' in namespace '[01m[K::[m[K' does not name a type
     void msgCallback_FaceRecognition(const combi_darknet_openface::Faces::ConstPtr& msg );
[01;32m[K                                                                           ^[m[K
[01m[K/root/catkin_ws/src/combi_darknet_openface2/src/combi_darknet_openface_node2.cpp:271:63:[m[K [01;31m[Kerror: [m[K'[01m[Kcombi_darknet_openface[m[K' does not name a type
 void CombiDarknetOpenface::msgCallback_FaceRecognition(const  combi_darknet_openface::Faces::ConstPtr& msg )
[01;32m[K                                                               ^[m[K
[01m[K/root/catkin_ws/src/combi_darknet_openface2/src/combi_darknet_openface_node2.cpp:271:92:[m[K [01;31m[Kerror: [m[Kexpected unqualified-id before '[01m[K::[m[K' token
 void CombiDarknetOpenface::msgCallback_FaceRecognition(const  combi_darknet_openface::Faces::ConstPtr& msg )
[01;32m[K                                                                                            ^[m[K
[01m[K/root/catkin_ws/src/combi_darknet_openface2/src/combi_darknet_openface_node2.cpp:271:92:[m[K [01;31m[Kerror: [m[Kexpected '[01m[K)[m[K' before '[01m[K::[m[K' token
[01m[K/root/catkin_ws/src/combi_darknet_openface2/src/combi_darknet_openface_node2.cpp:271:92:[m[K [01;31m[Kerror: [m[Kexpected initializer before '[01m[K::[m[K' token
make[2]: *** [CMakeFiles/combi_darknet_openface_node2.dir/src/combi_darknet_openface_node2.cpp.o] Error 1
make[1]: *** [CMakeFiles/combi_darknet_openface_node2.dir/all] Error 2
make: *** [all] Error 2
