[35m[1mScanning dependencies of target actionlib_msgs_generate_messages_lisp[0m
[35m[1mScanning dependencies of target geometry_msgs_generate_messages_nodejs[0m
[35m[1mScanning dependencies of target _combi_darknet_openface2_generate_messages_check_deps_ActionUnit[0m
[35m[1mScanning dependencies of target _combi_darknet_openface2_generate_messages_check_deps_Face[0m
[35m[1mScanning dependencies of target geometry_msgs_generate_messages_py[0m
[35m[1mScanning dependencies of target std_msgs_generate_messages_nodejs[0m
[35m[1mScanning dependencies of target _combi_darknet_openface2_generate_messages_check_deps_Faces[0m
[35m[1mScanning dependencies of target std_msgs_generate_messages_py[0m
[  0%] Built target geometry_msgs_generate_messages_nodejs
[  0%] Built target geometry_msgs_generate_messages_py
[  0%] Built target std_msgs_generate_messages_py
[  0%] Built target std_msgs_generate_messages_nodejs
[  0%] Built target actionlib_msgs_generate_messages_lisp
[35m[1mScanning dependencies of target geometry_msgs_generate_messages_eus[0m
[35m[1mScanning dependencies of target darknet_ros_msgs_generate_messages_nodejs[0m
[35m[1mScanning dependencies of target std_msgs_generate_messages_eus[0m
[35m[1mScanning dependencies of target darknet_ros_msgs_generate_messages_lisp[0m
[  0%] Built target geometry_msgs_generate_messages_eus
[35m[1mScanning dependencies of target darknet_ros_msgs_generate_messages_py[0m
[  0%] Built target _combi_darknet_openface2_generate_messages_check_deps_Faces
[  0%] Built target std_msgs_generate_messages_eus
[  0%] Built target _combi_darknet_openface2_generate_messages_check_deps_Face
[  0%] Built target _combi_darknet_openface2_generate_messages_check_deps_ActionUnit
[  0%] Built target darknet_ros_msgs_generate_messages_nodejs
[  0%] Built target darknet_ros_msgs_generate_messages_lisp
[  0%] Built target darknet_ros_msgs_generate_messages_py
[35m[1mScanning dependencies of target tf2_msgs_generate_messages_lisp[0m
[35m[1mScanning dependencies of target geometry_msgs_generate_messages_lisp[0m
[35m[1mScanning dependencies of target darknet_ros_msgs_generate_messages_cpp[0m
[35m[1mScanning dependencies of target std_msgs_generate_messages_lisp[0m
[35m[1mScanning dependencies of target tf2_msgs_generate_messages_cpp[0m
[35m[1mScanning dependencies of target tf2_msgs_generate_messages_nodejs[0m
[35m[1mScanning dependencies of target tf2_msgs_generate_messages_eus[0m
[35m[1mScanning dependencies of target roscpp_generate_messages_lisp[0m
[  0%] Built target darknet_ros_msgs_generate_messages_cpp
[  0%] Built target tf2_msgs_generate_messages_nodejs
[  0%] Built target tf2_msgs_generate_messages_cpp
[  0%] Built target std_msgs_generate_messages_lisp
[  0%] Built target tf2_msgs_generate_messages_lisp
[  0%] Built target geometry_msgs_generate_messages_lisp
[35m[1mScanning dependencies of target roscpp_generate_messages_cpp[0m
[35m[1mScanning dependencies of target rosgraph_msgs_generate_messages_cpp[0m
[35m[1mScanning dependencies of target geometry_msgs_generate_messages_cpp[0m
[35m[1mScanning dependencies of target darknet_ros_msgs_generate_messages_eus[0m
[  0%] Built target tf2_msgs_generate_messages_eus
[35m[1mScanning dependencies of target actionlib_msgs_generate_messages_py[0m
[  0%] Built target roscpp_generate_messages_lisp
[  0%] Built target roscpp_generate_messages_cpp
[  0%] Built target actionlib_msgs_generate_messages_py
[35m[1mScanning dependencies of target roscpp_generate_messages_nodejs[0m
[35m[1mScanning dependencies of target sensor_msgs_generate_messages_nodejs[0m
[  0%] Built target rosgraph_msgs_generate_messages_cpp
[  0%] Built target geometry_msgs_generate_messages_cpp
[  0%] Built target roscpp_generate_messages_nodejs
[  0%] Built target darknet_ros_msgs_generate_messages_eus
[35m[1mScanning dependencies of target sensor_msgs_generate_messages_lisp[0m
[35m[1mScanning dependencies of target rosgraph_msgs_generate_messages_lisp[0m
[35m[1mScanning dependencies of target _catkin_empty_exported_target[0m
[35m[1mScanning dependencies of target tf_generate_messages_eus[0m
[35m[1mScanning dependencies of target sensor_msgs_generate_messages_cpp[0m
[35m[1mScanning dependencies of target roscpp_generate_messages_eus[0m
[  0%] Built target sensor_msgs_generate_messages_nodejs
[  0%] Built target rosgraph_msgs_generate_messages_lisp
[  0%] Built target sensor_msgs_generate_messages_lisp
[  0%] Built target sensor_msgs_generate_messages_cpp
[35m[1mScanning dependencies of target tf_generate_messages_cpp[0m
[  0%] Built target roscpp_generate_messages_eus
[35m[1mScanning dependencies of target actionlib_generate_messages_eus[0m
[  0%] Built target tf_generate_messages_eus
[35m[1mScanning dependencies of target rosgraph_msgs_generate_messages_py[0m
[35m[1mScanning dependencies of target rosgraph_msgs_generate_messages_eus[0m
[35m[1mScanning dependencies of target rosgraph_msgs_generate_messages_nodejs[0m
[  0%] Built target _catkin_empty_exported_target
[  0%] Built target rosgraph_msgs_generate_messages_eus
[35m[1mScanning dependencies of target roscpp_generate_messages_py[0m
[35m[1mScanning dependencies of target tf_generate_messages_lisp[0m
[  0%] Built target tf_generate_messages_lisp
[  0%] Built target actionlib_generate_messages_eus
[  0%] Built target rosgraph_msgs_generate_messages_nodejs
[  0%] Built target rosgraph_msgs_generate_messages_py
[  0%] Built target tf_generate_messages_cpp
[35m[1mScanning dependencies of target actionlib_generate_messages_cpp[0m
[  0%] Built target roscpp_generate_messages_py
[35m[1mScanning dependencies of target sensor_msgs_generate_messages_py[0m
[35m[1mScanning dependencies of target tf_generate_messages_py[0m
[35m[1mScanning dependencies of target tf_generate_messages_nodejs[0m
[35m[1mScanning dependencies of target actionlib_generate_messages_lisp[0m
[35m[1mScanning dependencies of target tf2_msgs_generate_messages_py[0m
[35m[1mScanning dependencies of target actionlib_msgs_generate_messages_eus[0m
[  0%] Built target actionlib_generate_messages_lisp
[35m[1mScanning dependencies of target actionlib_msgs_generate_messages_nodejs[0m
[  0%] Built target actionlib_generate_messages_cpp
[  0%] Built target sensor_msgs_generate_messages_py
[  0%] Built target tf_generate_messages_nodejs
[  0%] Built target tf_generate_messages_py
[35m[1mScanning dependencies of target sensor_msgs_generate_messages_eus[0m
[35m[1mScanning dependencies of target std_msgs_generate_messages_cpp[0m
[  0%] Built target tf2_msgs_generate_messages_py
[  0%] Built target actionlib_msgs_generate_messages_eus
[35m[1mScanning dependencies of target actionlib_generate_messages_py[0m
[  0%] Built target sensor_msgs_generate_messages_eus
[35m[1mScanning dependencies of target actionlib_msgs_generate_messages_cpp[0m
[35m[1mScanning dependencies of target combi_darknet_openface2_generate_messages_nodejs[0m
[  0%] Built target actionlib_generate_messages_py
[35m[1mScanning dependencies of target combi_darknet_openface2_generate_messages_eus[0m
[35m[1mScanning dependencies of target combi_darknet_openface2_generate_messages_py[0m
[  0%] Built target std_msgs_generate_messages_cpp
[35m[1mScanning dependencies of target actionlib_generate_messages_nodejs[0m
[  0%] Built target actionlib_msgs_generate_messages_nodejs
[  0%] Built target actionlib_msgs_generate_messages_cpp
[  5%] [34m[1mGenerating Javascript code from combi_darknet_openface2/Face.msg[0m
[35m[1mScanning dependencies of target combi_darknet_openface2_generate_messages_lisp[0m
[  5%] Built target actionlib_generate_messages_nodejs
[ 10%] [34m[1mGenerating EusLisp code from combi_darknet_openface2/Face.msg[0m
[ 15%] [34m[1mGenerating EusLisp code from combi_darknet_openface2/Faces.msg[0m
[ 21%] [34m[1mGenerating Javascript code from combi_darknet_openface2/ActionUnit.msg[0m
[35m[1mScanning dependencies of target combi_darknet_openface2_generate_messages_cpp[0m
[ 26%] [34m[1mGenerating Javascript code from combi_darknet_openface2/Faces.msg[0m
[ 31%] [34m[1mGenerating Python from MSG combi_darknet_openface2/Face[0m
[ 36%] [34m[1mGenerating Lisp code from combi_darknet_openface2/Face.msg[0m
[ 42%] [34m[1mGenerating C++ code from combi_darknet_openface2/Face.msg[0m
[ 47%] [34m[1mGenerating C++ code from combi_darknet_openface2/Faces.msg[0m
[ 52%] [34m[1mGenerating C++ code from combi_darknet_openface2/ActionUnit.msg[0m
[ 57%] [34m[1mGenerating EusLisp code from combi_darknet_openface2/ActionUnit.msg[0m
[ 63%] [34m[1mGenerating Lisp code from combi_darknet_openface2/Faces.msg[0m
[ 63%] Built target combi_darknet_openface2_generate_messages_nodejs
[ 68%] [34m[1mGenerating EusLisp manifest code for combi_darknet_openface2[0m
[ 73%] [34m[1mGenerating Python from MSG combi_darknet_openface2/Faces[0m
[ 78%] [34m[1mGenerating Lisp code from combi_darknet_openface2/ActionUnit.msg[0m
[ 84%] [34m[1mGenerating Python from MSG combi_darknet_openface2/ActionUnit[0m
[ 84%] Built target combi_darknet_openface2_generate_messages_lisp
[ 89%] [34m[1mGenerating Python msg __init__.py for combi_darknet_openface2[0m
[ 89%] Built target combi_darknet_openface2_generate_messages_cpp
[ 89%] Built target combi_darknet_openface2_generate_messages_py
[ 89%] Built target combi_darknet_openface2_generate_messages_eus
[35m[1mScanning dependencies of target combi_darknet_openface2_generate_messages[0m
[35m[1mScanning dependencies of target combi_darknet_openface_node2[0m
[ 89%] Built target combi_darknet_openface2_generate_messages
[ 94%] [32mBuilding CXX object CMakeFiles/combi_darknet_openface_node2.dir/src/combi_darknet_openface_node2.cpp.o[0m
[01m[K/root/catkin_ws/src/combi_darknet_openface2/src/combi_darknet_openface_node2.cpp:32:47:[m[K [01;31m[Kfatal error: [m[Kcombi_darknet_openface/ActionUnit.h: No such file or directory
compilation terminated.
CMakeFiles/combi_darknet_openface_node2.dir/build.make:62: recipe for target 'CMakeFiles/combi_darknet_openface_node2.dir/src/combi_darknet_openface_node2.cpp.o' failed
make[2]: *** [CMakeFiles/combi_darknet_openface_node2.dir/src/combi_darknet_openface_node2.cpp.o] Error 1
CMakeFiles/Makefile2:154: recipe for target 'CMakeFiles/combi_darknet_openface_node2.dir/all' failed
make[1]: *** [CMakeFiles/combi_darknet_openface_node2.dir/all] Error 2
Makefile:138: recipe for target 'all' failed
make: *** [all] Error 2
