[  0%] Built target geometry_msgs_generate_messages_nodejs
[  0%] Built target actionlib_msgs_generate_messages_lisp
[  0%] Built target geometry_msgs_generate_messages_py
[  0%] Built target std_msgs_generate_messages_eus
[  0%] Built target std_msgs_generate_messages_nodejs
[  0%] Built target std_msgs_generate_messages_py
[  0%] Built target darknet_ros_msgs_generate_messages_lisp
[  0%] Built target geometry_msgs_generate_messages_eus
[  0%] Built target darknet_ros_msgs_generate_messages_nodejs
[  0%] Built target _combi_darknet_openface2_generate_messages_check_deps_Faces
[  0%] Built target _combi_darknet_openface2_generate_messages_check_deps_Face
[  0%] Built target darknet_ros_msgs_generate_messages_py
[  0%] Built target geometry_msgs_generate_messages_lisp
[  0%] Built target darknet_ros_msgs_generate_messages_cpp
[  0%] Built target tf2_msgs_generate_messages_nodejs
[  0%] Built target _combi_darknet_openface2_generate_messages_check_deps_ActionUnit
[  0%] Built target std_msgs_generate_messages_lisp
[  0%] Built target tf2_msgs_generate_messages_eus
[  0%] Built target tf2_msgs_generate_messages_lisp
[  0%] Built target actionlib_msgs_generate_messages_py
[  0%] Built target darknet_ros_msgs_generate_messages_eus
[  0%] Built target rosgraph_msgs_generate_messages_cpp
[  0%] Built target tf2_msgs_generate_messages_cpp
[  0%] Built target geometry_msgs_generate_messages_cpp
[  0%] Built target roscpp_generate_messages_lisp
[  0%] Built target roscpp_generate_messages_cpp
[  0%] Built target sensor_msgs_generate_messages_nodejs
[  0%] Built target roscpp_generate_messages_nodejs
[  0%] Built target rosgraph_msgs_generate_messages_lisp
[  0%] Built target sensor_msgs_generate_messages_cpp
[  0%] Built target sensor_msgs_generate_messages_lisp
[  0%] Built target _catkin_empty_exported_target
[  0%] Built target tf_generate_messages_cpp
[  0%] Built target tf_generate_messages_eus
[  0%] Built target roscpp_generate_messages_eus
[  0%] Built target rosgraph_msgs_generate_messages_eus
[  0%] Built target tf_generate_messages_lisp
[  0%] Built target actionlib_generate_messages_eus
[  0%] Built target rosgraph_msgs_generate_messages_py
[  0%] Built target tf_generate_messages_nodejs
[  0%] Built target roscpp_generate_messages_py
[  0%] Built target rosgraph_msgs_generate_messages_nodejs
[  0%] Built target tf_generate_messages_py
[  0%] Built target actionlib_generate_messages_cpp
[  0%] Built target sensor_msgs_generate_messages_py
[  0%] Built target actionlib_generate_messages_lisp
[  0%] Built target tf2_msgs_generate_messages_py
[  0%] Built target actionlib_msgs_generate_messages_nodejs
[  0%] Built target actionlib_msgs_generate_messages_eus
[  0%] Built target sensor_msgs_generate_messages_eus
[  0%] Built target std_msgs_generate_messages_cpp
[  0%] Built target actionlib_msgs_generate_messages_cpp
[  0%] Built target actionlib_generate_messages_nodejs
[ 15%] Built target combi_darknet_openface2_generate_messages_nodejs
[ 36%] Built target combi_darknet_openface2_generate_messages_py
[ 52%] Built target combi_darknet_openface2_generate_messages_lisp
[ 68%] Built target combi_darknet_openface2_generate_messages_cpp
[ 68%] Built target actionlib_generate_messages_py
[ 89%] Built target combi_darknet_openface2_generate_messages_eus
[35m[1mScanning dependencies of target combi_darknet_openface_node2[0m
[ 89%] Built target combi_darknet_openface2_generate_messages
[ 94%] [32mBuilding CXX object CMakeFiles/combi_darknet_openface_node2.dir/src/combi_darknet_openface_node2.cpp.o[0m
[01m[K/root/catkin_ws/src/combi_darknet_openface2/src/combi_darknet_openface_node2.cpp:119:44:[m[K [01;31m[Kerror: [m[K'[01m[Kcombi_darknet_openface[m[K' does not name a type
     void msgCallback_FaceRecognition(const combi_darknet_openface::Faces::ConstPtr& msg );
[01;32m[K                                            ^[m[K
[01m[K/root/catkin_ws/src/combi_darknet_openface2/src/combi_darknet_openface_node2.cpp:119:73:[m[K [01;31m[Kerror: [m[Kexpected unqualified-id before '[01m[K::[m[K' token
     void msgCallback_FaceRecognition(const combi_darknet_openface::Faces::ConstPtr& msg );
[01;32m[K                                                                         ^[m[K
[01m[K/root/catkin_ws/src/combi_darknet_openface2/src/combi_darknet_openface_node2.cpp:119:73:[m[K [01;31m[Kerror: [m[Kexpected '[01m[K)[m[K' before '[01m[K::[m[K' token
[01m[K/root/catkin_ws/src/combi_darknet_openface2/src/combi_darknet_openface_node2.cpp:119:68:[m[K [01;31m[Kerror: [m[Kexpected '[01m[K;[m[K' at end of member declaration
     void msgCallback_FaceRecognition(const combi_darknet_openface::Faces::ConstPtr& msg );
[01;32m[K                                                                    ^[m[K
[01m[K/root/catkin_ws/src/combi_darknet_openface2/src/combi_darknet_openface_node2.cpp:119:75:[m[K [01;31m[Kerror: [m[K'[01m[KConstPtr[m[K' in namespace '[01m[K::[m[K' does not name a type
     void msgCallback_FaceRecognition(const combi_darknet_openface::Faces::ConstPtr& msg );
[01;32m[K                                                                           ^[m[K
[01m[K/root/catkin_ws/src/combi_darknet_openface2/src/combi_darknet_openface_node2.cpp:271:63:[m[K [01;31m[Kerror: [m[K'[01m[Kcombi_darknet_openface[m[K' does not name a type
 void CombiDarknetOpenface::msgCallback_FaceRecognition(const  combi_darknet_openface::Faces::ConstPtr& msg )
[01;32m[K                                                               ^[m[K
[01m[K/root/catkin_ws/src/combi_darknet_openface2/src/combi_darknet_openface_node2.cpp:271:92:[m[K [01;31m[Kerror: [m[Kexpected unqualified-id before '[01m[K::[m[K' token
 void CombiDarknetOpenface::msgCallback_FaceRecognition(const  combi_darknet_openface::Faces::ConstPtr& msg )
[01;32m[K                                                                                            ^[m[K
[01m[K/root/catkin_ws/src/combi_darknet_openface2/src/combi_darknet_openface_node2.cpp:271:92:[m[K [01;31m[Kerror: [m[Kexpected '[01m[K)[m[K' before '[01m[K::[m[K' token
[01m[K/root/catkin_ws/src/combi_darknet_openface2/src/combi_darknet_openface_node2.cpp:271:92:[m[K [01;31m[Kerror: [m[Kexpected initializer before '[01m[K::[m[K' token
CMakeFiles/combi_darknet_openface_node2.dir/build.make:62: recipe for target 'CMakeFiles/combi_darknet_openface_node2.dir/src/combi_darknet_openface_node2.cpp.o' failed
make[2]: *** [CMakeFiles/combi_darknet_openface_node2.dir/src/combi_darknet_openface_node2.cpp.o] Error 1
CMakeFiles/Makefile2:154: recipe for target 'CMakeFiles/combi_darknet_openface_node2.dir/all' failed
make[1]: *** [CMakeFiles/combi_darknet_openface_node2.dir/all] Error 2
Makefile:138: recipe for target 'all' failed
make: *** [all] Error 2
