[01m[K/root/catkin_ws/src/combi_darknet_openface2/src/combi_darknet_openface_node2.cpp:[m[K In member function '[01m[Kvoid CombiDarknetOpenface::msgCallback_FaceRecognition(const ConstPtr&)[m[K':
[01m[K/root/catkin_ws/src/combi_darknet_openface2/src/combi_darknet_openface_node2.cpp:297:21:[m[K [01;31m[Kerror: [m[K'[01m[Kcombi_darknet_openface[m[K' was not declared in this scope
     for(std::vector<combi_darknet_openface::Face>::iterator itr = detectedfaces.begin(); itr != detectedfaces.end() ; ++itr)
[01;32m[K                     ^[m[K
[01m[K/root/catkin_ws/src/combi_darknet_openface2/src/combi_darknet_openface_node2.cpp:297:49:[m[K [01;31m[Kerror: [m[Ktemplate argument 1 is invalid
     for(std::vector<combi_darknet_openface::Face>::iterator itr = detectedfaces.begin(); itr != detectedfaces.end() ; ++itr)
[01;32m[K                                                 ^[m[K
[01m[K/root/catkin_ws/src/combi_darknet_openface2/src/combi_darknet_openface_node2.cpp:297:49:[m[K [01;31m[Kerror: [m[Ktemplate argument 2 is invalid
[01m[K/root/catkin_ws/src/combi_darknet_openface2/src/combi_darknet_openface_node2.cpp:297:61:[m[K [01;31m[Kerror: [m[Kqualified-id in declaration before '[01m[Kitr[m[K'
     for(std::vector<combi_darknet_openface::Face>::iterator itr = detectedfaces.begin(); itr != detectedfaces.end() ; ++itr)
[01;32m[K                                                             ^[m[K
[01m[K/root/catkin_ws/src/combi_darknet_openface2/src/combi_darknet_openface_node2.cpp:297:61:[m[K [01;31m[Kerror: [m[Kexpected '[01m[K;[m[K' before '[01m[Kitr[m[K'
[01m[K/root/catkin_ws/src/combi_darknet_openface2/src/combi_darknet_openface_node2.cpp:297:61:[m[K [01;31m[Kerror: [m[K'[01m[Kitr[m[K' was not declared in this scope
[01m[K/root/catkin_ws/src/combi_darknet_openface2/src/combi_darknet_openface_node2.cpp:297:117:[m[K [01;31m[Kerror: [m[Kexpected '[01m[K)[m[K' before '[01m[K;[m[K' token
     for(std::vector<combi_darknet_openface::Face>::iterator itr = detectedfaces.begin(); itr != detectedfaces.end() ; ++itr)
[01;32m[K                                                                                                                     ^[m[K
[01m[K/root/catkin_ws/src/combi_darknet_openface2/src/combi_darknet_openface_node2.cpp:297:121:[m[K [01;31m[Kerror: [m[K'[01m[Kitr[m[K' was not declared in this scope
     for(std::vector<combi_darknet_openface::Face>::iterator itr = detectedfaces.begin(); itr != detectedfaces.end() ; ++itr)
[01;32m[K                                                                                                                         ^[m[K
make[2]: *** [CMakeFiles/combi_darknet_openface_node2.dir/src/combi_darknet_openface_node2.cpp.o] Error 1
make[1]: *** [CMakeFiles/combi_darknet_openface_node2.dir/all] Error 2
make: *** [all] Error 2
