Symlinking /root/catkin_ws/devel/lib/python2.7/dist-packages/combi_darknet_openface2/__init__.py
Symlinking /root/catkin_ws/devel/lib/python2.7/dist-packages/combi_darknet_openface2/msg/_Faces.py
Symlinking /root/catkin_ws/devel/lib/python2.7/dist-packages/combi_darknet_openface2/msg/_ActionUnit.py
Symlinking /root/catkin_ws/devel/lib/python2.7/dist-packages/combi_darknet_openface2/msg/__init__.py
Symlinking /root/catkin_ws/devel/lib/python2.7/dist-packages/combi_darknet_openface2/msg/_Face.py
Symlinking /root/catkin_ws/devel/lib/combi_darknet_openface2/combi_darknet_openface_node2
Symlinking /root/catkin_ws/devel/share/common-lisp/ros/combi_darknet_openface2/msg/Faces.lisp
Symlinking /root/catkin_ws/devel/share/common-lisp/ros/combi_darknet_openface2/msg/_package_ActionUnit.lisp
Symlinking /root/catkin_ws/devel/share/common-lisp/ros/combi_darknet_openface2/msg/Face.lisp
Symlinking /root/catkin_ws/devel/share/common-lisp/ros/combi_darknet_openface2/msg/_package_Faces.lisp
Symlinking /root/catkin_ws/devel/share/common-lisp/ros/combi_darknet_openface2/msg/_package_Face.lisp
Symlinking /root/catkin_ws/devel/share/common-lisp/ros/combi_darknet_openface2/msg/combi_darknet_openface2-msg.asd
Symlinking /root/catkin_ws/devel/share/common-lisp/ros/combi_darknet_openface2/msg/_package.lisp
Symlinking /root/catkin_ws/devel/share/common-lisp/ros/combi_darknet_openface2/msg/ActionUnit.lisp
Symlinking /root/catkin_ws/devel/share/combi_darknet_openface2/cmake/combi_darknet_openface2-msg-paths.cmake
Symlinking /root/catkin_ws/devel/share/gennodejs/ros/combi_darknet_openface2/_index.js
Symlinking /root/catkin_ws/devel/share/gennodejs/ros/combi_darknet_openface2/msg/Faces.js
Symlinking /root/catkin_ws/devel/share/gennodejs/ros/combi_darknet_openface2/msg/Face.js
Symlinking /root/catkin_ws/devel/share/gennodejs/ros/combi_darknet_openface2/msg/ActionUnit.js
Symlinking /root/catkin_ws/devel/share/gennodejs/ros/combi_darknet_openface2/msg/_index.js
Symlinking /root/catkin_ws/devel/share/roseus/ros/combi_darknet_openface2/manifest.l
Symlinking /root/catkin_ws/devel/share/roseus/ros/combi_darknet_openface2/msg/ActionUnit.l
Symlinking /root/catkin_ws/devel/share/roseus/ros/combi_darknet_openface2/msg/Faces.l
Symlinking /root/catkin_ws/devel/share/roseus/ros/combi_darknet_openface2/msg/Face.l
Symlinking /root/catkin_ws/devel/include/combi_darknet_openface2/ActionUnit.h
Symlinking /root/catkin_ws/devel/include/combi_darknet_openface2/Faces.h
Symlinking /root/catkin_ws/devel/include/combi_darknet_openface2/Face.h
