Linked: (/root/catkin_ws/devel/.private/combi_darknet_openface2/lib/python2.7/dist-packages/combi_darknet_openface2/__init__.py, /root/catkin_ws/devel/lib/python2.7/dist-packages/combi_darknet_openface2/__init__.py)
Linked: (/root/catkin_ws/devel/.private/combi_darknet_openface2/lib/python2.7/dist-packages/combi_darknet_openface2/msg/_Faces.py, /root/catkin_ws/devel/lib/python2.7/dist-packages/combi_darknet_openface2/msg/_Faces.py)
Linked: (/root/catkin_ws/devel/.private/combi_darknet_openface2/lib/python2.7/dist-packages/combi_darknet_openface2/msg/_ActionUnit.py, /root/catkin_ws/devel/lib/python2.7/dist-packages/combi_darknet_openface2/msg/_ActionUnit.py)
Linked: (/root/catkin_ws/devel/.private/combi_darknet_openface2/lib/python2.7/dist-packages/combi_darknet_openface2/msg/__init__.py, /root/catkin_ws/devel/lib/python2.7/dist-packages/combi_darknet_openface2/msg/__init__.py)
Linked: (/root/catkin_ws/devel/.private/combi_darknet_openface2/lib/python2.7/dist-packages/combi_darknet_openface2/msg/_Face.py, /root/catkin_ws/devel/lib/python2.7/dist-packages/combi_darknet_openface2/msg/_Face.py)
Linked: (/root/catkin_ws/devel/.private/combi_darknet_openface2/lib/combi_darknet_openface2/combi_darknet_openface_node2, /root/catkin_ws/devel/lib/combi_darknet_openface2/combi_darknet_openface_node2)
Linked: (/root/catkin_ws/devel/.private/combi_darknet_openface2/share/common-lisp/ros/combi_darknet_openface2/msg/Faces.lisp, /root/catkin_ws/devel/share/common-lisp/ros/combi_darknet_openface2/msg/Faces.lisp)
Linked: (/root/catkin_ws/devel/.private/combi_darknet_openface2/share/common-lisp/ros/combi_darknet_openface2/msg/_package_ActionUnit.lisp, /root/catkin_ws/devel/share/common-lisp/ros/combi_darknet_openface2/msg/_package_ActionUnit.lisp)
Linked: (/root/catkin_ws/devel/.private/combi_darknet_openface2/share/common-lisp/ros/combi_darknet_openface2/msg/Face.lisp, /root/catkin_ws/devel/share/common-lisp/ros/combi_darknet_openface2/msg/Face.lisp)
Linked: (/root/catkin_ws/devel/.private/combi_darknet_openface2/share/common-lisp/ros/combi_darknet_openface2/msg/_package_Faces.lisp, /root/catkin_ws/devel/share/common-lisp/ros/combi_darknet_openface2/msg/_package_Faces.lisp)
Linked: (/root/catkin_ws/devel/.private/combi_darknet_openface2/share/common-lisp/ros/combi_darknet_openface2/msg/_package_Face.lisp, /root/catkin_ws/devel/share/common-lisp/ros/combi_darknet_openface2/msg/_package_Face.lisp)
Linked: (/root/catkin_ws/devel/.private/combi_darknet_openface2/share/common-lisp/ros/combi_darknet_openface2/msg/combi_darknet_openface2-msg.asd, /root/catkin_ws/devel/share/common-lisp/ros/combi_darknet_openface2/msg/combi_darknet_openface2-msg.asd)
Linked: (/root/catkin_ws/devel/.private/combi_darknet_openface2/share/common-lisp/ros/combi_darknet_openface2/msg/_package.lisp, /root/catkin_ws/devel/share/common-lisp/ros/combi_darknet_openface2/msg/_package.lisp)
Linked: (/root/catkin_ws/devel/.private/combi_darknet_openface2/share/common-lisp/ros/combi_darknet_openface2/msg/ActionUnit.lisp, /root/catkin_ws/devel/share/common-lisp/ros/combi_darknet_openface2/msg/ActionUnit.lisp)
Linked: (/root/catkin_ws/devel/.private/combi_darknet_openface2/share/combi_darknet_openface2/cmake/combi_darknet_openface2-msg-paths.cmake, /root/catkin_ws/devel/share/combi_darknet_openface2/cmake/combi_darknet_openface2-msg-paths.cmake)
Linked: (/root/catkin_ws/devel/.private/combi_darknet_openface2/share/gennodejs/ros/combi_darknet_openface2/_index.js, /root/catkin_ws/devel/share/gennodejs/ros/combi_darknet_openface2/_index.js)
Linked: (/root/catkin_ws/devel/.private/combi_darknet_openface2/share/gennodejs/ros/combi_darknet_openface2/msg/Faces.js, /root/catkin_ws/devel/share/gennodejs/ros/combi_darknet_openface2/msg/Faces.js)
Linked: (/root/catkin_ws/devel/.private/combi_darknet_openface2/share/gennodejs/ros/combi_darknet_openface2/msg/Face.js, /root/catkin_ws/devel/share/gennodejs/ros/combi_darknet_openface2/msg/Face.js)
Linked: (/root/catkin_ws/devel/.private/combi_darknet_openface2/share/gennodejs/ros/combi_darknet_openface2/msg/ActionUnit.js, /root/catkin_ws/devel/share/gennodejs/ros/combi_darknet_openface2/msg/ActionUnit.js)
Linked: (/root/catkin_ws/devel/.private/combi_darknet_openface2/share/gennodejs/ros/combi_darknet_openface2/msg/_index.js, /root/catkin_ws/devel/share/gennodejs/ros/combi_darknet_openface2/msg/_index.js)
Linked: (/root/catkin_ws/devel/.private/combi_darknet_openface2/share/roseus/ros/combi_darknet_openface2/manifest.l, /root/catkin_ws/devel/share/roseus/ros/combi_darknet_openface2/manifest.l)
Linked: (/root/catkin_ws/devel/.private/combi_darknet_openface2/share/roseus/ros/combi_darknet_openface2/msg/ActionUnit.l, /root/catkin_ws/devel/share/roseus/ros/combi_darknet_openface2/msg/ActionUnit.l)
Linked: (/root/catkin_ws/devel/.private/combi_darknet_openface2/share/roseus/ros/combi_darknet_openface2/msg/Faces.l, /root/catkin_ws/devel/share/roseus/ros/combi_darknet_openface2/msg/Faces.l)
Linked: (/root/catkin_ws/devel/.private/combi_darknet_openface2/share/roseus/ros/combi_darknet_openface2/msg/Face.l, /root/catkin_ws/devel/share/roseus/ros/combi_darknet_openface2/msg/Face.l)
Linked: (/root/catkin_ws/devel/.private/combi_darknet_openface2/include/combi_darknet_openface2/ActionUnit.h, /root/catkin_ws/devel/include/combi_darknet_openface2/ActionUnit.h)
Linked: (/root/catkin_ws/devel/.private/combi_darknet_openface2/include/combi_darknet_openface2/Faces.h, /root/catkin_ws/devel/include/combi_darknet_openface2/Faces.h)
Linked: (/root/catkin_ws/devel/.private/combi_darknet_openface2/include/combi_darknet_openface2/Face.h, /root/catkin_ws/devel/include/combi_darknet_openface2/Face.h)
