[  0%] Built target std_msgs_generate_messages_py
[  0%] Built target geometry_msgs_generate_messages_nodejs
[  0%] Built target geometry_msgs_generate_messages_py
[  0%] Built target actionlib_msgs_generate_messages_lisp
[  0%] Built target std_msgs_generate_messages_nodejs
[  0%] Built target std_msgs_generate_messages_eus
[  0%] Built target geometry_msgs_generate_messages_eus
[  0%] Built target darknet_ros_msgs_generate_messages_nodejs
[  0%] Built target _combi_darknet_openface2_generate_messages_check_deps_ActionUnit
[  0%] Built target darknet_ros_msgs_generate_messages_py
[  0%] Built target geometry_msgs_generate_messages_lisp
[  0%] Built target darknet_ros_msgs_generate_messages_cpp
[  0%] Built target darknet_ros_msgs_generate_messages_lisp
[  0%] Built target std_msgs_generate_messages_lisp
[  0%] Built target tf2_msgs_generate_messages_nodejs
[  0%] Built target _combi_darknet_openface2_generate_messages_check_deps_Face
[  0%] Built target _combi_darknet_openface2_generate_messages_check_deps_Faces
[  0%] Built target tf2_msgs_generate_messages_lisp
[  0%] Built target tf2_msgs_generate_messages_cpp
[  0%] Built target actionlib_msgs_generate_messages_py
[  0%] Built target roscpp_generate_messages_cpp
[  0%] Built target darknet_ros_msgs_generate_messages_eus
[  0%] Built target rosgraph_msgs_generate_messages_cpp
[  0%] Built target tf2_msgs_generate_messages_eus
[  0%] Built target roscpp_generate_messages_lisp
[  0%] Built target geometry_msgs_generate_messages_cpp
[  0%] Built target sensor_msgs_generate_messages_cpp
[  0%] Built target _catkin_empty_exported_target
[  0%] Built target tf_generate_messages_eus
[  0%] Built target roscpp_generate_messages_nodejs
[  0%] Built target rosgraph_msgs_generate_messages_lisp
[  0%] Built target sensor_msgs_generate_messages_nodejs
[  0%] Built target sensor_msgs_generate_messages_lisp
[  0%] Built target roscpp_generate_messages_eus
[  0%] Built target roscpp_generate_messages_py
[  0%] Built target actionlib_generate_messages_eus
[  0%] Built target tf_generate_messages_cpp
[  0%] Built target tf_generate_messages_lisp
[  0%] Built target rosgraph_msgs_generate_messages_nodejs
[  0%] Built target rosgraph_msgs_generate_messages_py
[  0%] Built target rosgraph_msgs_generate_messages_eus
[  0%] Built target tf_generate_messages_nodejs
[  0%] Built target tf_generate_messages_py
[  0%] Built target tf2_msgs_generate_messages_py
[  0%] Built target actionlib_generate_messages_lisp
[  0%] Built target sensor_msgs_generate_messages_py
[  0%] Built target actionlib_msgs_generate_messages_nodejs
[  0%] Built target actionlib_generate_messages_cpp
[  0%] Built target actionlib_msgs_generate_messages_eus
[  0%] Built target std_msgs_generate_messages_cpp
[  0%] Built target sensor_msgs_generate_messages_eus
[  0%] Built target actionlib_msgs_generate_messages_cpp
[  0%] Built target actionlib_generate_messages_py
[ 15%] Built target combi_darknet_openface2_generate_messages_lisp
[ 36%] Built target combi_darknet_openface2_generate_messages_py
[ 36%] Built target actionlib_generate_messages_nodejs
[ 57%] Built target combi_darknet_openface2_generate_messages_eus
[ 73%] Built target combi_darknet_openface2_generate_messages_nodejs
[ 89%] Built target combi_darknet_openface2_generate_messages_cpp
[ 89%] Built target combi_darknet_openface2_generate_messages
[35m[1mScanning dependencies of target combi_darknet_openface_node2[0m
[ 94%] [32mBuilding CXX object CMakeFiles/combi_darknet_openface_node2.dir/src/combi_darknet_openface_node2.cpp.o[0m
[01m[K/root/catkin_ws/src/combi_darknet_openface2/src/combi_darknet_openface_node2.cpp:[m[K In member function '[01m[Kvoid CombiDarknetOpenface::msgCallback_FaceRecognition(const ConstPtr&)[m[K':
[01m[K/root/catkin_ws/src/combi_darknet_openface2/src/combi_darknet_openface_node2.cpp:297:21:[m[K [01;31m[Kerror: [m[K'[01m[Kcombi_darknet_openface[m[K' was not declared in this scope
     for(std::vector<combi_darknet_openface::Face>::iterator itr = detectedfaces.begin(); itr != detectedfaces.end() ; ++itr)
[01;32m[K                     ^[m[K
[01m[K/root/catkin_ws/src/combi_darknet_openface2/src/combi_darknet_openface_node2.cpp:297:49:[m[K [01;31m[Kerror: [m[Ktemplate argument 1 is invalid
     for(std::vector<combi_darknet_openface::Face>::iterator itr = detectedfaces.begin(); itr != detectedfaces.end() ; ++itr)
[01;32m[K                                                 ^[m[K
[01m[K/root/catkin_ws/src/combi_darknet_openface2/src/combi_darknet_openface_node2.cpp:297:49:[m[K [01;31m[Kerror: [m[Ktemplate argument 2 is invalid
[01m[K/root/catkin_ws/src/combi_darknet_openface2/src/combi_darknet_openface_node2.cpp:297:61:[m[K [01;31m[Kerror: [m[Kqualified-id in declaration before '[01m[Kitr[m[K'
     for(std::vector<combi_darknet_openface::Face>::iterator itr = detectedfaces.begin(); itr != detectedfaces.end() ; ++itr)
[01;32m[K                                                             ^[m[K
[01m[K/root/catkin_ws/src/combi_darknet_openface2/src/combi_darknet_openface_node2.cpp:297:61:[m[K [01;31m[Kerror: [m[Kexpected '[01m[K;[m[K' before '[01m[Kitr[m[K'
[01m[K/root/catkin_ws/src/combi_darknet_openface2/src/combi_darknet_openface_node2.cpp:297:61:[m[K [01;31m[Kerror: [m[K'[01m[Kitr[m[K' was not declared in this scope
[01m[K/root/catkin_ws/src/combi_darknet_openface2/src/combi_darknet_openface_node2.cpp:297:117:[m[K [01;31m[Kerror: [m[Kexpected '[01m[K)[m[K' before '[01m[K;[m[K' token
     for(std::vector<combi_darknet_openface::Face>::iterator itr = detectedfaces.begin(); itr != detectedfaces.end() ; ++itr)
[01;32m[K                                                                                                                     ^[m[K
[01m[K/root/catkin_ws/src/combi_darknet_openface2/src/combi_darknet_openface_node2.cpp:297:121:[m[K [01;31m[Kerror: [m[K'[01m[Kitr[m[K' was not declared in this scope
     for(std::vector<combi_darknet_openface::Face>::iterator itr = detectedfaces.begin(); itr != detectedfaces.end() ; ++itr)
[01;32m[K                                                                                                                         ^[m[K
CMakeFiles/combi_darknet_openface_node2.dir/build.make:62: recipe for target 'CMakeFiles/combi_darknet_openface_node2.dir/src/combi_darknet_openface_node2.cpp.o' failed
CMakeFiles/Makefile2:154: recipe for target 'CMakeFiles/combi_darknet_openface_node2.dir/all' failed
make[2]: *** [CMakeFiles/combi_darknet_openface_node2.dir/src/combi_darknet_openface_node2.cpp.o] Error 1
make[1]: *** [CMakeFiles/combi_darknet_openface_node2.dir/all] Error 2
Makefile:138: recipe for target 'all' failed
make: *** [all] Error 2
