[35m[1mScanning dependencies of target amcl_pf[0m
[35m[1mScanning dependencies of target amcl_gencfg[0m
[  5%] [32mBuilding C object CMakeFiles/amcl_pf.dir/src/amcl/pf/pf.c.o[0m
[ 10%] [34m[1mGenerating dynamic reconfigure files from cfg/AMCL.cfg: /root/catkin_ws/devel/.private/amcl/include/amcl/AMCLConfig.h /root/catkin_ws/devel/.private/amcl/lib/python2.7/dist-packages/amcl/cfg/AMCLConfig.py[0m
[ 15%] [32mBuilding C object CMakeFiles/amcl_pf.dir/src/amcl/pf/pf_kdtree.c.o[0m
Generating reconfiguration files for AMCL in amcl
[ 20%] [32mBuilding C object CMakeFiles/amcl_pf.dir/src/amcl/pf/pf_pdf.c.o[0m
Wrote header file in /root/catkin_ws/devel/.private/amcl/include/amcl/AMCLConfig.h
[ 20%] Built target amcl_gencfg
[ 25%] [32mBuilding C object CMakeFiles/amcl_pf.dir/src/amcl/pf/pf_vector.c.o[0m
[ 30%] [32mBuilding C object CMakeFiles/amcl_pf.dir/src/amcl/pf/eig3.c.o[0m
[ 35%] [32mBuilding C object CMakeFiles/amcl_pf.dir/src/amcl/pf/pf_draw.c.o[0m
[ 40%] [32m[1mLinking C shared library /root/catkin_ws/devel/.private/amcl/lib/libamcl_pf.so[0m
[ 40%] Built target amcl_pf
[35m[1mScanning dependencies of target amcl_map[0m
[ 45%] [32mBuilding C object CMakeFiles/amcl_map.dir/src/amcl/map/map.c.o[0m
[ 50%] [32mBuilding CXX object CMakeFiles/amcl_map.dir/src/amcl/map/map_cspace.cpp.o[0m
[ 55%] [32mBuilding C object CMakeFiles/amcl_map.dir/src/amcl/map/map_range.c.o[0m
[ 60%] [32mBuilding C object CMakeFiles/amcl_map.dir/src/amcl/map/map_store.c.o[0m
[ 65%] [32mBuilding C object CMakeFiles/amcl_map.dir/src/amcl/map/map_draw.c.o[0m
[ 70%] [32m[1mLinking CXX shared library /root/catkin_ws/devel/.private/amcl/lib/libamcl_map.so[0m
[ 70%] Built target amcl_map
[35m[1mScanning dependencies of target amcl_sensors[0m
[ 75%] [32mBuilding CXX object CMakeFiles/amcl_sensors.dir/src/amcl/sensors/amcl_sensor.cpp.o[0m
[ 80%] [32mBuilding CXX object CMakeFiles/amcl_sensors.dir/src/amcl/sensors/amcl_odom.cpp.o[0m
[ 85%] [32mBuilding CXX object CMakeFiles/amcl_sensors.dir/src/amcl/sensors/amcl_laser.cpp.o[0m
[ 90%] [32m[1mLinking CXX shared library /root/catkin_ws/devel/.private/amcl/lib/libamcl_sensors.so[0m
[ 90%] Built target amcl_sensors
[35m[1mScanning dependencies of target amcl[0m
[ 95%] [32mBuilding CXX object CMakeFiles/amcl.dir/src/amcl_node.cpp.o[0m
[100%] [32m[1mLinking CXX executable /root/catkin_ws/devel/.private/amcl/lib/amcl/amcl[0m
[100%] Built target amcl
