Determining if the pthread_create exist failed with the following output:
Change Dir: /root/catkin_ws/build/laser_scan_splitter/CMakeFiles/CMakeTmp

Run Build Command:"/usr/bin/make" "cmTC_ab8be/fast"
/usr/bin/make -f CMakeFiles/cmTC_ab8be.dir/build.make CMakeFiles/cmTC_ab8be.dir/build
make[1]: Entering directory '/root/catkin_ws/build/laser_scan_splitter/CMakeFiles/CMakeTmp'
Building C object CMakeFiles/cmTC_ab8be.dir/CheckSymbolExists.c.o
/usr/bin/cc     -o CMakeFiles/cmTC_ab8be.dir/CheckSymbolExists.c.o   -c /root/catkin_ws/build/laser_scan_splitter/CMakeFiles/CMakeTmp/CheckSymbolExists.c
Linking C executable cmTC_ab8be
/usr/bin/cmake -E cmake_link_script CMakeFiles/cmTC_ab8be.dir/link.txt --verbose=1
/usr/bin/cc       CMakeFiles/cmTC_ab8be.dir/CheckSymbolExists.c.o  -o cmTC_ab8be -rdynamic 
CMakeFiles/cmTC_ab8be.dir/CheckSymbolExists.c.o: In function `main':
CheckSymbolExists.c:(.text+0x16): undefined reference to `pthread_create'
collect2: error: ld returned 1 exit status
CMakeFiles/cmTC_ab8be.dir/build.make:97: recipe for target 'cmTC_ab8be' failed
make[1]: *** [cmTC_ab8be] Error 1
make[1]: Leaving directory '/root/catkin_ws/build/laser_scan_splitter/CMakeFiles/CMakeTmp'
Makefile:126: recipe for target 'cmTC_ab8be/fast' failed
make: *** [cmTC_ab8be/fast] Error 2

File /root/catkin_ws/build/laser_scan_splitter/CMakeFiles/CMakeTmp/CheckSymbolExists.c:
/* */
#include <pthread.h>

int main(int argc, char** argv)
{
  (void)argv;
#ifndef pthread_create
  return ((int*)(&pthread_create))[argc];
#else
  (void)argc;
  return 0;
#endif
}

Determining if the function pthread_create exists in the pthreads failed with the following output:
Change Dir: /root/catkin_ws/build/laser_scan_splitter/CMakeFiles/CMakeTmp

Run Build Command:"/usr/bin/make" "cmTC_59873/fast"
/usr/bin/make -f CMakeFiles/cmTC_59873.dir/build.make CMakeFiles/cmTC_59873.dir/build
make[1]: Entering directory '/root/catkin_ws/build/laser_scan_splitter/CMakeFiles/CMakeTmp'
Building C object CMakeFiles/cmTC_59873.dir/CheckFunctionExists.c.o
/usr/bin/cc    -DCHECK_FUNCTION_EXISTS=pthread_create   -o CMakeFiles/cmTC_59873.dir/CheckFunctionExists.c.o   -c /usr/share/cmake-3.5/Modules/CheckFunctionExists.c
Linking C executable cmTC_59873
/usr/bin/cmake -E cmake_link_script CMakeFiles/cmTC_59873.dir/link.txt --verbose=1
/usr/bin/cc   -DCHECK_FUNCTION_EXISTS=pthread_create    CMakeFiles/cmTC_59873.dir/CheckFunctionExists.c.o  -o cmTC_59873 -rdynamic -lpthreads 
/usr/bin/ld: cannot find -lpthreads
collect2: error: ld returned 1 exit status
CMakeFiles/cmTC_59873.dir/build.make:97: recipe for target 'cmTC_59873' failed
make[1]: *** [cmTC_59873] Error 1
make[1]: Leaving directory '/root/catkin_ws/build/laser_scan_splitter/CMakeFiles/CMakeTmp'
Makefile:126: recipe for target 'cmTC_59873/fast' failed
make: *** [cmTC_59873/fast] Error 2


